#read index (1-based)
#num_of_reads: 69
1	ERR050082.35302459
2	ERR050082.35302460
3	ERR050082.35302463
4	ERR050082.35302465
5	ERR050082.35302462
6	ERR050082.35302461
7	ERR050082.35302466
8	ERR050082.35302468
9	ERR050082.35302473
10	ERR050082.35302472
11	ERR050082.35302471
12	ERR050082.35302478
13	ERR050082.35302474
14	ERR050082.35302481
15	ERR050082.35302475
16	ERR050082.35302490
17	ERR050082.35302488
18	ERR050082.35302480
19	ERR050082.35302493
20	ERR050082.35302483
21	ERR050082.35302492
22	ERR050082.35302484
23	ERR050082.35302485
24	ERR050082.35302486
25	ERR050082.35302489
26	ERR050082.35302495
27	ERR050082.35302491
28	ERR050082.35302494
29	ERR050082.35302496
30	ERR050082.35302497
31	ERR050082.35302500
32	ERR050082.35302499
33	ERR050082.35302503
34	ERR050082.35302498
35	ERR050082.35302502
36	ERR050082.35302501
37	ERR050082.35302507
38	ERR050082.35302505
39	ERR050082.35302506
40	ERR050082.35302509
41	ERR050082.35302508
42	ERR050082.35302510
43	ERR050082.35302511
44	ERR050082.35302515
45	ERR050082.35302513
46	ERR050082.35302512
47	ERR050082.35302514
48	ERR050082.35302517
49	ERR050082.35302522
50	ERR050082.35302526
51	ERR050082.35302533
52	ERR050082.35302523
53	ERR050082.35302524
54	ERR050082.35302527
55	ERR050082.35302535
56	ERR050082.35302530
57	ERR050082.35302532
58	ERR050082.35302529
59	ERR050082.35302531
60	ERR050082.35302525
61	ERR050082.35302528
62	ERR050082.35302534
63	ERR050082.35302537
64	ERR050082.35302536
65	ERR050082.35302541
66	ERR050082.35302540
67	ERR050082.35302538
68	ERR050082.35302539
69	ERR050082.35302542

#site index (1-based)
#num_of_sites: 100
1	6975892	A	G
2	6975898	C	T
3	6975941	G	A
4	6975947	A	C
5	6976003	A	C
6	6976019	G	A
7	6976101	G	A
8	6976116	C	T
9	6976345	G	A
10	6976683	G	A
11	6976691	G	A
12	6976716	G	A
13	6976736	C	G
14	6976851	T	C
15	6977184	T	A
16	6977224	C	T
17	6977335	C	T
18	6977362	G	A
19	6977385	T	G
20	6977519	A	G
21	6977543	T	G
22	6977757	G	T
23	6977764	G	C
24	6977778	G	A
25	6977978	A	G
26	6978019	G	T
27	6978027	G	A
28	6978034	C	T
29	6978035	G	A
30	6978066	T	G
31	6978097	T	C
32	6978175	T	C
33	6978188	T	G
34	6978219	G	A
35	6978331	A	G
36	6978478	G	A
37	6978624	C	T
38	6978698	G	A
39	6978797	G	A
40	6978801	C	G
41	6978829	C	T
42	6979023	G	A
43	6979053	A	T
44	6979129	A	G
45	6979154	G	A
46	6979170	C	T
47	6979190	C	T
48	6979191	G	A
49	6979281	C	G
50	6979322	C	T
51	6979375	A	G
52	6979432	G	A
53	6979505	A	G
54	6979575	T	C
55	6979714	C	T
56	6979717	G	A
57	6979750	C	T
58	6979769	C	A
59	6979774	A	G
60	6979836	G	T
61	6979932	G	A
62	6979958	A	T
63	6980132	G	A
64	6980154	G	T
65	6980235	T	C
66	6980236	G	A
67	6980254	G	A
68	6980569	A	G
69	6980586	T	C
70	6980591	C	T
71	6980636	G	T
72	6980693	G	A
73	6980841	G	A
74	6980874	G	T
75	6980938	G	T
76	6980997	C	T
77	6981000	C	T
78	6981020	G	C
79	6981061	A	G
80	6981107	A	T
81	6981146	A	G
82	6981159	G	C
83	6981231	A	G
84	6981283	T	C
85	6981286	C	T
86	6981428	C	T
87	6981432	T	C
88	6981439	T	A
89	6981449	T	C
90	6981483	T	A
91	6981525	G	C
92	6981530	T	G
93	6981546	C	T
94	6981614	A	C
95	6981622	C	T
96	6981736	T	C
97	6981767	C	T
98	6981772	A	G
99	6981780	T	C
100	6981782	G	A

