#read index (1-based)
#num_of_reads: 314
1	SRR035023.2415982
2	SRR035024.12884233
3	SRR035026.4866350
4	SRR035023.10063959
5	SRR035023.3294621
6	SRR035027.19670209
7	SRR035027.4793670
8	SRR035025.907061
9	SRR035669.5295831
10	SRR035024.22039747
11	SRR035026.7156149
12	SRR035024.2169187
13	SRR035027.17258407
14	SRR035022.21871326
15	SRR035025.20423710
16	SRR035025.21467486
17	SRR035026.11016814
18	SRR035669.10813365
19	SRR035024.9510743
20	SRR035025.1323207
21	SRR035025.4642121
22	SRR035024.6099112
23	SRR035022.22676571
24	SRR035022.704833
25	SRR035023.5001212
26	SRR035024.24659053
27	SRR035022.24766642
28	SRR035022.3278911
29	SRR035027.11940833
30	SRR035669.9541951
31	SRR035026.24056814
32	SRR035027.16663627
33	SRR035669.12663111
34	SRR035027.27642730
35	SRR035027.15139976
36	SRR035022.1918627
37	SRR035027.26042539
38	SRR035027.3166059
39	SRR035027.23012190
40	SRR035026.6661753
41	SRR035025.6137945
42	SRR035026.26867305
43	SRR035669.16097654
44	SRR035025.16311052
45	SRR035027.26217616
46	SRR035022.10021710
47	SRR035022.9789286
48	SRR035022.22287985
49	SRR035025.3943692
50	SRR035025.1047467
51	SRR035025.10279826
52	SRR035027.23622679
53	SRR035023.23612130
54	SRR035669.15671954
55	SRR035023.10771359
56	SRR035027.7743190
57	SRR035023.6766368
58	SRR035027.3085730
59	SRR035024.17035931
60	SRR035027.554629
61	SRR035027.13557087
62	SRR035023.1621064
63	SRR035669.11084893
64	SRR035026.24515627
65	SRR035023.8075613
66	SRR035027.6921935
67	SRR035027.8797835
68	SRR035669.1560128
69	SRR035022.18824015
70	SRR035026.7364401
71	SRR035024.14706091
72	SRR035022.1052928
73	SRR035024.22124447
74	SRR035026.5718756
75	SRR035026.25804287
76	SRR035669.4537003
77	SRR035027.19254136
78	SRR035026.25467170
79	SRR035026.10318657
80	SRR035025.25943547
81	SRR035022.21657276
82	SRR035022.22955266
83	SRR035027.24587881
84	SRR035025.8523111
85	SRR035027.16585617
86	SRR035022.6355733
87	SRR035025.15252803
88	SRR035025.1619342
89	SRR035024.26358827
90	SRR035023.13237501
91	SRR035022.18747923
92	SRR035669.17255925
93	SRR035027.13769560
94	SRR035027.480497
95	SRR035022.22286523
96	SRR035024.26484763
97	SRR035027.24315271
98	SRR035026.15621179
99	SRR035025.17161742
100	SRR035024.5115059
101	SRR035025.6581268
102	SRR035023.22047357
103	SRR035023.7416591
104	SRR035022.8753516
105	SRR035022.26558938
106	SRR035025.17482607
107	SRR035669.11151129
108	SRR035024.13190181
109	SRR035024.12838418
110	SRR035027.2592630
111	SRR035025.8022204
112	SRR035024.20137803
113	SRR035026.22237455
114	SRR035022.22405774
115	SRR035023.57025
116	SRR035026.16327281
117	SRR035022.4251249
118	SRR035022.1328820
119	SRR035024.4709066
120	SRR035022.3547040
121	SRR035023.20729245
122	SRR035023.10226130
123	SRR035023.21348686
124	SRR035669.13542123
125	SRR035023.23364668
126	SRR035023.1047511
127	SRR035027.1786838
128	SRR035022.25449177
129	SRR035022.24453377
130	SRR035023.10293526
131	SRR035022.15014548
132	SRR035024.159049
133	SRR035026.18327560
134	SRR035024.10143290
135	SRR035022.766777
136	SRR035025.22548531
137	SRR035027.4209626
138	SRR035026.15217483
139	SRR035024.24603241
140	SRR035022.6324635
141	SRR035023.11743339
142	SRR035023.10917061
143	SRR035669.11253395
144	SRR035026.20344460
145	SRR035027.9727687
146	SRR035026.6901183
147	SRR035025.8825474
148	SRR035022.11235837
149	SRR035026.22154911
150	SRR035024.21996047
151	SRR035023.9683840
152	SRR035023.26298419
153	SRR035024.23870152
154	SRR035669.4489935
155	SRR035025.6297824
156	SRR035025.2867876
157	SRR035025.28331870
158	SRR035027.6721960
159	SRR035022.6464553
160	SRR035024.18937695
161	SRR035022.17388886
162	SRR035022.10104943
163	SRR035022.20990091
164	SRR035027.20907370
165	SRR035022.362405
166	SRR035022.26241243
167	SRR035022.18835171
168	SRR035026.12626619
169	SRR035024.10490441
170	SRR035027.22350873
171	SRR035023.14461356
172	SRR035022.17166723
173	SRR035027.8621169
174	SRR035024.16659868
175	SRR035023.26785212
176	SRR035026.26925730
177	SRR035026.9608631
178	SRR035027.7755260
179	SRR035669.16919028
180	SRR035024.9753086
181	SRR035023.13272558
182	SRR035027.7318439
183	SRR035022.2029772
184	SRR035025.22534904
185	SRR035025.4861564
186	SRR035026.8725727
187	SRR035026.23363380
188	SRR035022.1885942
189	SRR035026.9589456
190	SRR035022.17389669
191	SRR035024.2599262
192	SRR035027.22713416
193	SRR035025.10388934
194	SRR035023.5627281
195	SRR035026.15887168
196	SRR035026.693068
197	SRR035026.10413092
198	SRR035025.11118119
199	SRR035025.15671740
200	SRR035023.23686818
201	SRR035023.20866841
202	SRR035027.17683047
203	SRR035025.14982141
204	SRR035669.15391424
205	SRR035026.13619383
206	SRR035024.6763452
207	SRR035669.11179892
208	SRR035026.22465368
209	SRR035027.11523740
210	SRR035026.23871095
211	SRR035024.20650295
212	SRR035023.1680035
213	SRR035022.21857419
214	SRR035669.12961070
215	SRR035022.18498091
216	SRR035026.10765850
217	SRR035022.11383297
218	SRR035023.19423707
219	SRR035027.7839888
220	SRR035023.16333328
221	SRR035027.15160383
222	SRR035669.3346319
223	SRR035027.11606467
224	SRR035027.14411640
225	SRR035025.25063585
226	SRR035022.22776421
227	SRR035024.10572852
228	SRR035025.21670211
229	SRR035027.5769865
230	SRR035669.14743161
231	SRR035024.5043614
232	SRR035026.26124982
233	SRR035024.19040586
234	SRR035027.13266409
235	SRR035023.20013992
236	SRR035022.23434841
237	SRR035669.4956152
238	SRR035024.15958050
239	SRR035022.13814320
240	SRR035022.23975594
241	SRR035026.4269630
242	SRR035669.9263772
243	SRR035023.4134684
244	SRR035027.25255638
245	SRR035024.12740892
246	SRR035026.7959719
247	SRR035027.745990
248	SRR035022.1602095
249	SRR035024.23888524
250	SRR035026.14350839
251	SRR035022.22731784
252	SRR035022.18370451
253	SRR035027.5621317
254	SRR035022.6556007
255	SRR035026.1777596
256	SRR035023.23348220
257	SRR035022.16785509
258	SRR035025.27990966
259	SRR035026.6497987
260	SRR035022.3820730
261	SRR035022.17627472
262	SRR035022.11798239
263	SRR035027.26957515
264	SRR035024.2920976
265	SRR035669.13488436
266	SRR035022.11124594
267	SRR035025.23898125
268	SRR035023.23116211
269	SRR035027.12355050
270	SRR035024.17553775
271	SRR035026.797819
272	SRR035024.7702058
273	SRR035026.1608802
274	SRR035027.19426575
275	SRR035024.9776173
276	SRR035023.11647599
277	SRR035026.3167018
278	SRR035027.19507115
279	SRR035024.2192117
280	SRR035669.3782337
281	SRR035024.22121575
282	SRR035026.16639374
283	SRR035024.25597875
284	SRR035024.9907282
285	SRR035023.13973358
286	SRR035023.2105770
287	SRR035024.17454863
288	SRR035027.9811807
289	SRR035022.23114566
290	SRR035027.17534819
291	SRR035669.13149487
292	SRR035669.7141083
293	SRR035669.6500781
294	SRR035669.510901
295	SRR035025.24930117
296	SRR035023.18047781
297	SRR035024.8969297
298	SRR035024.9815655
299	SRR035027.27078914
300	SRR035022.14859423
301	SRR035027.9317586
302	SRR035026.21948415
303	SRR035022.15851158
304	SRR035024.10260612
305	SRR035025.12182976
306	SRR035669.6378151
307	SRR035023.269881
308	SRR035026.5888913
309	SRR035669.11656448
310	SRR035669.80905
311	SRR035023.6487792
312	SRR035022.14590974
313	SRR035025.10682094
314	SRR035669.7322256

#site index (1-based)
#num_of_sites: 100
1	6975892	A	G
2	6975898	C	T
3	6975941	G	A
4	6975947	A	C
5	6976003	A	C
6	6976019	G	A
7	6976101	G	A
8	6976116	C	T
9	6976345	G	A
10	6976683	G	A
11	6976691	G	A
12	6976716	G	A
13	6976736	C	G
14	6976851	T	C
15	6977184	T	A
16	6977224	C	T
17	6977335	C	T
18	6977362	G	A
19	6977385	T	G
20	6977519	A	G
21	6977543	T	G
22	6977757	G	T
23	6977764	G	C
24	6977778	G	A
25	6977978	A	G
26	6978019	G	T
27	6978027	G	A
28	6978034	C	T
29	6978035	G	A
30	6978066	T	G
31	6978097	T	C
32	6978175	T	C
33	6978188	T	G
34	6978219	G	A
35	6978331	A	G
36	6978478	G	A
37	6978624	C	T
38	6978698	G	A
39	6978797	G	A
40	6978801	C	G
41	6978829	C	T
42	6979023	G	A
43	6979053	A	T
44	6979129	A	G
45	6979154	G	A
46	6979170	C	T
47	6979190	C	T
48	6979191	G	A
49	6979281	C	G
50	6979322	C	T
51	6979375	A	G
52	6979432	G	A
53	6979505	A	G
54	6979575	T	C
55	6979714	C	T
56	6979717	G	A
57	6979750	C	T
58	6979769	C	A
59	6979774	A	G
60	6979836	G	T
61	6979932	G	A
62	6979958	A	T
63	6980132	G	A
64	6980154	G	T
65	6980235	T	C
66	6980236	G	A
67	6980254	G	A
68	6980569	A	G
69	6980586	T	C
70	6980591	C	T
71	6980636	G	T
72	6980693	G	A
73	6980841	G	A
74	6980874	G	T
75	6980938	G	T
76	6980997	C	T
77	6981000	C	T
78	6981020	G	C
79	6981061	A	G
80	6981107	A	T
81	6981146	A	G
82	6981159	G	C
83	6981231	A	G
84	6981283	T	C
85	6981286	C	T
86	6981428	C	T
87	6981432	T	C
88	6981439	T	A
89	6981449	T	C
90	6981483	T	A
91	6981525	G	C
92	6981530	T	G
93	6981546	C	T
94	6981614	A	C
95	6981622	C	T
96	6981736	T	C
97	6981767	C	T
98	6981772	A	G
99	6981780	T	C
100	6981782	G	A

