#read index (1-based)
#num_of_reads: 232
1	SRR002822.5131142
2	SRR070955.4072292
3	SRR005070.931635
4	SRR003929.5026818
5	SRR002827.9004493
6	SRR002821.1448983
7	SRR002823.3873280
8	SRR005068.5363721
9	SRR005055.838013
10	SRR070953.1756247
11	SRR005056.8114461
12	SRR005053.6749156
13	SRR070955.4770297
14	SRR002827.7222706
15	SRR002820.6951842
16	SRR003927.2962790
17	SRR003931.8314687
18	SRR002824.7301809
19	SRR005063.6399182
20	SRR070958.2679655
21	SRR070959.514791
22	SRR003933.1608322
23	SRR002824.3642092
24	SRR005058.5962819
25	SRR002820.1213977
26	SRR002826.5633841
27	SRR005055.4851631
28	SRR002826.6610672
29	SRR002827.2975213
30	SRR070953.2092538
31	SRR005046.514921
32	SRR005063.3038224
33	SRR003931.8108029
34	SRR002821.7848436
35	SRR070952.3267227
36	SRR005053.7344714
37	SRR005057.346024
38	SRR002827.4411391
39	SRR003931.10663943
40	SRR005062.4603528
41	SRR003910.2420549
42	SRR003929.2629751
43	SRR002825.7394389
44	SRR002823.1397640
45	SRR002823.8229594
46	SRR003929.3363583
47	SRR003928.4775557
48	SRR005046.31307
49	SRR003931.835112
50	SRR070955.5744289
51	SRR002825.5037495
52	SRR002827.918844
53	SRR002822.809214
54	SRR005060.8098730
55	SRR003928.4816341
56	SRR003907.385989
57	SRR005048.3281304
58	SRR005067.3094532
59	SRR002826.3328004
60	SRR002826.175207
61	SRR070955.1187931
62	SRR005049.2213623
63	SRR005062.1634519
64	SRR002823.1517028
65	SRR003929.8449029
66	SRR005057.8422204
67	SRR003930.5252944
68	SRR003911.2174156
69	SRR002824.8915725
70	SRR003927.12426939
71	SRR005057.713431
72	SRR002824.7674062
73	SRR005060.5603643
74	SRR003927.7851697
75	SRR005052.6343151
76	SRR005068.8089982
77	SRR003907.1200174
78	SRR005053.4149436
79	SRR005056.9050923
80	SRR005059.3210659
81	SRR002823.6510233
82	SRR005054.4254732
83	SRR005057.6063979
84	SRR005046.396323
85	SRR003929.331559
86	SRR005046.6183975
87	SRR070958.2962168
88	SRR002820.1883049
89	SRR005048.4683345
90	SRR005056.5674456
91	SRR003929.9400970
92	SRR005055.3274292
93	SRR002822.2151819
94	SRR005070.6397072
95	SRR005060.4379485
96	SRR070952.5026641
97	SRR005047.4693579
98	SRR005055.1017318
99	SRR005054.7163390
100	SRR003906.594148
101	SRR003929.4457943
102	SRR005060.5179187
103	SRR005062.8052864
104	SRR003927.1622319
105	SRR002820.7081769
106	SRR002826.2036324
107	SRR005060.8082520
108	SRR002820.5880725
109	SRR005055.2301607
110	SRR070952.1688904
111	SRR005059.7136935
112	SRR002822.4352890
113	SRR005058.7786845
114	SRR003929.7178877
115	SRR005052.9011061
116	SRR002824.396293
117	SRR005055.5540806
118	SRR005056.8558491
119	SRR005066.3765844
120	SRR005070.3184177
121	SRR005054.250099
122	SRR070960.1722308
123	SRR003930.3854538
124	SRR003929.12095042
125	SRR005059.4717911
126	SRR003927.2258649
127	SRR002826.1085916
128	SRR070956.3308658
129	SRR003906.1510382
130	SRR005060.4591192
131	SRR005060.5478350
132	SRR003909.261385
133	SRR005063.3044773
134	SRR070952.165887
135	SRR002823.2974321
136	SRR003930.5542123
137	SRR005058.6613318
138	SRR005051.7527888
139	SRR002823.6254738
140	SRR003928.6655302
141	SRR005054.1920089
142	SRR005049.5011854
143	SRR005057.1369864
144	SRR005070.3098098
145	SRR070953.3507867
146	SRR002827.9006749
147	SRR005055.2453060
148	SRR005060.6462606
149	SRR005058.6437278
150	SRR003929.6219734
151	SRR070957.478476
152	SRR005049.8103867
153	SRR005050.4105262
154	SRR005061.6764530
155	SRR002827.6358212
156	SRR002820.294252
157	SRR070959.1872204
158	SRR005056.6291059
159	SRR002825.8457946
160	SRR005058.8960568
161	SRR002824.8291024
162	SRR005056.3796937
163	SRR005055.8706249
164	SRR070958.4631706
165	SRR003931.261235
166	SRR005059.4806549
167	SRR002821.7875338
168	SRR005057.3182019
169	SRR002820.3573736
170	SRR070955.1836139
171	SRR005048.7708570
172	SRR005067.3325868
173	SRR002825.6074139
174	SRR003930.1077796
175	SRR003931.5911811
176	SRR003931.9834379
177	SRR005058.713916
178	SRR005060.3427185
179	SRR005066.5535922
180	SRR005046.6110948
181	SRR005054.4289745
182	SRR003929.10886023
183	SRR005060.3362833
184	SRR005057.8237027
185	SRR002822.2613406
186	SRR005068.5463835
187	SRR003927.5554523
188	SRR002824.1695959
189	SRR003928.7019799
190	SRR005064.1347050
191	SRR005059.1198341
192	SRR070958.2434660
193	SRR002823.4205823
194	SRR005061.7042852
195	SRR003910.2195491
196	SRR003933.319228
197	SRR002825.7829194
198	SRR002823.1561756
199	SRR002827.8676693
200	SRR003928.8032184
201	SRR003930.4073768
202	SRR005047.3662998
203	SRR005051.9965042
204	SRR005067.1732905
205	SRR005049.3145471
206	SRR005059.1991573
207	SRR070953.101631
208	SRR005054.7282437
209	SRR005056.1462726
210	SRR005057.7525230
211	SRR005070.5293511
212	SRR070960.1952969
213	SRR070952.2483484
214	SRR003931.423793
215	SRR005050.7126217
216	SRR005054.8341744
217	SRR005052.2295914
218	SRR003928.11364533
219	SRR002823.2963978
220	SRR070958.4670645
221	SRR005051.4031563
222	SRR003927.2298496
223	SRR005058.1437263
224	SRR005054.1507755
225	SRR003927.6028222
226	SRR005051.4370268
227	SRR005060.5791885
228	SRR003928.7530178
229	SRR003929.2836980
230	SRR070959.3174506
231	SRR070956.2978009
232	SRR005067.5744087

#site index (1-based)
#num_of_sites: 100
1	6975892	A	G
2	6975898	C	T
3	6975941	G	A
4	6975947	A	C
5	6976003	A	C
6	6976019	G	A
7	6976101	G	A
8	6976116	C	T
9	6976345	G	A
10	6976683	G	A
11	6976691	G	A
12	6976716	G	A
13	6976736	C	G
14	6976851	T	C
15	6977184	T	A
16	6977224	C	T
17	6977335	C	T
18	6977362	G	A
19	6977385	T	G
20	6977519	A	G
21	6977543	T	G
22	6977757	G	T
23	6977764	G	C
24	6977778	G	A
25	6977978	A	G
26	6978019	G	T
27	6978027	G	A
28	6978034	C	T
29	6978035	G	A
30	6978066	T	G
31	6978097	T	C
32	6978175	T	C
33	6978188	T	G
34	6978219	G	A
35	6978331	A	G
36	6978478	G	A
37	6978624	C	T
38	6978698	G	A
39	6978797	G	A
40	6978801	C	G
41	6978829	C	T
42	6979023	G	A
43	6979053	A	T
44	6979129	A	G
45	6979154	G	A
46	6979170	C	T
47	6979190	C	T
48	6979191	G	A
49	6979281	C	G
50	6979322	C	T
51	6979375	A	G
52	6979432	G	A
53	6979505	A	G
54	6979575	T	C
55	6979714	C	T
56	6979717	G	A
57	6979750	C	T
58	6979769	C	A
59	6979774	A	G
60	6979836	G	T
61	6979932	G	A
62	6979958	A	T
63	6980132	G	A
64	6980154	G	T
65	6980235	T	C
66	6980236	G	A
67	6980254	G	A
68	6980569	A	G
69	6980586	T	C
70	6980591	C	T
71	6980636	G	T
72	6980693	G	A
73	6980841	G	A
74	6980874	G	T
75	6980938	G	T
76	6980997	C	T
77	6981000	C	T
78	6981020	G	C
79	6981061	A	G
80	6981107	A	T
81	6981146	A	G
82	6981159	G	C
83	6981231	A	G
84	6981283	T	C
85	6981286	C	T
86	6981428	C	T
87	6981432	T	C
88	6981439	T	A
89	6981449	T	C
90	6981483	T	A
91	6981525	G	C
92	6981530	T	G
93	6981546	C	T
94	6981614	A	C
95	6981622	C	T
96	6981736	T	C
97	6981767	C	T
98	6981772	A	G
99	6981780	T	C
100	6981782	G	A

