#read index (1-based)
#num_of_reads: 420
1	SRR023301.5366188
2	SRR026645.1404756
3	SRR014164.1693970
4	SRR026643.16583468
5	ERR000546.9460024
6	SRR026644.12767282
7	SRR003540.1608178
8	ERR000551.9672138
9	SRR026643.13130065
10	SRR026645.11300111
11	ERR000545.8235090
12	SRR014161.5932699
13	ERR000549.8729211
14	SRR014164.7300451
15	SRR018027.5933762
16	ERR000545.4051045
17	ERR000549.4313824
18	ERR000545.9872848
19	SRR026650.7128427
20	ERR000550.3568550
21	ERR000552.476314
22	ERR000546.625131
23	ERR000551.4290849
24	ERR000547.1823783
25	ERR000551.3146798
26	ERR000549.1254066
27	ERR000551.739434
28	SRR018028.7279625
29	SRR003540.4772512
30	ERR000552.9576240
31	SRR026644.18301755
32	SRR026645.8768415
33	SRR023301.572405
34	SRR026643.79211
35	SRR026643.15211160
36	SRR003541.2632334
37	ERR000545.9908496
38	SRR003541.3740482
39	SRR026650.7496400
40	ERR000547.2648241
41	SRR026644.6324851
42	SRR026645.327144
43	SRR026650.15821632
44	SRR003542.1530583
45	SRR003541.5003282
46	SRR014163.8346667
47	SRR014163.4813202
48	ERR000548.10907425
49	ERR000552.5584210
50	ERR000552.10026528
51	SRR023301.6372885
52	ERR000549.6845233
53	SRR003542.6563860
54	SRR006165.5099498
55	SRR026644.17303948
56	ERR000550.11394099
57	ERR000547.885141
58	ERR000550.10511066
59	ERR000549.7242978
60	SRR018024.9057508
61	SRR018027.4815407
62	SRR006166.4544438
63	SRR026650.674343
64	SRR023301.3144573
65	SRR026645.17925428
66	ERR000551.7273499
67	ERR000551.11384235
68	ERR000552.3833281
69	SRR014159.5638660
70	SRR026650.4575537
71	ERR000549.1672765
72	ERR000549.234621
73	ERR000548.2056654
74	SRR026645.17212369
75	ERR000549.1657185
76	ERR000548.9748940
77	SRR006165.5385621
78	ERR000550.478834
79	SRR018027.2132762
80	SRR026644.14365041
81	ERR000546.256966
82	SRR026650.1633951
83	SRR026645.2818502
84	SRR003542.8931450
85	SRR018025.6564706
86	ERR000549.9424737
87	ERR000547.13341801
88	ERR000552.10999643
89	SRR026643.17101397
90	SRR014162.6347356
91	SRR026645.15025370
92	SRR003541.5182482
93	SRR018028.5030299
94	SRR006166.4299220
95	SRR026650.15968067
96	ERR000549.11814878
97	SRR026644.7471412
98	SRR023301.9793559
99	ERR000546.5805630
100	SRR026644.13329141
101	SRR026644.11253058
102	SRR026645.13710950
103	SRR026644.17383397
104	ERR000546.10839804
105	SRR026643.10263592
106	SRR003539.600098
107	SRR026644.9238328
108	SRR026645.4518889
109	SRR026643.2531175
110	SRR014160.5568356
111	SRR003542.6349294
112	SRR026644.1959716
113	SRR026650.11104723
114	ERR000548.9494956
115	SRR026645.7264634
116	ERR000552.7290969
117	SRR026643.2570897
118	SRR026643.14232571
119	ERR000546.1869401
120	ERR000551.575096
121	SRR026644.4087948
122	ERR000552.12351548
123	SRR026643.1316426
124	ERR000548.1644214
125	ERR000547.13045350
126	SRR026644.8943835
127	ERR000547.13336808
128	SRR026650.5158439
129	ERR000551.11847187
130	ERR000550.11580504
131	SRR003542.3877686
132	SRR026644.6567525
133	ERR000552.8014519
134	SRR014164.1825660
135	SRR026650.15088246
136	ERR000549.10559866
137	ERR000548.10581575
138	ERR000552.8892860
139	SRR018026.8944941
140	ERR000546.8485241
141	ERR000547.9972194
142	ERR000549.1382229
143	ERR000550.4646467
144	ERR000548.10544283
145	ERR000546.6894601
146	SRR006166.4716202
147	SRR026643.7999593
148	SRR014163.8260390
149	SRR026643.15853633
150	SRR014164.7638220
151	ERR000546.431423
152	ERR000546.10868138
153	SRR026643.9520577
154	SRR014165.4538555
155	SRR018028.7610945
156	ERR000550.5367681
157	SRR026643.17545009
158	SRR026645.16029653
159	SRR003540.3099105
160	SRR018027.8138372
161	SRR026650.3443901
162	SRR003539.2180244
163	ERR000550.3939208
164	SRR023301.2668862
165	SRR026643.1768145
166	SRR026643.11220266
167	ERR000545.4122155
168	SRR026650.7550053
169	SRR026643.17512363
170	SRR006166.11787134
171	SRR018029.5709506
172	SRR026645.1596097
173	SRR026643.15277621
174	SRR026650.12956589
175	SRR026643.7020666
176	SRR003542.4147218
177	ERR000549.3947236
178	ERR000550.470624
179	ERR000551.2314105
180	SRR026643.5500074
181	SRR014165.5712464
182	SRR026643.8717816
183	SRR026650.140263
184	SRR003539.684762
185	ERR000549.10410584
186	SRR014163.2030618
187	SRR014164.2780006
188	ERR000552.5857209
189	SRR026643.16617337
190	SRR026644.13018735
191	SRR006165.4503405
192	ERR000546.3830016
193	ERR000549.1934970
194	SRR026650.1385537
195	SRR018028.5321167
196	SRR026645.7013235
197	SRR026644.350126
198	SRR014159.5259782
199	SRR026650.642094
200	SRR003542.6202995
201	SRR026643.16337058
202	SRR014164.1560913
203	SRR026645.18085980
204	SRR003542.7805883
205	ERR000549.3568710
206	ERR000545.6981915
207	ERR000551.766538
208	SRR023301.8561142
209	ERR000547.12818036
210	ERR000551.8287584
211	SRR026650.3575156
212	SRR014165.4281230
213	SRR026644.659113
214	SRR026643.15530395
215	SRR018025.3511467
216	SRR018024.9340500
217	SRR003539.5145041
218	SRR014161.3224457
219	SRR003539.3078419
220	SRR003539.5795164
221	SRR003539.2549264
222	SRR018026.2031683
223	SRR026645.15246291
224	SRR026645.10741297
225	ERR000552.6247472
226	SRR003540.4109171
227	SRR026643.4189628
228	SRR014161.1245836
229	SRR014163.7809981
230	SRR026650.15385378
231	SRR026644.6716305
232	SRR026643.5604805
233	ERR000550.832940
234	SRR003540.3469571
235	ERR000546.6418501
236	ERR000546.9961854
237	SRR026650.6942275
238	SRR014162.9309785
239	SRR006166.8245302
240	SRR018025.1560258
241	SRR014165.4199996
242	SRR026644.16618765
243	SRR018025.801148
244	ERR000546.387551
245	ERR000546.6928016
246	SRR014165.4760286
247	SRR018029.4217110
248	SRR026644.15364121
249	SRR026650.11437030
250	ERR000545.3708577
251	ERR000549.54633
252	SRR018026.4122390
253	ERR000549.4861520
254	SRR014162.4624234
255	SRR026644.10276851
256	ERR000551.6586418
257	SRR026643.7861540
258	SRR014162.4217736
259	ERR000551.10062178
260	SRR006165.527430
261	SRR018029.852520
262	SRR003540.3910544
263	SRR026645.14576535
264	SRR003539.4544204
265	SRR026650.14036756
266	ERR000546.1454822
267	SRR014165.6211948
268	SRR003540.5353340
269	ERR000549.5949131
270	SRR006165.4701384
271	SRR026645.1387490
272	ERR000547.6312412
273	SRR018026.4604708
274	ERR000550.11521286
275	ERR000551.4798357
276	ERR000546.8724185
277	SRR014164.3179184
278	SRR026650.12068289
279	SRR026644.18075390
280	SRR014165.4361550
281	SRR026650.6510982
282	SRR026643.10661853
283	SRR026643.16163575
284	SRR003539.3236504
285	SRR003539.4464273
286	SRR003541.3876726
287	ERR000548.759626
288	SRR003539.3208393
289	SRR003541.5015925
290	SRR018027.8285523
291	SRR014163.179467
292	ERR000548.5637122
293	ERR000550.6322468
294	SRR026644.1338754
295	SRR003542.1314050
296	ERR000549.13299370
297	ERR000549.2972252
298	ERR000550.7938732
299	SRR018026.8004684
300	SRR018024.2568431
301	SRR014163.8300191
302	ERR000547.7219973
303	ERR000546.7955679
304	ERR000552.2155102
305	SRR014163.5561354
306	SRR006165.4292286
307	SRR018029.4391855
308	SRR003539.4004543
309	SRR018024.4017191
310	ERR000550.12197464
311	SRR023301.7898272
312	SRR014160.7272027
313	SRR026643.1024894
314	ERR000552.6750530
315	ERR000552.7020880
316	ERR000550.10933355
317	SRR026645.16501091
318	SRR018024.7299669
319	ERR000546.949024
320	SRR018026.2957428
321	SRR026645.4342781
322	SRR003542.2716098
323	SRR018027.774285
324	ERR000552.5571207
325	SRR003539.6315818
326	ERR000551.293907
327	ERR000551.3751292
328	ERR000552.11271275
329	SRR006166.240622
330	SRR014162.2642172
331	SRR003541.2848385
332	SRR018024.6514054
333	ERR000549.8070343
334	SRR026645.6380191
335	ERR000552.2468346
336	ERR000550.2947365
337	SRR026644.9778057
338	ERR000546.5164811
339	SRR026645.15387478
340	SRR026644.6505417
341	ERR000551.9299537
342	SRR018027.2770512
343	SRR026645.4981802
344	SRR018026.6452126
345	ERR000546.5826032
346	ERR000546.12967423
347	ERR000551.2564737
348	ERR000546.10302248
349	ERR000545.644626
350	SRR026650.8807036
351	SRR018026.2633093
352	SRR014165.2245504
353	ERR000549.10821799
354	SRR014163.2769734
355	SRR026643.6630307
356	SRR018027.2322835
357	SRR018029.2560897
358	SRR026644.7395750
359	SRR006166.4142344
360	ERR000547.11178855
361	SRR006165.7903501
362	SRR018027.2049512
363	ERR000550.4711891
364	ERR000552.8595564
365	ERR000551.5987424
366	SRR003540.2063730
367	SRR026650.4822265
368	ERR000547.3705405
369	ERR000546.6976892
370	ERR000548.6653785
371	ERR000548.5961545
372	ERR000545.7592220
373	ERR000548.12759019
374	SRR018029.2240215
375	ERR000545.10323891
376	ERR000550.4236526
377	ERR000550.10348654
378	SRR014164.4087379
379	ERR000549.8793624
380	SRR003542.5741955
381	SRR014160.3684442
382	SRR018026.7509696
383	SRR006166.1744516
384	SRR014164.880908
385	ERR000549.11855095
386	ERR000552.3774909
387	SRR003539.7507684
388	ERR000548.6094473
389	ERR000549.947760
390	ERR000548.1593405
391	SRR018027.3555999
392	SRR014161.6743505
393	SRR006166.11704737
394	SRR023301.8656856
395	ERR000551.5140920
396	SRR014163.3540974
397	ERR000548.11023275
398	SRR003540.3584907
399	SRR014162.1068365
400	ERR000548.6791992
401	SRR018029.229709
402	ERR000547.3594219
403	SRR003542.8463071
404	ERR000552.4564424
405	SRR018024.4159145
406	SRR026645.18108727
407	SRR006165.1312919
408	SRR018026.1001213
409	ERR000551.2228336
410	ERR000549.1949720
411	SRR014164.296198
412	SRR014163.3035051
413	ERR000546.4982491
414	ERR000552.5369975
415	SRR018027.5151223
416	SRR003539.3554054
417	ERR000546.12363957
418	ERR000548.10614862
419	ERR000547.5997611
420	SRR003542.4583971

#site index (1-based)
#num_of_sites: 100
1	6975892	A	G
2	6975898	C	T
3	6975941	G	A
4	6975947	A	C
5	6976003	A	C
6	6976019	G	A
7	6976101	G	A
8	6976116	C	T
9	6976345	G	A
10	6976683	G	A
11	6976691	G	A
12	6976716	G	A
13	6976736	C	G
14	6976851	T	C
15	6977184	T	A
16	6977224	C	T
17	6977335	C	T
18	6977362	G	A
19	6977385	T	G
20	6977519	A	G
21	6977543	T	G
22	6977757	G	T
23	6977764	G	C
24	6977778	G	A
25	6977978	A	G
26	6978019	G	T
27	6978027	G	A
28	6978034	C	T
29	6978035	G	A
30	6978066	T	G
31	6978097	T	C
32	6978175	T	C
33	6978188	T	G
34	6978219	G	A
35	6978331	A	G
36	6978478	G	A
37	6978624	C	T
38	6978698	G	A
39	6978797	G	A
40	6978801	C	G
41	6978829	C	T
42	6979023	G	A
43	6979053	A	T
44	6979129	A	G
45	6979154	G	A
46	6979170	C	T
47	6979190	C	T
48	6979191	G	A
49	6979281	C	G
50	6979322	C	T
51	6979375	A	G
52	6979432	G	A
53	6979505	A	G
54	6979575	T	C
55	6979714	C	T
56	6979717	G	A
57	6979750	C	T
58	6979769	C	A
59	6979774	A	G
60	6979836	G	T
61	6979932	G	A
62	6979958	A	T
63	6980132	G	A
64	6980154	G	T
65	6980235	T	C
66	6980236	G	A
67	6980254	G	A
68	6980569	A	G
69	6980586	T	C
70	6980591	C	T
71	6980636	G	T
72	6980693	G	A
73	6980841	G	A
74	6980874	G	T
75	6980938	G	T
76	6980997	C	T
77	6981000	C	T
78	6981020	G	C
79	6981061	A	G
80	6981107	A	T
81	6981146	A	G
82	6981159	G	C
83	6981231	A	G
84	6981283	T	C
85	6981286	C	T
86	6981428	C	T
87	6981432	T	C
88	6981439	T	A
89	6981449	T	C
90	6981483	T	A
91	6981525	G	C
92	6981530	T	G
93	6981546	C	T
94	6981614	A	C
95	6981622	C	T
96	6981736	T	C
97	6981767	C	T
98	6981772	A	G
99	6981780	T	C
100	6981782	G	A

