#read index (1-based)
#num_of_reads: 160
1	ERR003062.11155768
2	ERR003056.8745729
3	ERR003062.7381425
4	ERR003057.545292
5	ERR003060.7434580
6	ERR009405.3400669
7	ERR003059.4099258
8	ERR009405.33006
9	ERR013163.1975665
10	ERR003062.7757757
11	ERR013163.10289036
12	ERR013163.10391905
13	ERR009405.7966003
14	ERR009405.1982320
15	ERR003060.6524040
16	ERR009405.3705184
17	ERR003038.7486828
18	ERR003057.4298439
19	ERR003058.5066192
20	ERR003060.3923281
21	ERR003062.1482458
22	ERR003059.139405
23	ERR013163.1331895
24	ERR003059.5454631
25	ERR003060.2121993
26	ERR003038.5879333
27	ERR013163.7915463
28	ERR003060.5648644
29	ERR003057.808553
30	ERR013163.5390423
31	ERR003062.5203044
32	ERR003057.4965267
33	ERR003038.9619370
34	ERR003060.7429532
35	ERR003057.8482237
36	ERR003060.4583051
37	ERR009405.2198439
38	ERR009405.6434198
39	ERR003062.10910301
40	ERR003057.1078673
41	ERR003057.11343214
42	ERR003057.9617857
43	ERR003038.10375987
44	ERR003061.6652247
45	ERR003058.4287657
46	ERR003057.9674384
47	ERR003058.655279
48	ERR003058.1230956
49	ERR003057.11915051
50	ERR003060.10075382
51	ERR003058.2508451
52	ERR003059.4667693
53	ERR003061.7492860
54	ERR013163.7739894
55	ERR003060.8799920
56	ERR003061.540149
57	ERR003057.886746
58	ERR013163.9818140
59	ERR003038.5355438
60	ERR003058.606837
61	ERR003038.6995890
62	ERR003058.6519146
63	ERR003059.2209033
64	ERR003059.9883914
65	ERR003060.9876590
66	ERR003059.11255298
67	ERR003038.8946415
68	ERR003057.10556606
69	ERR003038.7458117
70	ERR003060.9219776
71	ERR003059.2554399
72	ERR003057.1739454
73	ERR003059.10187700
74	ERR003062.3554004
75	ERR003038.5276672
76	ERR003060.298590
77	ERR009405.908741
78	ERR003038.7010521
79	ERR003062.8984942
80	ERR003058.6056899
81	ERR003057.3163205
82	ERR003058.2166415
83	ERR003057.8814303
84	ERR003058.8516798
85	ERR003060.6565746
86	ERR003058.7473911
87	ERR003062.3694643
88	ERR003057.3408678
89	ERR003038.9881129
90	ERR009405.3441563
91	ERR003061.801978
92	ERR003061.317349
93	ERR003038.12197673
94	ERR003057.10224390
95	ERR003056.2204268
96	ERR003038.5395311
97	ERR003060.412079
98	ERR003062.1999816
99	ERR013163.9989459
100	ERR003060.11136357
101	ERR003060.10444137
102	ERR003062.8193087
103	ERR003056.8895951
104	ERR003061.7631583
105	ERR003061.11153467
106	ERR003058.9755842
107	ERR009405.3874146
108	ERR003058.2098358
109	ERR003057.3197521
110	ERR003038.1559406
111	ERR003058.2604386
112	ERR003058.11974382
113	ERR003059.2982452
114	ERR003060.9894712
115	ERR003057.11658103
116	ERR003061.6042454
117	ERR003062.2538692
118	ERR013163.4724401
119	ERR003059.4447070
120	ERR003057.7737587
121	ERR013163.1782466
122	ERR009405.7329610
123	ERR009405.7805639
124	ERR003061.11156100
125	ERR003060.10948050
126	ERR003062.6524936
127	ERR013163.322105
128	ERR003058.7760549
129	ERR003056.1800395
130	ERR009405.1450067
131	ERR003059.6152758
132	ERR003038.754877
133	ERR009405.1192772
134	ERR009405.3586829
135	ERR009405.2063829
136	ERR003056.8038740
137	ERR003056.4174598
138	ERR003059.3849095
139	ERR003061.5811544
140	ERR003058.1829407
141	ERR003058.3259705
142	ERR003059.1422239
143	ERR003060.9784702
144	ERR003058.3802153
145	ERR003058.6975635
146	ERR009405.5969502
147	ERR003058.7069674
148	ERR003058.6545960
149	ERR003058.6079000
150	ERR003059.64672
151	ERR003062.10604121
152	ERR003056.604957
153	ERR003038.3276146
154	ERR003056.11342005
155	ERR003061.8433931
156	ERR003056.11145796
157	ERR003059.9272000
158	ERR003058.2120663
159	ERR003059.1359679
160	ERR003056.5574891

#site index (1-based)
#num_of_sites: 100
1	6975892	A	G
2	6975898	C	T
3	6975941	G	A
4	6975947	A	C
5	6976003	A	C
6	6976019	G	A
7	6976101	G	A
8	6976116	C	T
9	6976345	G	A
10	6976683	G	A
11	6976691	G	A
12	6976716	G	A
13	6976736	C	G
14	6976851	T	C
15	6977184	T	A
16	6977224	C	T
17	6977335	C	T
18	6977362	G	A
19	6977385	T	G
20	6977519	A	G
21	6977543	T	G
22	6977757	G	T
23	6977764	G	C
24	6977778	G	A
25	6977978	A	G
26	6978019	G	T
27	6978027	G	A
28	6978034	C	T
29	6978035	G	A
30	6978066	T	G
31	6978097	T	C
32	6978175	T	C
33	6978188	T	G
34	6978219	G	A
35	6978331	A	G
36	6978478	G	A
37	6978624	C	T
38	6978698	G	A
39	6978797	G	A
40	6978801	C	G
41	6978829	C	T
42	6979023	G	A
43	6979053	A	T
44	6979129	A	G
45	6979154	G	A
46	6979170	C	T
47	6979190	C	T
48	6979191	G	A
49	6979281	C	G
50	6979322	C	T
51	6979375	A	G
52	6979432	G	A
53	6979505	A	G
54	6979575	T	C
55	6979714	C	T
56	6979717	G	A
57	6979750	C	T
58	6979769	C	A
59	6979774	A	G
60	6979836	G	T
61	6979932	G	A
62	6979958	A	T
63	6980132	G	A
64	6980154	G	T
65	6980235	T	C
66	6980236	G	A
67	6980254	G	A
68	6980569	A	G
69	6980586	T	C
70	6980591	C	T
71	6980636	G	T
72	6980693	G	A
73	6980841	G	A
74	6980874	G	T
75	6980938	G	T
76	6980997	C	T
77	6981000	C	T
78	6981020	G	C
79	6981061	A	G
80	6981107	A	T
81	6981146	A	G
82	6981159	G	C
83	6981231	A	G
84	6981283	T	C
85	6981286	C	T
86	6981428	C	T
87	6981432	T	C
88	6981439	T	A
89	6981449	T	C
90	6981483	T	A
91	6981525	G	C
92	6981530	T	G
93	6981546	C	T
94	6981614	A	C
95	6981622	C	T
96	6981736	T	C
97	6981767	C	T
98	6981772	A	G
99	6981780	T	C
100	6981782	G	A

