#read index (1-based)
#num_of_reads: 191
1	SRR032632.945198
2	SRR032633.9266298
3	SRR032635.9025408
4	SRR032634.16304019
5	SRR032633.8050480
6	SRR032634.15558090
7	SRR032637.19226241
8	SRR032633.14489689
9	SRR032636.16967056
10	SRR032637.9946908
11	SRR032632.617421
12	SRR032636.13356388
13	SRR032637.11231972
14	SRR032635.18396333
15	SRR032632.16225610
16	SRR032634.11705198
17	SRR032633.13357741
18	SRR032636.2699731
19	SRR032632.18357154
20	SRR032637.18500479
21	SRR032634.15611385
22	SRR032636.15382334
23	SRR032632.2047296
24	SRR032632.11088059
25	SRR032632.3462963
26	SRR032637.19326943
27	SRR032636.17012982
28	SRR032635.1527082
29	SRR032634.5992902
30	SRR032637.12827253
31	SRR032636.8632106
32	SRR032632.11339664
33	SRR032636.5996844
34	SRR032634.14461668
35	SRR032632.14323810
36	SRR032632.268350
37	SRR032634.9633732
38	SRR032637.4383815
39	SRR032632.3551981
40	SRR032632.9573332
41	SRR032632.6265851
42	SRR032633.10006281
43	SRR032632.11335242
44	SRR032637.10605303
45	SRR032632.9581560
46	SRR032635.4343944
47	SRR032634.15841829
48	SRR032636.5584610
49	SRR032636.4687144
50	SRR032635.12016513
51	SRR032637.18713874
52	SRR032636.8844539
53	SRR032634.18034892
54	SRR032637.16683442
55	SRR032636.2956695
56	SRR032633.3398691
57	SRR032635.9313654
58	SRR032635.19059429
59	SRR032632.779453
60	SRR032633.17017322
61	SRR032635.410661
62	SRR032634.11389845
63	SRR032632.1775842
64	SRR032635.5870147
65	SRR032632.12707216
66	SRR032637.8442292
67	SRR032634.1896641
68	SRR032632.8848517
69	SRR032636.3598816
70	SRR032637.14040726
71	SRR032635.11009224
72	SRR032632.7274766
73	SRR032636.866622
74	SRR032635.10374575
75	SRR032635.18325490
76	SRR032632.4373078
77	SRR032633.10491716
78	SRR032632.8569727
79	SRR032636.18595752
80	SRR032634.3505072
81	SRR032634.6962619
82	SRR032634.14405994
83	SRR032634.12269240
84	SRR032634.67900
85	SRR032636.3273034
86	SRR032637.18231494
87	SRR032632.10595911
88	SRR032637.14056708
89	SRR032637.14646842
90	SRR032636.19771761
91	SRR032637.3956064
92	SRR032636.16053502
93	SRR032637.7095675
94	SRR032637.4828499
95	SRR032635.2855182
96	SRR032634.5419766
97	SRR032635.8365865
98	SRR032634.3072059
99	SRR032635.10484246
100	SRR032637.9134795
101	SRR032635.4551731
102	SRR032632.14004766
103	SRR032636.10040724
104	SRR032634.1713848
105	SRR032632.6066634
106	SRR032636.8666616
107	SRR032634.267265
108	SRR032632.18153925
109	SRR032634.15760330
110	SRR032636.9142123
111	SRR032633.3315637
112	SRR032636.10941778
113	SRR032634.1952753
114	SRR032634.11186783
115	SRR032632.1911101
116	SRR032637.12723724
117	SRR032634.3643440
118	SRR032633.18312667
119	SRR032637.12844351
120	SRR032633.15720414
121	SRR032637.997849
122	SRR032633.13503508
123	SRR032633.2516072
124	SRR032635.14030767
125	SRR032632.3442623
126	SRR032634.610402
127	SRR032636.4703216
128	SRR032632.8289247
129	SRR032634.18938392
130	SRR032632.6195936
131	SRR032637.16897972
132	SRR032633.19113352
133	SRR032634.2139802
134	SRR032637.15537443
135	SRR032632.169564
136	SRR032636.10461783
137	SRR032637.17619191
138	SRR032635.206498
139	SRR032635.7288232
140	SRR032632.10588035
141	SRR032637.8441823
142	SRR032633.4535525
143	SRR032635.1279692
144	SRR032637.1319622
145	SRR032637.85599
146	SRR032632.16173952
147	SRR032637.13976303
148	SRR032636.14792745
149	SRR032635.18213592
150	SRR032633.6082655
151	SRR032633.1849711
152	SRR032634.5664777
153	SRR032634.17188501
154	SRR032635.6189378
155	SRR032635.4259438
156	SRR032634.8025503
157	SRR032634.16838672
158	SRR032633.9650386
159	SRR032635.2771384
160	SRR032637.6134933
161	SRR032635.14376786
162	SRR032634.10522017
163	SRR032635.11229732
164	SRR032637.17199966
165	SRR032637.14928111
166	SRR032636.9403203
167	SRR032635.11051188
168	SRR032636.2983016
169	SRR032636.2211053
170	SRR032632.9264350
171	SRR032635.2223031
172	SRR032637.15388252
173	SRR032636.18973674
174	SRR032635.8887028
175	SRR032637.13384320
176	SRR032636.7982711
177	SRR032637.686289
178	SRR032636.2501580
179	SRR032634.1160100
180	SRR032636.15630782
181	SRR032633.8684920
182	SRR032635.17029305
183	SRR032635.6723860
184	SRR032636.2040712
185	SRR032637.9754453
186	SRR032633.4611679
187	SRR032635.14128283
188	SRR032634.10834152
189	SRR032636.17156279
190	SRR032635.10935622
191	SRR032632.760374

#site index (1-based)
#num_of_sites: 100
1	6975892	A	G
2	6975898	C	T
3	6975941	G	A
4	6975947	A	C
5	6976003	A	C
6	6976019	G	A
7	6976101	G	A
8	6976116	C	T
9	6976345	G	A
10	6976683	G	A
11	6976691	G	A
12	6976716	G	A
13	6976736	C	G
14	6976851	T	C
15	6977184	T	A
16	6977224	C	T
17	6977335	C	T
18	6977362	G	A
19	6977385	T	G
20	6977519	A	G
21	6977543	T	G
22	6977757	G	T
23	6977764	G	C
24	6977778	G	A
25	6977978	A	G
26	6978019	G	T
27	6978027	G	A
28	6978034	C	T
29	6978035	G	A
30	6978066	T	G
31	6978097	T	C
32	6978175	T	C
33	6978188	T	G
34	6978219	G	A
35	6978331	A	G
36	6978478	G	A
37	6978624	C	T
38	6978698	G	A
39	6978797	G	A
40	6978801	C	G
41	6978829	C	T
42	6979023	G	A
43	6979053	A	T
44	6979129	A	G
45	6979154	G	A
46	6979170	C	T
47	6979190	C	T
48	6979191	G	A
49	6979281	C	G
50	6979322	C	T
51	6979375	A	G
52	6979432	G	A
53	6979505	A	G
54	6979575	T	C
55	6979714	C	T
56	6979717	G	A
57	6979750	C	T
58	6979769	C	A
59	6979774	A	G
60	6979836	G	T
61	6979932	G	A
62	6979958	A	T
63	6980132	G	A
64	6980154	G	T
65	6980235	T	C
66	6980236	G	A
67	6980254	G	A
68	6980569	A	G
69	6980586	T	C
70	6980591	C	T
71	6980636	G	T
72	6980693	G	A
73	6980841	G	A
74	6980874	G	T
75	6980938	G	T
76	6980997	C	T
77	6981000	C	T
78	6981020	G	C
79	6981061	A	G
80	6981107	A	T
81	6981146	A	G
82	6981159	G	C
83	6981231	A	G
84	6981283	T	C
85	6981286	C	T
86	6981428	C	T
87	6981432	T	C
88	6981439	T	A
89	6981449	T	C
90	6981483	T	A
91	6981525	G	C
92	6981530	T	G
93	6981546	C	T
94	6981614	A	C
95	6981622	C	T
96	6981736	T	C
97	6981767	C	T
98	6981772	A	G
99	6981780	T	C
100	6981782	G	A

