#read index (1-based)
#num_of_reads: 191
1	ERR000691.5266046
2	ERR001509.6369634
3	ERR001459.546145
4	ERR001458.2550562
5	ERR000152.3499153
6	ERR001509.1849463
7	ERR001507.2796277
8	ERR001506.7168744
9	ERR000694.36620
10	ERR001464.1278297
11	ERR001463.7336424
12	ERR001458.1483956
13	ERR001506.6980469
14	ERR000169.2554751
15	ERR001511.1319428
16	ERR001462.5565783
17	ERR001458.6377368
18	ERR000693.7036877
19	ERR001509.5070838
20	ERR000690.6720018
21	ERR000696.7246001
22	ERR001459.6928667
23	ERR001459.7534672
24	ERR001509.7304314
25	ERR000693.2094150
26	ERR001460.2627834
27	ERR000690.2304268
28	ERR001464.5408603
29	ERR001512.2620903
30	ERR001506.1991313
31	ERR001461.6478041
32	ERR001461.765839
33	ERR001508.7751470
34	ERR001507.5674448
35	ERR000695.3248516
36	ERR000693.4800773
37	ERR000690.4826467
38	ERR000692.2532396
39	ERR001512.3017859
40	ERR000152.2970362
41	ERR001507.1577459
42	ERR001464.4792151
43	ERR001458.4257421
44	ERR001463.4169500
45	ERR000692.2698336
46	ERR000693.3252937
47	ERR001508.3896742
48	ERR001508.1690158
49	ERR000696.2767091
50	ERR000693.200192
51	ERR000690.5729515
52	ERR000696.2099859
53	ERR001460.1343379
54	ERR001458.5618232
55	ERR001512.5616773
56	ERR001511.262366
57	ERR001461.2887949
58	ERR001461.4142145
59	ERR001507.596409
60	ERR000696.5601570
61	ERR001511.3298275
62	ERR001510.2141454
63	ERR001510.4814253
64	ERR001458.6182288
65	ERR001508.3931624
66	ERR001463.4489199
67	ERR000693.1373972
68	ERR001510.2622357
69	ERR001460.2551927
70	ERR000169.696103
71	ERR001462.139060
72	ERR000696.3616006
73	ERR000691.4568614
74	ERR001463.4733232
75	ERR000152.1123709
76	ERR000692.3511806
77	ERR001462.1190670
78	ERR000696.3006053
79	ERR001510.3229276
80	ERR000693.1598236
81	ERR001506.437707
82	ERR001464.6856540
83	ERR001507.5168710
84	ERR001464.5755478
85	ERR001459.5377537
86	ERR000696.4744433
87	ERR000690.4662814
88	ERR000692.984196
89	ERR001462.6216710
90	ERR001509.7562491
91	ERR000695.6992245
92	ERR001463.1441111
93	ERR001460.6922367
94	ERR001464.1942777
95	ERR001460.6475098
96	ERR001461.5076208
97	ERR001507.3552165
98	ERR000169.6062492
99	ERR000695.1413335
100	ERR000169.3660336
101	ERR000696.5628402
102	ERR001509.7734613
103	ERR001460.1482425
104	ERR001458.5208910
105	ERR000169.5969466
106	ERR001462.3095650
107	ERR001458.6034261
108	ERR000695.4043651
109	ERR001458.6828044
110	ERR001459.6733832
111	ERR001506.340015
112	ERR001460.5554220
113	ERR001460.3978064
114	ERR001508.7476307
115	ERR000692.6045867
116	ERR001510.436421
117	ERR001464.3861734
118	ERR001458.7530479
119	ERR001506.1113191
120	ERR001506.4725992
121	ERR001507.1502952
122	ERR000696.6873892
123	ERR001464.4230087
124	ERR001463.3103386
125	ERR001506.6821461
126	ERR000692.2755460
127	ERR000692.6652231
128	ERR000694.7105734
129	ERR001462.5930448
130	ERR001459.3513396
131	ERR001506.467702
132	ERR000693.263266
133	ERR001511.1011194
134	ERR000691.1480963
135	ERR001508.5477321
136	ERR000696.2959624
137	ERR001509.5616734
138	ERR000690.2084199
139	ERR001460.744130
140	ERR001511.1329915
141	ERR001461.4706498
142	ERR001463.2737960
143	ERR001458.1563370
144	ERR001511.2243408
145	ERR001464.2082130
146	ERR001463.5735113
147	ERR000691.6858002
148	ERR000696.6083326
149	ERR001462.5656915
150	ERR000152.3957854
151	ERR001460.6955919
152	ERR001464.6837638
153	ERR001460.5066697
154	ERR000695.3233708
155	ERR001459.3432843
156	ERR001464.1463651
157	ERR001461.5385920
158	ERR000169.897007
159	ERR000693.5012978
160	ERR001458.871880
161	ERR001508.3153309
162	ERR001462.7169618
163	ERR000152.1841770
164	ERR001461.6180204
165	ERR001462.4874328
166	ERR000690.4037016
167	ERR000693.6619587
168	ERR000695.2330074
169	ERR001512.2852862
170	ERR001508.6857274
171	ERR001458.1141803
172	ERR000690.1328358
173	ERR000692.3126407
174	ERR001459.2542117
175	ERR001462.3620901
176	ERR001458.1237581
177	ERR000694.6988567
178	ERR000691.7891
179	ERR001460.2522606
180	ERR001508.8074892
181	ERR000690.6358773
182	ERR001509.4735779
183	ERR001464.6184524
184	ERR000691.6790890
185	ERR001460.2434242
186	ERR001511.4967430
187	ERR001507.7495020
188	ERR000694.4400333
189	ERR001463.6277159
190	ERR001462.3758635
191	ERR000695.849524

#site index (1-based)
#num_of_sites: 100
1	6975892	A	G
2	6975898	C	T
3	6975941	G	A
4	6975947	A	C
5	6976003	A	C
6	6976019	G	A
7	6976101	G	A
8	6976116	C	T
9	6976345	G	A
10	6976683	G	A
11	6976691	G	A
12	6976716	G	A
13	6976736	C	G
14	6976851	T	C
15	6977184	T	A
16	6977224	C	T
17	6977335	C	T
18	6977362	G	A
19	6977385	T	G
20	6977519	A	G
21	6977543	T	G
22	6977757	G	T
23	6977764	G	C
24	6977778	G	A
25	6977978	A	G
26	6978019	G	T
27	6978027	G	A
28	6978034	C	T
29	6978035	G	A
30	6978066	T	G
31	6978097	T	C
32	6978175	T	C
33	6978188	T	G
34	6978219	G	A
35	6978331	A	G
36	6978478	G	A
37	6978624	C	T
38	6978698	G	A
39	6978797	G	A
40	6978801	C	G
41	6978829	C	T
42	6979023	G	A
43	6979053	A	T
44	6979129	A	G
45	6979154	G	A
46	6979170	C	T
47	6979190	C	T
48	6979191	G	A
49	6979281	C	G
50	6979322	C	T
51	6979375	A	G
52	6979432	G	A
53	6979505	A	G
54	6979575	T	C
55	6979714	C	T
56	6979717	G	A
57	6979750	C	T
58	6979769	C	A
59	6979774	A	G
60	6979836	G	T
61	6979932	G	A
62	6979958	A	T
63	6980132	G	A
64	6980154	G	T
65	6980235	T	C
66	6980236	G	A
67	6980254	G	A
68	6980569	A	G
69	6980586	T	C
70	6980591	C	T
71	6980636	G	T
72	6980693	G	A
73	6980841	G	A
74	6980874	G	T
75	6980938	G	T
76	6980997	C	T
77	6981000	C	T
78	6981020	G	C
79	6981061	A	G
80	6981107	A	T
81	6981146	A	G
82	6981159	G	C
83	6981231	A	G
84	6981283	T	C
85	6981286	C	T
86	6981428	C	T
87	6981432	T	C
88	6981439	T	A
89	6981449	T	C
90	6981483	T	A
91	6981525	G	C
92	6981530	T	G
93	6981546	C	T
94	6981614	A	C
95	6981622	C	T
96	6981736	T	C
97	6981767	C	T
98	6981772	A	G
99	6981780	T	C
100	6981782	G	A

