#read index (1-based)
#num_of_reads: 306
1	ERR001625.2990306
2	ERR000628.865005
3	ERR000964.2764509
4	ERR002086.5082924
5	ERR002086.2416235
6	ERR000825.2895339
7	ERR000628.3392705
8	ERR000630.2079615
9	ERR000959.6082876
10	ERR001501.7810763
11	ERR000825.2769133
12	ERR001505.4344422
13	ERR000827.4309042
14	ERR001630.1782581
15	ERR001630.2638367
16	ERR000921.2949632
17	ERR000963.1375815
18	ERR000626.6025659
19	ERR001502.2530661
20	ERR000960.920534
21	ERR000963.902609
22	ERR000629.229164
23	ERR001504.6191228
24	ERR001503.4414784
25	ERR001504.1244948
26	ERR000828.3376325
27	ERR002084.637826
28	ERR000920.347032
29	ERR000961.3975684
30	ERR002084.2876139
31	ERR000924.6154174
32	ERR000629.252545
33	ERR000628.4461380
34	ERR000961.8253807
35	ERR001504.2465749
36	ERR000961.2145817
37	ERR001503.4143439
38	ERR000629.1658603
39	ERR000626.1057786
40	ERR000627.6062524
41	ERR002084.1333272
42	ERR000920.4106032
43	ERR000919.1540218
44	ERR001502.1855650
45	ERR000964.6646436
46	ERR001630.682029
47	ERR001503.288586
48	ERR000922.750926
49	ERR001501.8785352
50	ERR001500.2078482
51	ERR000829.5222716
52	ERR001503.7913189
53	ERR001502.4571356
54	ERR000959.3690201
55	ERR000924.5921727
56	ERR000627.3740151
57	ERR000629.5074144
58	ERR002084.1165138
59	ERR001629.974157
60	ERR000964.1090483
61	ERR000960.8078546
62	ERR001630.1191091
63	ERR001500.4654106
64	ERR000630.2777976
65	ERR002081.3867313
66	ERR000829.5040570
67	ERR001628.2792929
68	ERR001629.1751173
69	ERR000829.2649196
70	ERR000920.3882774
71	ERR000960.3339443
72	ERR001628.599353
73	ERR000923.3814848
74	ERR001629.2167111
75	ERR001504.6378903
76	ERR000924.5860583
77	ERR001505.925054
78	ERR001502.4023593
79	ERR001503.4651848
80	ERR000829.4047749
81	ERR001500.3490330
82	ERR000921.6034789
83	ERR001626.471723
84	ERR000627.1711151
85	ERR002081.610483
86	ERR001504.8115256
87	ERR000628.5119452
88	ERR000924.5761306
89	ERR001627.2877445
90	ERR000919.4474549
91	ERR002086.32455
92	ERR000960.3502654
93	ERR001501.5347489
94	ERR000625.3835926
95	ERR000959.5690663
96	ERR000827.218064
97	ERR000625.5627580
98	ERR000827.2521560
99	ERR002086.4132904
100	ERR000827.3764729
101	ERR001502.1284844
102	ERR000920.4720947
103	ERR001505.3229590
104	ERR000825.2290955
105	ERR001630.2856058
106	ERR000961.6887143
107	ERR000919.3968376
108	ERR000923.715648
109	ERR001504.6465569
110	ERR000826.1741897
111	ERR000627.2634837
112	ERR002080.2953726
113	ERR000960.4546273
114	ERR000827.3218666
115	ERR001505.3358789
116	ERR000627.783302
117	ERR001503.7512984
118	ERR000963.934091
119	ERR001500.4579518
120	ERR000963.7279546
121	ERR002084.2967614
122	ERR000627.5798857
123	ERR000921.4894640
124	ERR000960.5235
125	ERR002086.4902599
126	ERR000921.3139102
127	ERR002085.1705937
128	ERR000963.7484705
129	ERR001505.7864357
130	ERR000919.212449
131	ERR001630.3737722
132	ERR000829.315018
133	ERR000630.1337560
134	ERR000919.6272640
135	ERR000923.5742210
136	ERR000825.4439518
137	ERR001503.3636476
138	ERR002080.297631
139	ERR000964.4350880
140	ERR000959.3413499
141	ERR001500.2370414
142	ERR000960.2308086
143	ERR001502.1471740
144	ERR000828.5045195
145	ERR002082.3659574
146	ERR000922.5834780
147	ERR002080.2862624
148	ERR000826.2325280
149	ERR000825.4761611
150	ERR002084.390203
151	ERR000825.3247831
152	ERR002081.4156287
153	ERR000963.5723675
154	ERR000962.7938794
155	ERR000826.2750173
156	ERR002086.3268237
157	ERR000961.4261629
158	ERR001500.1009365
159	ERR002082.871303
160	ERR001502.7334547
161	ERR000964.2732814
162	ERR001625.2646720
163	ERR002086.1535484
164	ERR002081.2043008
165	ERR000627.5678453
166	ERR000828.1631360
167	ERR000963.6511816
168	ERR000959.6476735
169	ERR001504.1088188
170	ERR000963.2545576
171	ERR001503.1013022
172	ERR000630.2851569
173	ERR000626.4388125
174	ERR000961.8105430
175	ERR000828.4016697
176	ERR000626.3343391
177	ERR001503.2922104
178	ERR001500.753152
179	ERR000629.1821573
180	ERR001504.4295815
181	ERR001500.3761601
182	ERR000964.2781115
183	ERR000825.5691027
184	ERR000960.7996544
185	ERR000959.8543230
186	ERR001501.8098126
187	ERR000827.4167130
188	ERR001505.4531201
189	ERR002086.3932270
190	ERR000629.3704247
191	ERR000826.2304971
192	ERR000963.3182549
193	ERR000829.3132474
194	ERR001501.2980672
195	ERR000921.1136304
196	ERR000628.3161152
197	ERR002085.25383
198	ERR000961.5322904
199	ERR000960.1082549
200	ERR001500.5672303
201	ERR000923.3822002
202	ERR002081.1431142
203	ERR001504.8457240
204	ERR002085.4050203
205	ERR002080.3571771
206	ERR000962.2671952
207	ERR000919.5655422
208	ERR000626.4731504
209	ERR000923.2106114
210	ERR000921.5761154
211	ERR000963.5362910
212	ERR000827.3690159
213	ERR001631.4012608
214	ERR000920.580154
215	ERR000629.5011572
216	ERR002083.2451061
217	ERR000964.6878972
218	ERR000924.2774691
219	ERR001502.1049446
220	ERR000964.182824
221	ERR000627.4708513
222	ERR000630.339090
223	ERR001503.960461
224	ERR000924.1124346
225	ERR000922.772275
226	ERR000962.2801488
227	ERR000827.5257993
228	ERR000825.5939528
229	ERR002082.3313211
230	ERR002085.4620409
231	ERR001629.3130061
232	ERR000627.1625361
233	ERR000628.3098446
234	ERR000920.2861834
235	ERR000923.1626445
236	ERR001501.7196162
237	ERR001627.1927559
238	ERR001505.7677771
239	ERR000921.5251177
240	ERR001504.1976511
241	ERR002086.1448568
242	ERR001500.2493655
243	ERR000627.4934601
244	ERR000959.5928129
245	ERR000921.3173234
246	ERR000959.4198742
247	ERR000923.4039451
248	ERR000629.107406
249	ERR001500.1378802
250	ERR000829.1136006
251	ERR000959.7232782
252	ERR000963.7245318
253	ERR001501.6204690
254	ERR001628.1298889
255	ERR002085.3421145
256	ERR000827.2962089
257	ERR001505.5191030
258	ERR002080.4739422
259	ERR002084.3225668
260	ERR001626.64473
261	ERR002085.3173572
262	ERR002081.3778396
263	ERR001501.6201615
264	ERR000920.116970
265	ERR002084.943156
266	ERR001502.4809462
267	ERR001631.2745976
268	ERR000919.1891534
269	ERR000964.6488186
270	ERR001505.995355
271	ERR002081.2719961
272	ERR000627.5058207
273	ERR000964.2576406
274	ERR002086.3410146
275	ERR000964.3765189
276	ERR000625.2095794
277	ERR000829.1028187
278	ERR000629.4316228
279	ERR001500.4293259
280	ERR000919.1673298
281	ERR001629.1197720
282	ERR000626.929859
283	ERR000826.2730966
284	ERR000919.1941545
285	ERR000920.2899570
286	ERR001626.989386
287	ERR001504.6287916
288	ERR000826.3744298
289	ERR002081.2956833
290	ERR000960.4365392
291	ERR002080.2435217
292	ERR002081.4385111
293	ERR000923.2807
294	ERR000960.6844894
295	ERR000628.1244649
296	ERR001629.1698646
297	ERR001502.2158545
298	ERR000825.2815552
299	ERR001503.4683186
300	ERR000627.3515418
301	ERR000959.337494
302	ERR001631.2318289
303	ERR000960.4760106
304	ERR001631.579474
305	ERR000924.5773669
306	ERR000921.4368823

#site index (1-based)
#num_of_sites: 100
1	6975892	A	G
2	6975898	C	T
3	6975941	G	A
4	6975947	A	C
5	6976003	A	C
6	6976019	G	A
7	6976101	G	A
8	6976116	C	T
9	6976345	G	A
10	6976683	G	A
11	6976691	G	A
12	6976716	G	A
13	6976736	C	G
14	6976851	T	C
15	6977184	T	A
16	6977224	C	T
17	6977335	C	T
18	6977362	G	A
19	6977385	T	G
20	6977519	A	G
21	6977543	T	G
22	6977757	G	T
23	6977764	G	C
24	6977778	G	A
25	6977978	A	G
26	6978019	G	T
27	6978027	G	A
28	6978034	C	T
29	6978035	G	A
30	6978066	T	G
31	6978097	T	C
32	6978175	T	C
33	6978188	T	G
34	6978219	G	A
35	6978331	A	G
36	6978478	G	A
37	6978624	C	T
38	6978698	G	A
39	6978797	G	A
40	6978801	C	G
41	6978829	C	T
42	6979023	G	A
43	6979053	A	T
44	6979129	A	G
45	6979154	G	A
46	6979170	C	T
47	6979190	C	T
48	6979191	G	A
49	6979281	C	G
50	6979322	C	T
51	6979375	A	G
52	6979432	G	A
53	6979505	A	G
54	6979575	T	C
55	6979714	C	T
56	6979717	G	A
57	6979750	C	T
58	6979769	C	A
59	6979774	A	G
60	6979836	G	T
61	6979932	G	A
62	6979958	A	T
63	6980132	G	A
64	6980154	G	T
65	6980235	T	C
66	6980236	G	A
67	6980254	G	A
68	6980569	A	G
69	6980586	T	C
70	6980591	C	T
71	6980636	G	T
72	6980693	G	A
73	6980841	G	A
74	6980874	G	T
75	6980938	G	T
76	6980997	C	T
77	6981000	C	T
78	6981020	G	C
79	6981061	A	G
80	6981107	A	T
81	6981146	A	G
82	6981159	G	C
83	6981231	A	G
84	6981283	T	C
85	6981286	C	T
86	6981428	C	T
87	6981432	T	C
88	6981439	T	A
89	6981449	T	C
90	6981483	T	A
91	6981525	G	C
92	6981530	T	G
93	6981546	C	T
94	6981614	A	C
95	6981622	C	T
96	6981736	T	C
97	6981767	C	T
98	6981772	A	G
99	6981780	T	C
100	6981782	G	A

