#read index (1-based)
#num_of_reads: 311
1	ERR007481.234518
2	ERR007532.8924129
3	ERR007473.16783805
4	ERR007481.12921066
5	ERR007481.12082142
6	ERR007482.21379641
7	ERR007482.10233804
8	ERR007532.20946965
9	ERR015986.17887280
10	ERR007533.7845438
11	ERR007481.21138812
12	ERR015987.20249087
13	ERR015987.12446477
14	ERR015986.12881665
15	ERR007473.10313932
16	ERR007473.14319785
17	ERR007532.13685191
18	ERR007682.7764383
19	ERR007682.7169434
20	ERR015987.8161718
21	ERR015985.4885946
22	ERR015986.13417596
23	ERR007473.659291
24	ERR015987.21662927
25	ERR007532.5148042
26	ERR015985.10162626
27	ERR007472.19400956
28	ERR007482.6163971
29	ERR015985.6057110
30	ERR015986.3239548
31	ERR007481.19370457
32	ERR007532.13191042
33	ERR015987.9488160
34	ERR015986.21702936
35	ERR007532.12191948
36	ERR015986.4302795
37	ERR007682.16926235
38	ERR007473.8832589
39	ERR007482.15601070
40	ERR015986.23350535
41	ERR015986.8931428
42	ERR007472.12268396
43	ERR007533.8633864
44	ERR015987.825780
45	ERR015986.3011648
46	ERR015986.11480440
47	ERR007532.7310207
48	ERR015987.14445402
49	ERR007473.16366145
50	ERR007482.7034536
51	ERR007472.11189667
52	ERR007482.13913698
53	ERR015985.12460480
54	ERR007682.18925006
55	ERR015985.2506867
56	ERR007533.13331015
57	ERR007532.3075496
58	ERR015985.8347764
59	ERR015987.5467013
60	ERR007532.8300609
61	ERR007682.19971992
62	ERR007482.2563821
63	ERR007473.8855737
64	ERR007533.10896896
65	ERR007533.11784466
66	ERR007472.7354357
67	ERR007473.5658178
68	ERR015987.3988518
69	ERR015986.1352942
70	ERR015986.21310230
71	ERR007682.2453
72	ERR015986.11823682
73	ERR007482.918616
74	ERR007533.818829
75	ERR007532.9114469
76	ERR015986.23406956
77	ERR007473.9464691
78	ERR015986.21096732
79	ERR007482.15116613
80	ERR007682.16904419
81	ERR007481.7709881
82	ERR007533.4115569
83	ERR007682.15527343
84	ERR007481.6934522
85	ERR015985.1384381
86	ERR007472.2017864
87	ERR007472.17894281
88	ERR007472.16673089
89	ERR007473.7148564
90	ERR007472.19847791
91	ERR007533.10861474
92	ERR015987.15833428
93	ERR015987.10255478
94	ERR015986.18315997
95	ERR015985.1834761
96	ERR015987.19674902
97	ERR007481.16488693
98	ERR015985.15727262
99	ERR015986.12694940
100	ERR007472.15346504
101	ERR007482.9880121
102	ERR007682.18688570
103	ERR007533.492934
104	ERR007682.9425070
105	ERR007533.24280594
106	ERR007472.14152183
107	ERR007473.20296217
108	ERR007482.11790378
109	ERR007682.20657731
110	ERR007682.6026585
111	ERR007682.20888013
112	ERR007481.21765252
113	ERR007682.10177187
114	ERR007481.10777566
115	ERR007532.18279843
116	ERR007482.3209808
117	ERR007481.7051242
118	ERR015985.19490176
119	ERR007482.2884071
120	ERR007533.643334
121	ERR007533.4299137
122	ERR007481.19861942
123	ERR007482.2898328
124	ERR007472.3454991
125	ERR007473.2527134
126	ERR007473.12409211
127	ERR007481.11405277
128	ERR015985.2991771
129	ERR015986.19949274
130	ERR015987.20446201
131	ERR007473.6928931
132	ERR015987.364848
133	ERR007481.9940913
134	ERR007482.19425537
135	ERR015986.8762822
136	ERR007481.13448899
137	ERR007532.737012
138	ERR007482.15665766
139	ERR015985.8110100
140	ERR007533.10915567
141	ERR007532.6223267
142	ERR007481.3910111
143	ERR007533.22519130
144	ERR007481.11061430
145	ERR007473.2103768
146	ERR007482.21445428
147	ERR007533.12358390
148	ERR007481.10861581
149	ERR007682.14517136
150	ERR007472.13893423
151	ERR007472.2434751
152	ERR015985.4790917
153	ERR007482.9696042
154	ERR007533.9221618
155	ERR007472.19412645
156	ERR015986.19810339
157	ERR007532.16175987
158	ERR015985.18501686
159	ERR007481.21461376
160	ERR007682.18581269
161	ERR007482.8845493
162	ERR007682.2377606
163	ERR007482.19162423
164	ERR015987.4127764
165	ERR015987.23396357
166	ERR007482.19508604
167	ERR015985.13470023
168	ERR007682.131435
169	ERR007682.8418329
170	ERR007473.14489437
171	ERR007482.10905907
172	ERR007682.10945784
173	ERR015986.12146050
174	ERR007533.17130520
175	ERR007482.19776708
176	ERR007481.11021421
177	ERR007532.15154776
178	ERR007481.22213727
179	ERR007482.17058776
180	ERR007473.20655245
181	ERR007532.783709
182	ERR007682.14858256
183	ERR007682.9594522
184	ERR007482.8708876
185	ERR007533.22477836
186	ERR007532.21408939
187	ERR007482.4807159
188	ERR007482.15743406
189	ERR007532.7370675
190	ERR015985.15936266
191	ERR007482.18872069
192	ERR015985.11788012
193	ERR015987.8435952
194	ERR007481.11331975
195	ERR007533.8185306
196	ERR007482.2109912
197	ERR007473.5360292
198	ERR007472.5269490
199	ERR007532.14114955
200	ERR007532.10537554
201	ERR007473.12853347
202	ERR015985.3456205
203	ERR007472.18608208
204	ERR007533.593421
205	ERR015986.845577
206	ERR007472.12295762
207	ERR007472.8435407
208	ERR015987.13664517
209	ERR015986.1421589
210	ERR007473.16505470
211	ERR007482.1726464
212	ERR007532.20868058
213	ERR015986.23772628
214	ERR015987.23346252
215	ERR007472.15732409
216	ERR015987.22390141
217	ERR007533.20916112
218	ERR007481.12148106
219	ERR007682.17101641
220	ERR015987.22977346
221	ERR007533.12699821
222	ERR015986.18060098
223	ERR007482.13274448
224	ERR007532.8984167
225	ERR015986.7696020
226	ERR007481.635292
227	ERR015985.12680571
228	ERR007481.11393554
229	ERR007482.15298155
230	ERR015986.15165439
231	ERR007481.7693212
232	ERR015985.1388309
233	ERR015987.11182933
234	ERR007481.22503142
235	ERR007532.7108466
236	ERR015986.14636477
237	ERR007682.15636739
238	ERR015986.19074
239	ERR015986.9406349
240	ERR007682.18437596
241	ERR007533.2375325
242	ERR015985.11172739
243	ERR007533.5383492
244	ERR015987.4762854
245	ERR007472.14288878
246	ERR007472.15477729
247	ERR007481.8977134
248	ERR007481.16763266
249	ERR007482.18814065
250	ERR015985.6621775
251	ERR015985.18186066
252	ERR007682.11343925
253	ERR007533.19084601
254	ERR015987.3723801
255	ERR007533.1906176
256	ERR007682.10320823
257	ERR007473.4112326
258	ERR015985.9186445
259	ERR007533.1650944
260	ERR007482.3326808
261	ERR015987.10532720
262	ERR007482.16290279
263	ERR015987.918715
264	ERR015986.23318070
265	ERR007532.21135591
266	ERR007532.4868320
267	ERR007481.4192093
268	ERR007481.15077810
269	ERR007481.14565169
270	ERR015986.3586023
271	ERR015985.12535614
272	ERR015987.17461608
273	ERR015987.2827479
274	ERR007533.5610493
275	ERR015987.11660945
276	ERR007532.349473
277	ERR007472.13549025
278	ERR007532.20372916
279	ERR007682.6561704
280	ERR007482.3243617
281	ERR007532.7315119
282	ERR007682.14443995
283	ERR007533.16366896
284	ERR007533.19268962
285	ERR015987.2947958
286	ERR007533.20049177
287	ERR007682.3117700
288	ERR007472.4575132
289	ERR007481.1553895
290	ERR015985.14390888
291	ERR007472.1571353
292	ERR007682.8941658
293	ERR007533.12053213
294	ERR015986.5983554
295	ERR007472.9807516
296	ERR015985.1667116
297	ERR015985.5506955
298	ERR015986.16761666
299	ERR007533.1543461
300	ERR015985.8095886
301	ERR007533.22424854
302	ERR007473.1577310
303	ERR015987.21543155
304	ERR015987.17007022
305	ERR007481.4121012
306	ERR007533.16436349
307	ERR007482.4495342
308	ERR007682.20458292
309	ERR007473.15642422
310	ERR015986.7172926
311	ERR015987.12605652

#site index (1-based)
#num_of_sites: 100
1	6975892	A	G
2	6975898	C	T
3	6975941	G	A
4	6975947	A	C
5	6976003	A	C
6	6976019	G	A
7	6976101	G	A
8	6976116	C	T
9	6976345	G	A
10	6976683	G	A
11	6976691	G	A
12	6976716	G	A
13	6976736	C	G
14	6976851	T	C
15	6977184	T	A
16	6977224	C	T
17	6977335	C	T
18	6977362	G	A
19	6977385	T	G
20	6977519	A	G
21	6977543	T	G
22	6977757	G	T
23	6977764	G	C
24	6977778	G	A
25	6977978	A	G
26	6978019	G	T
27	6978027	G	A
28	6978034	C	T
29	6978035	G	A
30	6978066	T	G
31	6978097	T	C
32	6978175	T	C
33	6978188	T	G
34	6978219	G	A
35	6978331	A	G
36	6978478	G	A
37	6978624	C	T
38	6978698	G	A
39	6978797	G	A
40	6978801	C	G
41	6978829	C	T
42	6979023	G	A
43	6979053	A	T
44	6979129	A	G
45	6979154	G	A
46	6979170	C	T
47	6979190	C	T
48	6979191	G	A
49	6979281	C	G
50	6979322	C	T
51	6979375	A	G
52	6979432	G	A
53	6979505	A	G
54	6979575	T	C
55	6979714	C	T
56	6979717	G	A
57	6979750	C	T
58	6979769	C	A
59	6979774	A	G
60	6979836	G	T
61	6979932	G	A
62	6979958	A	T
63	6980132	G	A
64	6980154	G	T
65	6980235	T	C
66	6980236	G	A
67	6980254	G	A
68	6980569	A	G
69	6980586	T	C
70	6980591	C	T
71	6980636	G	T
72	6980693	G	A
73	6980841	G	A
74	6980874	G	T
75	6980938	G	T
76	6980997	C	T
77	6981000	C	T
78	6981020	G	C
79	6981061	A	G
80	6981107	A	T
81	6981146	A	G
82	6981159	G	C
83	6981231	A	G
84	6981283	T	C
85	6981286	C	T
86	6981428	C	T
87	6981432	T	C
88	6981439	T	A
89	6981449	T	C
90	6981483	T	A
91	6981525	G	C
92	6981530	T	G
93	6981546	C	T
94	6981614	A	C
95	6981622	C	T
96	6981736	T	C
97	6981767	C	T
98	6981772	A	G
99	6981780	T	C
100	6981782	G	A

