#read index (1-based)
#num_of_reads: 151
1	SRR006468.153477
2	SRR006472.694382
3	ERR000950.1350193
4	ERR000903.2444969
5	ERR000904.1184286
6	ERR000950.6814050
7	ERR000903.3151154
8	ERR000904.3698792
9	ERR000900.2034772
10	ERR000899.4448975
11	SRR006474.257520
12	ERR000899.3352341
13	ERR000946.446109
14	ERR000901.1356145
15	ERR000949.374882
16	ERR000900.2280969
17	ERR000899.3130153
18	ERR000947.4220878
19	ERR000947.199491
20	ERR000898.1034187
21	SRR006474.180235
22	SRR006469.650181
23	ERR000902.5920403
24	ERR000903.1253203
25	SRR006473.336042
26	ERR000900.4161797
27	ERR000950.3946909
28	ERR000899.2027495
29	ERR000951.4001469
30	ERR002177.1798432
31	ERR000947.3383477
32	SRR006474.240531
33	SRR006474.18186
34	ERR000904.287056
35	SRR006471.906140
36	ERR000900.3593959
37	ERR000901.7748642
38	ERR000899.4474416
39	ERR002177.1018615
40	SRR006470.818823
41	SRR006470.810342
42	ERR000903.6836916
43	ERR000951.361460
44	ERR000902.4385315
45	ERR000902.3837399
46	ERR000900.377411
47	ERR000950.2246578
48	SRR006479.1147293
49	ERR000948.3314110
50	ERR000947.1332113
51	ERR000902.4020040
52	SRR006469.682732
53	ERR000952.1181639
54	ERR000951.6695062
55	ERR000900.6261218
56	ERR000947.868897
57	SRR006480.258479
58	ERR000900.3618197
59	ERR000950.3092452
60	ERR000903.2014669
61	ERR000950.3294393
62	ERR000898.7244435
63	ERR000949.4338224
64	SRR006470.267166
65	ERR000904.94187
66	ERR000898.4427172
67	ERR002178.3238717
68	SRR006470.362184
69	ERR000947.529692
70	ERR000950.4100039
71	ERR000950.6655911
72	ERR000901.2129384
73	ERR000899.3700893
74	ERR002178.344514
75	ERR000898.2442414
76	ERR002178.1500763
77	ERR000898.5068247
78	ERR000904.6496435
79	ERR000900.310360
80	ERR000951.5763989
81	ERR000901.7855234
82	ERR000903.2453212
83	SRR006470.1104863
84	SRR006475.171852
85	ERR000951.1724406
86	SRR006478.55202
87	ERR000903.7254552
88	ERR000902.3167314
89	ERR002178.198158
90	ERR002177.747394
91	ERR000903.544229
92	ERR000949.107924
93	SRR006470.1045948
94	ERR000898.1810235
95	ERR002177.1173045
96	ERR000900.2953336
97	ERR000898.7457148
98	ERR000902.7988665
99	ERR000951.6991832
100	SRR006478.708708
101	ERR000900.2307024
102	ERR000898.3072709
103	ERR002177.1029481
104	ERR002178.2362294
105	ERR000898.699034
106	ERR002177.1349360
107	ERR000901.5925180
108	ERR000949.6397728
109	ERR000899.5671769
110	ERR000901.5386270
111	ERR000950.765045
112	ERR000903.5522816
113	ERR002178.2374649
114	ERR000900.2472692
115	ERR000899.2935524
116	ERR000951.553554
117	ERR000903.4393933
118	ERR000949.3640719
119	ERR002178.4077856
120	ERR000952.1211984
121	ERR000952.5904674
122	ERR000902.6615251
123	ERR002178.3577010
124	ERR000901.5277946
125	ERR000901.2812244
126	ERR000899.3531648
127	SRR006469.1128579
128	SRR006473.633407
129	ERR000951.6345212
130	ERR000946.3492241
131	ERR000902.3759696
132	ERR000901.820838
133	SRR006471.1344398
134	ERR000904.3338057
135	ERR000898.2478034
136	ERR000899.4850086
137	ERR000900.4807356
138	ERR000948.3125211
139	ERR000900.4071227
140	SRR006468.518697
141	ERR000948.4926126
142	ERR000900.2372218
143	ERR000902.5032738
144	ERR000903.2295883
145	ERR000898.3650455
146	ERR000948.74365
147	ERR002178.1583074
148	SRR006473.678896
149	ERR000899.4139346
150	ERR000952.2272008
151	ERR000901.3980777

#site index (1-based)
#num_of_sites: 100
1	6975892	A	G
2	6975898	C	T
3	6975941	G	A
4	6975947	A	C
5	6976003	A	C
6	6976019	G	A
7	6976101	G	A
8	6976116	C	T
9	6976345	G	A
10	6976683	G	A
11	6976691	G	A
12	6976716	G	A
13	6976736	C	G
14	6976851	T	C
15	6977184	T	A
16	6977224	C	T
17	6977335	C	T
18	6977362	G	A
19	6977385	T	G
20	6977519	A	G
21	6977543	T	G
22	6977757	G	T
23	6977764	G	C
24	6977778	G	A
25	6977978	A	G
26	6978019	G	T
27	6978027	G	A
28	6978034	C	T
29	6978035	G	A
30	6978066	T	G
31	6978097	T	C
32	6978175	T	C
33	6978188	T	G
34	6978219	G	A
35	6978331	A	G
36	6978478	G	A
37	6978624	C	T
38	6978698	G	A
39	6978797	G	A
40	6978801	C	G
41	6978829	C	T
42	6979023	G	A
43	6979053	A	T
44	6979129	A	G
45	6979154	G	A
46	6979170	C	T
47	6979190	C	T
48	6979191	G	A
49	6979281	C	G
50	6979322	C	T
51	6979375	A	G
52	6979432	G	A
53	6979505	A	G
54	6979575	T	C
55	6979714	C	T
56	6979717	G	A
57	6979750	C	T
58	6979769	C	A
59	6979774	A	G
60	6979836	G	T
61	6979932	G	A
62	6979958	A	T
63	6980132	G	A
64	6980154	G	T
65	6980235	T	C
66	6980236	G	A
67	6980254	G	A
68	6980569	A	G
69	6980586	T	C
70	6980591	C	T
71	6980636	G	T
72	6980693	G	A
73	6980841	G	A
74	6980874	G	T
75	6980938	G	T
76	6980997	C	T
77	6981000	C	T
78	6981020	G	C
79	6981061	A	G
80	6981107	A	T
81	6981146	A	G
82	6981159	G	C
83	6981231	A	G
84	6981283	T	C
85	6981286	C	T
86	6981428	C	T
87	6981432	T	C
88	6981439	T	A
89	6981449	T	C
90	6981483	T	A
91	6981525	G	C
92	6981530	T	G
93	6981546	C	T
94	6981614	A	C
95	6981622	C	T
96	6981736	T	C
97	6981767	C	T
98	6981772	A	G
99	6981780	T	C
100	6981782	G	A

