#read index (1-based)
#num_of_reads: 253
1	SRR006162.9775189
2	SRR027518.15973655
3	SRR014176.4832670
4	SRR006163.8078349
5	SRR027519.4661348
6	SRR014176.3078692
7	SRR014184.7605026
8	SRR006158.5131155
9	SRR027519.18279518
10	SRR006159.2385143
11	SRR014187.5843219
12	SRR014175.8558600
13	SRR014177.3655267
14	SRR006157.10069874
15	SRR006157.12080251
16	SRR014179.2174544
17	SRR006163.4088154
18	SRR006161.6848614
19	SRR006163.12328317
20	SRR014176.5735819
21	SRR014178.1575303
22	SRR006158.12007340
23	SRR006158.2021393
24	SRR027518.2447635
25	SRR019046.1664604
26	SRR027518.15858134
27	SRR027518.12398855
28	SRR006160.3941095
29	SRR014180.1515388
30	SRR006161.1729173
31	SRR014180.4532344
32	SRR006163.11808374
33	SRR006158.12029309
34	SRR014177.2432444
35	SRR006163.8734168
36	SRR006157.6035873
37	SRR014178.2450312
38	SRR014179.6864204
39	SRR006163.2896791
40	SRR019046.2865016
41	SRR014179.4516103
42	SRR006157.2341058
43	SRR014184.1709572
44	SRR019046.515243
45	SRR006161.468732
46	SRR027519.3125130
47	SRR006161.11863740
48	SRR006163.13738643
49	SRR014175.7865347
50	SRR014178.2342947
51	SRR006157.4817329
52	SRR006163.12617101
53	SRR006161.4607264
54	SRR006161.6573295
55	SRR006161.651940
56	SRR027518.16117242
57	SRR006162.8610755
58	SRR027518.8440835
59	SRR019046.2481504
60	SRR014180.732358
61	SRR006159.9396887
62	SRR014185.9228021
63	SRR006159.5132219
64	SRR027519.15061075
65	SRR006162.3528086
66	SRR027518.20034330
67	SRR027519.10429314
68	SRR006163.2136164
69	SRR019046.2709999
70	SRR006161.9933863
71	SRR006162.2105827
72	SRR027519.12192671
73	SRR006160.12244647
74	SRR014175.5169729
75	SRR027518.20041587
76	SRR027518.2794337
77	SRR027518.5312371
78	SRR014180.813984
79	SRR006160.3773000
80	SRR014176.9974688
81	SRR019046.4664915
82	SRR027518.587877
83	SRR006160.11791485
84	SRR006162.2282438
85	SRR006162.7440902
86	SRR006162.1480287
87	SRR019046.8919684
88	SRR006160.7400197
89	SRR006157.14125983
90	SRR006158.3114660
91	SRR027519.513580
92	SRR006160.4036628
93	SRR006158.7451471
94	SRR014185.7439634
95	SRR027519.4215728
96	SRR014179.756610
97	SRR014179.2283526
98	SRR006159.12911478
99	SRR006163.6283197
100	SRR027518.11583311
101	SRR027519.12448048
102	SRR006160.11519814
103	SRR019046.5508570
104	SRR027519.1023448
105	SRR027519.21727207
106	SRR014177.3341083
107	SRR014181.5701202
108	SRR014185.7034919
109	SRR006161.2303168
110	SRR006162.7443448
111	SRR027519.18101334
112	SRR027518.16885365
113	SRR006158.12917822
114	SRR027519.8112334
115	SRR014179.5039967
116	SRR006157.4509573
117	SRR027519.19874831
118	SRR006162.9746939
119	SRR019046.6671445
120	SRR006163.5050729
121	SRR014175.9901846
122	SRR006158.8821823
123	SRR027519.2629853
124	SRR006160.8812927
125	SRR027519.21504711
126	SRR006159.13118121
127	SRR027518.19903364
128	SRR006161.8887820
129	SRR019046.3152179
130	SRR014179.2180948
131	SRR006161.5577399
132	SRR014175.6492502
133	SRR019046.6771635
134	SRR027519.6977814
135	SRR006160.1819806
136	SRR006162.5074545
137	SRR014177.6421067
138	SRR014179.9402892
139	SRR006158.10732782
140	SRR006158.627173
141	SRR027519.15478257
142	SRR014176.6859024
143	SRR006161.4771238
144	SRR006162.258898
145	SRR006157.8568169
146	SRR027519.2261442
147	SRR006157.11531372
148	SRR027518.2445725
149	SRR006160.31685
150	SRR006162.9069938
151	SRR014175.6781738
152	SRR014180.2477461
153	SRR014176.6632570
154	SRR019046.459078
155	SRR014175.6577957
156	SRR006159.12194522
157	SRR014179.2368103
158	SRR006158.4318398
159	SRR027518.12064339
160	SRR027519.22060846
161	SRR006158.9677022
162	SRR006159.1254462
163	SRR027518.16856714
164	SRR014187.3710800
165	SRR014177.3666612
166	SRR006162.5661530
167	SRR006163.9090494
168	SRR027518.7663933
169	SRR014188.6252248
170	SRR014176.2644558
171	SRR027518.9249117
172	SRR027519.7694165
173	SRR006163.11931295
174	SRR014185.3316928
175	SRR027518.10568067
176	SRR006159.13186205
177	SRR006159.9601753
178	SRR027519.3501485
179	SRR027519.367567
180	SRR006162.27786
181	SRR006159.7911818
182	SRR006158.7119002
183	SRR014177.2795451
184	SRR027518.13342472
185	SRR006158.11484980
186	SRR006162.11322595
187	SRR014186.7356948
188	SRR006163.3270388
189	SRR006162.1312911
190	SRR014179.1148351
191	SRR014178.10051467
192	SRR027519.21328766
193	SRR006162.2941168
194	SRR006157.9556956
195	SRR027518.16004174
196	SRR006160.4033993
197	SRR006163.1481043
198	SRR019046.1403937
199	SRR014185.4042701
200	SRR006158.3466343
201	SRR019046.7943928
202	SRR006160.8172524
203	SRR006161.4779798
204	SRR027519.5900577
205	SRR014177.3927578
206	SRR006160.4590575
207	SRR006162.11103178
208	SRR006162.8604074
209	SRR027519.9230717
210	SRR006159.5790206
211	SRR006161.1195930
212	SRR006161.12689834
213	SRR014179.371904
214	SRR006162.3726953
215	SRR027519.7611647
216	SRR006162.9616873
217	SRR027519.8817605
218	SRR006162.1199694
219	SRR006160.11353745
220	SRR014179.4450624
221	SRR006161.2862918
222	SRR006162.4483374
223	SRR014186.7355738
224	SRR014177.6383828
225	SRR014177.7446676
226	SRR014182.3099703
227	SRR006158.8826791
228	SRR014185.7258687
229	SRR014178.6472034
230	SRR014188.9284884
231	SRR027518.785043
232	SRR006159.6278949
233	SRR014184.9524374
234	SRR006158.14098537
235	SRR006159.13791178
236	SRR006157.1462530
237	SRR014187.2424583
238	SRR014187.7923879
239	SRR006162.1386855
240	SRR027519.18669105
241	SRR014187.9154810
242	SRR027518.10583525
243	SRR014175.5221513
244	SRR027519.13723520
245	SRR014185.3221261
246	SRR027519.6082536
247	SRR006159.3491920
248	SRR006163.6037439
249	SRR006157.4505069
250	SRR006159.4021476
251	SRR014176.5299718
252	SRR006158.9646372
253	SRR014182.7948423

#site index (1-based)
#num_of_sites: 100
1	6975892	A	G
2	6975898	C	T
3	6975941	G	A
4	6975947	A	C
5	6976003	A	C
6	6976019	G	A
7	6976101	G	A
8	6976116	C	T
9	6976345	G	A
10	6976683	G	A
11	6976691	G	A
12	6976716	G	A
13	6976736	C	G
14	6976851	T	C
15	6977184	T	A
16	6977224	C	T
17	6977335	C	T
18	6977362	G	A
19	6977385	T	G
20	6977519	A	G
21	6977543	T	G
22	6977757	G	T
23	6977764	G	C
24	6977778	G	A
25	6977978	A	G
26	6978019	G	T
27	6978027	G	A
28	6978034	C	T
29	6978035	G	A
30	6978066	T	G
31	6978097	T	C
32	6978175	T	C
33	6978188	T	G
34	6978219	G	A
35	6978331	A	G
36	6978478	G	A
37	6978624	C	T
38	6978698	G	A
39	6978797	G	A
40	6978801	C	G
41	6978829	C	T
42	6979023	G	A
43	6979053	A	T
44	6979129	A	G
45	6979154	G	A
46	6979170	C	T
47	6979190	C	T
48	6979191	G	A
49	6979281	C	G
50	6979322	C	T
51	6979375	A	G
52	6979432	G	A
53	6979505	A	G
54	6979575	T	C
55	6979714	C	T
56	6979717	G	A
57	6979750	C	T
58	6979769	C	A
59	6979774	A	G
60	6979836	G	T
61	6979932	G	A
62	6979958	A	T
63	6980132	G	A
64	6980154	G	T
65	6980235	T	C
66	6980236	G	A
67	6980254	G	A
68	6980569	A	G
69	6980586	T	C
70	6980591	C	T
71	6980636	G	T
72	6980693	G	A
73	6980841	G	A
74	6980874	G	T
75	6980938	G	T
76	6980997	C	T
77	6981000	C	T
78	6981020	G	C
79	6981061	A	G
80	6981107	A	T
81	6981146	A	G
82	6981159	G	C
83	6981231	A	G
84	6981283	T	C
85	6981286	C	T
86	6981428	C	T
87	6981432	T	C
88	6981439	T	A
89	6981449	T	C
90	6981483	T	A
91	6981525	G	C
92	6981530	T	G
93	6981546	C	T
94	6981614	A	C
95	6981622	C	T
96	6981736	T	C
97	6981767	C	T
98	6981772	A	G
99	6981780	T	C
100	6981782	G	A

