#read index (1-based)
#num_of_reads: 144
1	SRR006407.1298096
2	SRR005501.496594
3	ERR000861.4665568
4	ERR000879.3644367
5	SRR006402.907869
6	ERR000876.8106632
7	ERR000865.5761683
8	ERR000878.5066221
9	ERR000878.383876
10	SRR006401.952215
11	SRR006407.1164002
12	ERR000859.5701692
13	ERR000876.3859367
14	ERR000860.5826659
15	ERR000877.3077908
16	ERR000861.3677205
17	ERR000860.3740583
18	ERR000877.4646592
19	SRR006402.480715
20	ERR000879.7291858
21	ERR000877.5417093
22	ERR002438.1508588
23	ERR000877.1154107
24	ERR000875.6050498
25	ERR000864.3986734
26	SRR006333.632701
27	ERR000865.87276
28	ERR000876.4531978
29	ERR000862.5072098
30	ERR002439.1151524
31	ERR000865.6285740
32	ERR000874.6178938
33	SRR006407.1292625
34	ERR000862.4829323
35	ERR002438.2822072
36	ERR000863.4125170
37	ERR000876.3470959
38	ERR000864.1949736
39	ERR000877.4748941
40	ERR000879.1254505
41	ERR000862.1991317
42	ERR000859.804965
43	SRR006404.707718
44	SRR006403.414219
45	ERR000876.8666369
46	ERR000878.1521418
47	SRR006408.86266
48	ERR000878.3176716
49	ERR000875.4469359
50	ERR000864.1366915
51	ERR000878.7017471
52	ERR000859.3422564
53	ERR000876.4127570
54	ERR000876.6840999
55	ERR000859.2877271
56	ERR000879.3014772
57	ERR000861.6803438
58	ERR000879.4083792
59	SRR006334.943552
60	ERR000865.6043193
61	ERR000876.2647827
62	ERR000874.7831805
63	ERR000876.1915865
64	ERR000861.6648776
65	ERR000860.2896930
66	ERR000876.7488946
67	ERR000874.549986
68	ERR000877.7178936
69	ERR000875.1619326
70	ERR000879.2028164
71	ERR000862.821941
72	ERR002438.3323339
73	ERR000859.4116977
74	ERR000874.8723587
75	ERR000859.6256613
76	SRR006401.569762
77	ERR000879.854036
78	ERR000874.5450232
79	ERR000876.2577610
80	SRR006405.487749
81	ERR000874.7685866
82	ERR000861.6988510
83	ERR000873.842222
84	ERR000862.3015174
85	ERR000874.8450985
86	ERR000861.6460556
87	ERR000878.351802
88	ERR000875.3230773
89	ERR000873.7303533
90	ERR000875.5238314
91	ERR000877.6281459
92	ERR000878.2197080
93	ERR000878.2369699
94	ERR000874.4080311
95	ERR000865.960512
96	ERR000877.7674864
97	SRR006406.247824
98	ERR000861.5557042
99	ERR000864.5464992
100	ERR000864.3613664
101	ERR000874.2492643
102	ERR000860.4875060
103	SRR005501.600002
104	ERR000860.1996810
105	ERR000874.5582175
106	ERR000877.7644583
107	SRR006407.377693
108	ERR000861.4813391
109	ERR000874.4853950
110	ERR000879.7631939
111	ERR000862.873738
112	ERR000865.5267069
113	SRR006401.356313
114	SRR006401.475621
115	ERR000864.5497104
116	ERR000875.3425635
117	ERR000875.5119474
118	ERR000875.5298566
119	ERR000863.4835725
120	SRR006333.766207
121	ERR000864.5037192
122	ERR000863.3637241
123	ERR000873.5367948
124	ERR000878.5224888
125	ERR000877.6323436
126	ERR000863.610273
127	ERR000879.2649918
128	ERR000864.6790156
129	ERR000876.2476530
130	ERR000877.8025802
131	SRR006333.84038
132	ERR000878.3056484
133	ERR000875.2458775
134	ERR000865.3799442
135	ERR000865.3469492
136	ERR000875.6014262
137	ERR002439.150232
138	ERR000879.8211615
139	ERR000879.3076252
140	SRR006333.95552
141	ERR000863.3082974
142	SRR005502.889826
143	ERR000862.6290224
144	ERR000874.704115

#site index (1-based)
#num_of_sites: 100
1	6975892	A	G
2	6975898	C	T
3	6975941	G	A
4	6975947	A	C
5	6976003	A	C
6	6976019	G	A
7	6976101	G	A
8	6976116	C	T
9	6976345	G	A
10	6976683	G	A
11	6976691	G	A
12	6976716	G	A
13	6976736	C	G
14	6976851	T	C
15	6977184	T	A
16	6977224	C	T
17	6977335	C	T
18	6977362	G	A
19	6977385	T	G
20	6977519	A	G
21	6977543	T	G
22	6977757	G	T
23	6977764	G	C
24	6977778	G	A
25	6977978	A	G
26	6978019	G	T
27	6978027	G	A
28	6978034	C	T
29	6978035	G	A
30	6978066	T	G
31	6978097	T	C
32	6978175	T	C
33	6978188	T	G
34	6978219	G	A
35	6978331	A	G
36	6978478	G	A
37	6978624	C	T
38	6978698	G	A
39	6978797	G	A
40	6978801	C	G
41	6978829	C	T
42	6979023	G	A
43	6979053	A	T
44	6979129	A	G
45	6979154	G	A
46	6979170	C	T
47	6979190	C	T
48	6979191	G	A
49	6979281	C	G
50	6979322	C	T
51	6979375	A	G
52	6979432	G	A
53	6979505	A	G
54	6979575	T	C
55	6979714	C	T
56	6979717	G	A
57	6979750	C	T
58	6979769	C	A
59	6979774	A	G
60	6979836	G	T
61	6979932	G	A
62	6979958	A	T
63	6980132	G	A
64	6980154	G	T
65	6980235	T	C
66	6980236	G	A
67	6980254	G	A
68	6980569	A	G
69	6980586	T	C
70	6980591	C	T
71	6980636	G	T
72	6980693	G	A
73	6980841	G	A
74	6980874	G	T
75	6980938	G	T
76	6980997	C	T
77	6981000	C	T
78	6981020	G	C
79	6981061	A	G
80	6981107	A	T
81	6981146	A	G
82	6981159	G	C
83	6981231	A	G
84	6981283	T	C
85	6981286	C	T
86	6981428	C	T
87	6981432	T	C
88	6981439	T	A
89	6981449	T	C
90	6981483	T	A
91	6981525	G	C
92	6981530	T	G
93	6981546	C	T
94	6981614	A	C
95	6981622	C	T
96	6981736	T	C
97	6981767	C	T
98	6981772	A	G
99	6981780	T	C
100	6981782	G	A

