#read index (1-based)
#num_of_reads: 129
1	SRR211275.38897022
2	SRR211275.11329295
3	SRR211275.25864425
4	SRR211275.17755911
5	SRR211275.10973547
6	SRR211275.42124531
7	SRR013179.71078
8	SRR211275.3519775
9	SRR211275.8467218
10	SRR211275.16653486
11	SRR211275.20223113
12	SRR211275.5205970
13	SRR211275.34777606
14	SRR211275.27704249
15	SRR211275.15351656
16	SRR007034.389462
17	SRR013255.92398
18	SRR211275.19068244
19	SRR211275.28025556
20	SRR211275.39801500
21	SRR211275.9687371
22	SRR211275.14019085
23	SRR007034.190266
24	SRR007062.44794
25	SRR007069.540155
26	SRR007051.120562
27	SRR211275.17628646
28	SRR211275.19506695
29	SRR211275.13295748
30	SRR211275.15326776
31	SRR013246.820
32	SRR211275.33853098
33	SRR211275.855809
34	SRR211275.12131376
35	SRR211275.641125
36	SRR211275.14733585
37	SRR211275.9243757
38	SRR211275.16432144
39	SRR211275.12515453
40	SRR013256.161361
41	SRR013246.204514
42	SRR211275.4716560
43	SRR007034.352795
44	SRR211275.3098700
45	SRR211275.41200056
46	SRR007070.185594
47	SRR211275.1389408
48	SRR211275.30745600
49	SRR013204.255041
50	SRR211275.20497435
51	SRR211275.42578507
52	SRR211275.12009619
53	SRR007052.109334
54	SRR007043.205319
55	SRR007064.216667
56	SRR007058.145170
57	SRR013207.286992
58	SRR013207.501544
59	SRR211275.26701590
60	SRR007047.437101
61	SRR211275.8707057
62	SRR211275.17413146
63	SRR211275.42560867
64	SRR211275.29122962
65	SRR211275.42527451
66	SRR007044.206432
67	SRR013223.495509
68	SRR007058.189269
69	SRR211275.42288151
70	SRR211275.31562546
71	SRR211275.6412270
72	SRR007039.328320
73	SRR211275.2873070
74	SRR211275.10286484
75	SRR007069.547608
76	SRR211275.24391399
77	SRR013204.24904
78	SRR211275.36521380
79	SRR013173.262817
80	SRR211275.8683208
81	SRR211275.37551503
82	SRR007036.678256
83	SRR211275.37186183
84	SRR211275.22267235
85	SRR211275.10080652
86	SRR007062.640898
87	SRR211275.31060327
88	SRR211275.22441791
89	SRR211275.28519705
90	SRR013224.132584
91	SRR211275.10155352
92	SRR211275.25400330
93	SRR007052.10721
94	SRR007051.410967
95	SRR007042.477075
96	SRR211275.17074383
97	SRR211275.5723378
98	SRR211275.38689416
99	SRR007069.243116
100	SRR211275.25528594
101	SRR211275.35679664
102	SRR211275.4317607
103	SRR007036.428181
104	SRR013173.224176
105	SRR013239.111342
106	SRR013246.463114
107	SRR211275.30714229
108	SRR211275.15544658
109	SRR211275.2821142
110	SRR007061.42984
111	SRR211275.31826094
112	SRR211275.14228216
113	SRR211275.14228220
114	SRR211275.24742933
115	SRR013278.478299
116	SRR211275.15355969
117	SRR211275.13380460
118	SRR211275.36944166
119	SRR007036.194937
120	SRR007036.214543
121	SRR211275.4949745
122	SRR211275.15610566
123	SRR211275.459484
124	SRR007039.55983
125	SRR211275.18936999
126	SRR211275.5476178
127	SRR211275.3681930
128	SRR211275.28932827
129	SRR013255.335255

#site index (1-based)
#num_of_sites: 100
1	6975892	A	G
2	6975898	C	T
3	6975941	G	A
4	6975947	A	C
5	6976003	A	C
6	6976019	G	A
7	6976101	G	A
8	6976116	C	T
9	6976345	G	A
10	6976683	G	A
11	6976691	G	A
12	6976716	G	A
13	6976736	C	G
14	6976851	T	C
15	6977184	T	A
16	6977224	C	T
17	6977335	C	T
18	6977362	G	A
19	6977385	T	G
20	6977519	A	G
21	6977543	T	G
22	6977757	G	T
23	6977764	G	C
24	6977778	G	A
25	6977978	A	G
26	6978019	G	T
27	6978027	G	A
28	6978034	C	T
29	6978035	G	A
30	6978066	T	G
31	6978097	T	C
32	6978175	T	C
33	6978188	T	G
34	6978219	G	A
35	6978331	A	G
36	6978478	G	A
37	6978624	C	T
38	6978698	G	A
39	6978797	G	A
40	6978801	C	G
41	6978829	C	T
42	6979023	G	A
43	6979053	A	T
44	6979129	A	G
45	6979154	G	A
46	6979170	C	T
47	6979190	C	T
48	6979191	G	A
49	6979281	C	G
50	6979322	C	T
51	6979375	A	G
52	6979432	G	A
53	6979505	A	G
54	6979575	T	C
55	6979714	C	T
56	6979717	G	A
57	6979750	C	T
58	6979769	C	A
59	6979774	A	G
60	6979836	G	T
61	6979932	G	A
62	6979958	A	T
63	6980132	G	A
64	6980154	G	T
65	6980235	T	C
66	6980236	G	A
67	6980254	G	A
68	6980569	A	G
69	6980586	T	C
70	6980591	C	T
71	6980636	G	T
72	6980693	G	A
73	6980841	G	A
74	6980874	G	T
75	6980938	G	T
76	6980997	C	T
77	6981000	C	T
78	6981020	G	C
79	6981061	A	G
80	6981107	A	T
81	6981146	A	G
82	6981159	G	C
83	6981231	A	G
84	6981283	T	C
85	6981286	C	T
86	6981428	C	T
87	6981432	T	C
88	6981439	T	A
89	6981449	T	C
90	6981483	T	A
91	6981525	G	C
92	6981530	T	G
93	6981546	C	T
94	6981614	A	C
95	6981622	C	T
96	6981736	T	C
97	6981767	C	T
98	6981772	A	G
99	6981780	T	C
100	6981782	G	A

