#read index (1-based)
#num_of_reads: 160
1	ERR009413.4035521
2	ERR009416.15787947
3	ERR005813.3255079
4	ERR009416.20350150
5	ERR003086.5499994
6	ERR009416.1647344
7	ERR009413.6893127
8	ERR009413.3288507
9	ERR003047.2010197
10	ERR003087.4792535
11	ERR009413.12957871
12	ERR009416.20615817
13	ERR009416.262702
14	ERR003047.6658469
15	ERR003089.2403443
16	ERR009416.18794214
17	ERR009413.7525472
18	ERR009416.22079182
19	ERR009416.6629784
20	ERR005813.1148526
21	ERR003090.4477582
22	ERR003085.7585014
23	ERR005813.2333506
24	ERR003086.5489062
25	ERR009413.11886468
26	ERR009413.11087893
27	ERR003086.798837
28	ERR009416.7246961
29	ERR003088.3088603
30	ERR009416.2228644
31	ERR003047.5708630
32	ERR009413.5514671
33	ERR009416.4981378
34	ERR009416.3767540
35	ERR005813.5804167
36	ERR003088.6257788
37	ERR009416.11894771
38	ERR009416.14605276
39	ERR005813.1901663
40	ERR003087.7543183
41	ERR003086.743743
42	ERR009416.22981537
43	ERR003086.7892762
44	ERR003085.7271305
45	ERR003088.6771348
46	ERR009413.2316845
47	ERR003047.6728498
48	ERR009416.1447839
49	ERR005813.6131127
50	ERR009416.18893254
51	ERR009416.9783317
52	ERR009413.4258904
53	ERR003087.412136
54	ERR009416.10004016
55	ERR009416.15739224
56	ERR009413.906855
57	ERR003086.8405637
58	ERR003090.419867
59	ERR009416.12755115
60	ERR009416.6650816
61	ERR003047.1394750
62	ERR003085.8654667
63	ERR003087.4933872
64	ERR003047.6058117
65	ERR009413.707121
66	ERR003086.8359489
67	ERR009413.3069220
68	ERR009416.14081282
69	ERR009413.3730559
70	ERR003086.546779
71	ERR003047.360130
72	ERR003090.4468062
73	ERR003086.3498359
74	ERR003086.2175799
75	ERR009413.7059093
76	ERR009416.9777486
77	ERR009416.10710351
78	ERR003089.8369870
79	ERR009413.3524112
80	ERR003047.8924226
81	ERR003087.85896
82	ERR009416.8785335
83	ERR003088.5928258
84	ERR009413.12646559
85	ERR003085.6086812
86	ERR003087.6182141
87	ERR003085.8135126
88	ERR003086.2615371
89	ERR009416.9777411
90	ERR005813.6992873
91	ERR003088.1306538
92	ERR009416.6660344
93	ERR003090.665921
94	ERR009413.10784444
95	ERR009416.16088970
96	ERR003089.1803091
97	ERR009416.8371433
98	ERR009413.11529129
99	ERR003090.2155368
100	ERR003047.9249734
101	ERR003087.7095064
102	ERR003047.5732112
103	ERR005813.2689793
104	ERR009416.18809856
105	ERR003090.2983416
106	ERR003085.8672956
107	ERR009413.15053156
108	ERR009416.20517769
109	ERR003087.293954
110	ERR005813.1139146
111	ERR009416.13803350
112	ERR009413.12597798
113	ERR003047.9385077
114	ERR003047.2845154
115	ERR003087.392834
116	ERR009413.11793392
117	ERR009416.13237005
118	ERR009416.21565317
119	ERR003086.1973805
120	ERR003085.1943854
121	ERR003090.2138861
122	ERR003047.821801
123	ERR009416.9818834
124	ERR003086.2999396
125	ERR003085.9590876
126	ERR003090.2744147
127	ERR003085.7560490
128	ERR009416.1463829
129	ERR003086.2445161
130	ERR003088.4267006
131	ERR003047.448010
132	ERR009413.4373611
133	ERR003085.7953764
134	ERR009413.6894875
135	ERR003086.5616857
136	ERR009416.3113963
137	ERR009416.8548652
138	ERR003089.3731836
139	ERR003086.3676253
140	ERR009413.2108405
141	ERR003087.3814658
142	ERR003087.726975
143	ERR005813.4773728
144	ERR003085.7703305
145	ERR003088.1808615
146	ERR005813.5636776
147	ERR003088.971352
148	ERR009413.1516451
149	ERR003085.3270846
150	ERR003086.2437383
151	ERR003088.7044544
152	ERR003086.818238
153	ERR003085.4230872
154	ERR003089.4618873
155	ERR003085.5013059
156	ERR009416.6824315
157	ERR003088.342064
158	ERR003085.8520019
159	ERR003090.5362344
160	ERR005813.4468823

#site index (1-based)
#num_of_sites: 100
1	6975892	A	G
2	6975898	C	T
3	6975941	G	A
4	6975947	A	C
5	6976003	A	C
6	6976019	G	A
7	6976101	G	A
8	6976116	C	T
9	6976345	G	A
10	6976683	G	A
11	6976691	G	A
12	6976716	G	A
13	6976736	C	G
14	6976851	T	C
15	6977184	T	A
16	6977224	C	T
17	6977335	C	T
18	6977362	G	A
19	6977385	T	G
20	6977519	A	G
21	6977543	T	G
22	6977757	G	T
23	6977764	G	C
24	6977778	G	A
25	6977978	A	G
26	6978019	G	T
27	6978027	G	A
28	6978034	C	T
29	6978035	G	A
30	6978066	T	G
31	6978097	T	C
32	6978175	T	C
33	6978188	T	G
34	6978219	G	A
35	6978331	A	G
36	6978478	G	A
37	6978624	C	T
38	6978698	G	A
39	6978797	G	A
40	6978801	C	G
41	6978829	C	T
42	6979023	G	A
43	6979053	A	T
44	6979129	A	G
45	6979154	G	A
46	6979170	C	T
47	6979190	C	T
48	6979191	G	A
49	6979281	C	G
50	6979322	C	T
51	6979375	A	G
52	6979432	G	A
53	6979505	A	G
54	6979575	T	C
55	6979714	C	T
56	6979717	G	A
57	6979750	C	T
58	6979769	C	A
59	6979774	A	G
60	6979836	G	T
61	6979932	G	A
62	6979958	A	T
63	6980132	G	A
64	6980154	G	T
65	6980235	T	C
66	6980236	G	A
67	6980254	G	A
68	6980569	A	G
69	6980586	T	C
70	6980591	C	T
71	6980636	G	T
72	6980693	G	A
73	6980841	G	A
74	6980874	G	T
75	6980938	G	T
76	6980997	C	T
77	6981000	C	T
78	6981020	G	C
79	6981061	A	G
80	6981107	A	T
81	6981146	A	G
82	6981159	G	C
83	6981231	A	G
84	6981283	T	C
85	6981286	C	T
86	6981428	C	T
87	6981432	T	C
88	6981439	T	A
89	6981449	T	C
90	6981483	T	A
91	6981525	G	C
92	6981530	T	G
93	6981546	C	T
94	6981614	A	C
95	6981622	C	T
96	6981736	T	C
97	6981767	C	T
98	6981772	A	G
99	6981780	T	C
100	6981782	G	A

