#read index (1-based)
#num_of_reads: 147
1	ERR050083.57212134
2	ERR050083.57212137
3	ERR050083.57212139
4	ERR050083.57212135
5	ERR050083.57212138
6	ERR050083.57212141
7	SRR006501.854007
8	ERR050083.57212142
9	ERR050083.57212136
10	ERR050083.57212147
11	SRR006500.944697
12	SRR006503.987590
13	ERR050083.57212155
14	ERR050083.57212156
15	ERR050083.57212154
16	ERR050083.57212157
17	ERR050083.57212158
18	ERR050083.57212148
19	ERR050083.57212149
20	SRR006503.24449
21	SRR006498.842324
22	ERR050083.57212166
23	SRR006499.883769
24	ERR050083.57212171
25	ERR050083.57212168
26	SRR006500.753987
27	ERR050083.57212169
28	ERR050083.57212165
29	ERR050083.57212159
30	ERR050083.57212167
31	ERR050083.57212170
32	ERR050083.57212163
33	ERR050083.57212161
34	ERR050083.57212162
35	ERR050083.57212173
36	ERR050083.57212175
37	SRR006504.185949
38	ERR050083.57212172
39	SRR006507.888308
40	ERR050083.57212164
41	ERR050083.57212176
42	ERR050083.57212179
43	SRR006505.772194
44	ERR050083.57212180
45	ERR050083.57212181
46	ERR050083.57212182
47	ERR050083.57212190
48	SRR006506.1059530
49	ERR050083.57212188
50	SRR006497.637933
51	ERR050083.57212185
52	ERR050083.57212195
53	ERR050083.57212187
54	ERR050083.57212193
55	SRR006505.349603
56	SRR006503.1020526
57	ERR050083.57212191
58	ERR050083.57212192
59	ERR050083.57212194
60	ERR050083.57212183
61	ERR050083.57212196
62	ERR050083.57212184
63	ERR050083.57212197
64	ERR050083.57212198
65	ERR050083.57212199
66	ERR050083.57212186
67	ERR050083.57212201
68	ERR050083.57212189
69	SRR006505.948126
70	SRR006507.484755
71	ERR050083.57212204
72	ERR050083.57212203
73	ERR050083.57212202
74	ERR050083.57212200
75	ERR050083.57212208
76	ERR050083.57212206
77	ERR050083.57212209
78	ERR050083.57212211
79	ERR050083.57212210
80	ERR050083.57212205
81	SRR006498.902106
82	SRR006501.160463
83	ERR050083.57212215
84	ERR050083.57212212
85	ERR050083.57212218
86	ERR050083.57212213
87	ERR050083.57212217
88	ERR050083.57212216
89	ERR050083.57212214
90	ERR050083.57212219
91	SRR006507.417992
92	ERR050083.57212221
93	ERR050083.57212220
94	SRR006500.1172086
95	ERR050083.57212223
96	ERR050083.57212225
97	ERR050083.57212226
98	ERR050083.57212228
99	ERR050083.57212227
100	SRR006498.135814
101	ERR050083.57212224
102	SRR006507.955059
103	ERR050083.57212229
104	ERR050083.57212230
105	ERR050083.57212232
106	SRR006498.1131562
107	ERR050083.57212233
108	ERR050083.57212222
109	ERR050083.57212234
110	SRR006498.1190852
111	SRR006505.1191953
112	ERR050083.57212231
113	ERR050083.57212235
114	ERR050083.57212236
115	ERR050083.57212237
116	ERR050083.57212238
117	SRR006501.892016
118	ERR050083.57212246
119	ERR050083.57212239
120	SRR006504.1180906
121	ERR050083.57212240
122	ERR050083.57212244
123	SRR006497.37248
124	ERR050083.57212245
125	ERR050083.57212241
126	ERR050083.57212242
127	ERR050083.57212249
128	ERR050083.57212248
129	ERR050083.57212250
130	ERR050083.57212253
131	ERR050083.57212251
132	ERR050083.57212252
133	ERR050083.57212247
134	ERR050083.57212254
135	ERR050083.57212255
136	SRR006504.424399
137	SRR006509.20363
138	ERR050083.57212258
139	ERR050083.57212257
140	ERR050083.57212256
141	ERR050083.57212260
142	SRR006499.175277
143	ERR050083.57212261
144	ERR050083.57212265
145	ERR050083.57212267
146	ERR050083.57212262
147	ERR050083.57212259

#site index (1-based)
#num_of_sites: 100
1	6975892	A	G
2	6975898	C	T
3	6975941	G	A
4	6975947	A	C
5	6976003	A	C
6	6976019	G	A
7	6976101	G	A
8	6976116	C	T
9	6976345	G	A
10	6976683	G	A
11	6976691	G	A
12	6976716	G	A
13	6976736	C	G
14	6976851	T	C
15	6977184	T	A
16	6977224	C	T
17	6977335	C	T
18	6977362	G	A
19	6977385	T	G
20	6977519	A	G
21	6977543	T	G
22	6977757	G	T
23	6977764	G	C
24	6977778	G	A
25	6977978	A	G
26	6978019	G	T
27	6978027	G	A
28	6978034	C	T
29	6978035	G	A
30	6978066	T	G
31	6978097	T	C
32	6978175	T	C
33	6978188	T	G
34	6978219	G	A
35	6978331	A	G
36	6978478	G	A
37	6978624	C	T
38	6978698	G	A
39	6978797	G	A
40	6978801	C	G
41	6978829	C	T
42	6979023	G	A
43	6979053	A	T
44	6979129	A	G
45	6979154	G	A
46	6979170	C	T
47	6979190	C	T
48	6979191	G	A
49	6979281	C	G
50	6979322	C	T
51	6979375	A	G
52	6979432	G	A
53	6979505	A	G
54	6979575	T	C
55	6979714	C	T
56	6979717	G	A
57	6979750	C	T
58	6979769	C	A
59	6979774	A	G
60	6979836	G	T
61	6979932	G	A
62	6979958	A	T
63	6980132	G	A
64	6980154	G	T
65	6980235	T	C
66	6980236	G	A
67	6980254	G	A
68	6980569	A	G
69	6980586	T	C
70	6980591	C	T
71	6980636	G	T
72	6980693	G	A
73	6980841	G	A
74	6980874	G	T
75	6980938	G	T
76	6980997	C	T
77	6981000	C	T
78	6981020	G	C
79	6981061	A	G
80	6981107	A	T
81	6981146	A	G
82	6981159	G	C
83	6981231	A	G
84	6981283	T	C
85	6981286	C	T
86	6981428	C	T
87	6981432	T	C
88	6981439	T	A
89	6981449	T	C
90	6981483	T	A
91	6981525	G	C
92	6981530	T	G
93	6981546	C	T
94	6981614	A	C
95	6981622	C	T
96	6981736	T	C
97	6981767	C	T
98	6981772	A	G
99	6981780	T	C
100	6981782	G	A

