#read index (1-based)
#num_of_reads: 231
1	SRR022595.10637520
2	SRR022594.9585160
3	SRR003384.649790
4	SRR022596.9891111
5	SRR003380.7920877
6	SRR006092.10107982
7	SRR006095.10543896
8	SRR022594.10462987
9	SRR006097.5926491
10	SRR006092.451631
11	SRR006092.6107458
12	SRR006094.771895
13	SRR006094.5172320
14	SRR003385.714683
15	SRR022594.5920107
16	SRR027535.1200647
17	SRR006093.8988212
18	SRR022595.7205141
19	SRR027535.16472285
20	SRR006094.7964628
21	SRR003383.2318241
22	SRR006097.4936685
23	SRR006379.1077132
24	SRR006098.2448993
25	SRR027535.3884844
26	SRR006094.9233236
27	SRR022594.5372859
28	SRR022595.1759717
29	SRR027532.14234297
30	SRR027532.3857102
31	SRR027535.7897580
32	SRR022596.2792431
33	SRR003381.4590527
34	SRR006092.9903720
35	SRR027532.15760468
36	SRR022595.3220831
37	SRR006097.5172817
38	SRR006096.1523578
39	SRR003384.5209831
40	SRR022596.5806372
41	SRR022594.3387353
42	SRR027535.4322474
43	SRR027535.6460893
44	SRR006094.5663939
45	SRR027532.5793247
46	SRR006095.5586863
47	SRR027535.7757510
48	SRR003383.201306
49	SRR022596.3530245
50	SRR027535.6166993
51	SRR006097.5122123
52	SRR027532.135623
53	SRR006096.5684213
54	SRR022595.6947052
55	SRR022596.2073001
56	SRR027532.10699518
57	SRR022596.5808041
58	SRR027532.1347846
59	SRR022594.7876298
60	SRR006096.1686967
61	SRR027535.6055491
62	SRR027532.11708915
63	SRR022594.8682334
64	SRR003386.8827739
65	SRR006098.10520711
66	SRR022594.11322979
67	SRR027532.1534214
68	SRR003382.4479458
69	SRR006092.8451352
70	SRR006095.2065842
71	SRR006095.4681756
72	SRR022594.142668
73	SRR022594.2266807
74	SRR006093.6511301
75	SRR027535.6705869
76	SRR003381.6507301
77	SRR022595.1595802
78	SRR022594.676724
79	SRR027535.15959585
80	SRR022594.6668196
81	SRR027532.15722893
82	SRR006098.1796468
83	SRR006094.11018141
84	SRR003381.3598223
85	SRR027535.528321
86	SRR003384.5984412
87	SRR022594.7964362
88	SRR006096.8678911
89	SRR006092.7741502
90	SRR006093.2059492
91	SRR022596.5201317
92	SRR027532.5728148
93	SRR027532.14186661
94	SRR027532.9908969
95	SRR022596.9932984
96	SRR006095.4624709
97	SRR022594.938973
98	SRR006096.1340327
99	SRR006095.6160888
100	SRR006097.3735098
101	SRR003385.8808215
102	SRR006093.4967546
103	SRR003382.3860455
104	SRR006379.6950575
105	SRR027532.2958066
106	SRR003382.2374976
107	SRR022594.1046346
108	SRR022595.11494679
109	SRR003384.93851
110	SRR006095.1009475
111	SRR006096.6251072
112	SRR022595.6196418
113	SRR022596.9468464
114	SRR022596.7554296
115	SRR022594.5713534
116	SRR022595.2788900
117	SRR027535.13219012
118	SRR006098.7671331
119	SRR006095.2206446
120	SRR022594.5600048
121	SRR022594.8691253
122	SRR027532.12905599
123	SRR006093.448122
124	SRR022596.10378303
125	SRR022594.3254284
126	SRR027535.13775906
127	SRR022596.1540231
128	SRR006092.2140037
129	SRR022596.4736127
130	SRR006096.3644724
131	SRR022596.9855570
132	SRR027532.12765193
133	SRR006097.5287107
134	SRR006092.4991919
135	SRR006095.7137685
136	SRR006096.10415463
137	SRR022595.3176301
138	SRR003385.5299497
139	SRR003384.2588201
140	SRR006094.6260489
141	SRR003381.6179282
142	SRR022596.12416033
143	SRR006092.4525589
144	SRR006094.6080160
145	SRR003385.8598039
146	SRR006098.4306149
147	SRR006092.3242399
148	SRR006093.6910286
149	SRR006092.7202528
150	SRR022596.277175
151	SRR027535.6105926
152	SRR022594.1208625
153	SRR027535.4044561
154	SRR027532.12252696
155	SRR022594.5760463
156	SRR027535.6808636
157	SRR022596.604351
158	SRR022595.2158164
159	SRR022596.6435585
160	SRR006098.9686845
161	SRR006094.1808398
162	SRR022595.11283626
163	SRR027535.2638345
164	SRR022595.1194797
165	SRR027532.3261506
166	SRR022595.4170986
167	SRR027535.9670342
168	SRR027535.16393317
169	SRR027532.2497823
170	SRR003381.2282625
171	SRR022596.8991447
172	SRR006094.1238043
173	SRR022596.9258259
174	SRR022595.1870333
175	SRR006098.5113510
176	SRR022594.3704779
177	SRR027535.15832910
178	SRR006093.1021069
179	SRR006093.2332926
180	SRR006096.1669670
181	SRR003385.2600239
182	SRR006092.8038346
183	SRR006379.6380184
184	SRR006094.7003074
185	SRR006096.8287078
186	SRR003384.4802963
187	SRR022594.466323
188	SRR022595.11625773
189	SRR006095.3878728
190	SRR022595.11747819
191	SRR022596.8300357
192	SRR027535.7240392
193	SRR006095.4997982
194	SRR006094.6940232
195	SRR027535.4652555
196	SRR006096.9651939
197	SRR003386.1947897
198	SRR027535.4997262
199	SRR022594.8441834
200	SRR003386.3783998
201	SRR006097.8369069
202	SRR006095.4994715
203	SRR006098.10076333
204	SRR006095.5801313
205	SRR003385.4601316
206	SRR022595.4139715
207	SRR006096.6042362
208	SRR027535.2302629
209	SRR022596.85384
210	SRR006092.2262791
211	SRR006096.1627565
212	SRR006096.5336840
213	SRR003380.8813211
214	SRR003382.3675076
215	SRR006094.10493910
216	SRR006379.8855067
217	SRR006098.7083780
218	SRR003385.9071349
219	SRR022596.7704901
220	SRR022595.6777967
221	SRR006095.5565365
222	SRR003385.3257907
223	SRR006098.1838127
224	SRR006092.7857449
225	SRR006094.3406410
226	SRR003386.7060932
227	SRR027532.1164775
228	SRR003384.4921161
229	SRR006096.5271850
230	SRR006098.9965697
231	SRR006093.6686836

#site index (1-based)
#num_of_sites: 100
1	6975892	A	G
2	6975898	C	T
3	6975941	G	A
4	6975947	A	C
5	6976003	A	C
6	6976019	G	A
7	6976101	G	A
8	6976116	C	T
9	6976345	G	A
10	6976683	G	A
11	6976691	G	A
12	6976716	G	A
13	6976736	C	G
14	6976851	T	C
15	6977184	T	A
16	6977224	C	T
17	6977335	C	T
18	6977362	G	A
19	6977385	T	G
20	6977519	A	G
21	6977543	T	G
22	6977757	G	T
23	6977764	G	C
24	6977778	G	A
25	6977978	A	G
26	6978019	G	T
27	6978027	G	A
28	6978034	C	T
29	6978035	G	A
30	6978066	T	G
31	6978097	T	C
32	6978175	T	C
33	6978188	T	G
34	6978219	G	A
35	6978331	A	G
36	6978478	G	A
37	6978624	C	T
38	6978698	G	A
39	6978797	G	A
40	6978801	C	G
41	6978829	C	T
42	6979023	G	A
43	6979053	A	T
44	6979129	A	G
45	6979154	G	A
46	6979170	C	T
47	6979190	C	T
48	6979191	G	A
49	6979281	C	G
50	6979322	C	T
51	6979375	A	G
52	6979432	G	A
53	6979505	A	G
54	6979575	T	C
55	6979714	C	T
56	6979717	G	A
57	6979750	C	T
58	6979769	C	A
59	6979774	A	G
60	6979836	G	T
61	6979932	G	A
62	6979958	A	T
63	6980132	G	A
64	6980154	G	T
65	6980235	T	C
66	6980236	G	A
67	6980254	G	A
68	6980569	A	G
69	6980586	T	C
70	6980591	C	T
71	6980636	G	T
72	6980693	G	A
73	6980841	G	A
74	6980874	G	T
75	6980938	G	T
76	6980997	C	T
77	6981000	C	T
78	6981020	G	C
79	6981061	A	G
80	6981107	A	T
81	6981146	A	G
82	6981159	G	C
83	6981231	A	G
84	6981283	T	C
85	6981286	C	T
86	6981428	C	T
87	6981432	T	C
88	6981439	T	A
89	6981449	T	C
90	6981483	T	A
91	6981525	G	C
92	6981530	T	G
93	6981546	C	T
94	6981614	A	C
95	6981622	C	T
96	6981736	T	C
97	6981767	C	T
98	6981772	A	G
99	6981780	T	C
100	6981782	G	A

