#read index (1-based)
#num_of_reads: 323
1	ERR006414.13381487
2	ERR006416.12352362
3	ERR006414.11419804
4	ERR005834.6591233
5	ERR006453.9860838
6	ERR006410.9492331
7	ERR005833.4700256
8	ERR005849.10788815
9	ERR005850.11640944
10	ERR006412.15928038
11	ERR006415.2992917
12	ERR005849.12289637
13	ERR005825.1190529
14	ERR006411.14112375
15	ERR006417.9026759
16	ERR005833.678749
17	ERR006414.1719938
18	ERR006447.5557901
19	ERR006414.7619906
20	ERR005835.1064493
21	ERR005835.604300
22	ERR006447.14815854
23	ERR006415.2529915
24	ERR006415.2813839
25	ERR006452.11501177
26	ERR006410.6425249
27	ERR006447.21184292
28	ERR006415.8640810
29	ERR006416.2716027
30	ERR006413.4272390
31	ERR006410.2983966
32	ERR006413.7932425
33	ERR006415.7765853
34	ERR006257.3737972
35	ERR006413.9870265
36	ERR006414.37632
37	ERR006412.12562150
38	ERR005850.2703588
39	ERR005851.4781579
40	ERR006415.10273368
41	ERR005834.9369691
42	ERR006451.6537674
43	ERR006447.15521215
44	ERR005835.5135965
45	ERR006447.12539990
46	ERR006410.1203022
47	ERR006416.11841009
48	ERR006447.4795023
49	ERR006413.14314572
50	ERR006411.1496672
51	ERR006411.11825252
52	ERR006411.5651596
53	ERR006417.1526805
54	ERR006412.15280924
55	ERR006452.3774543
56	ERR006416.3911898
57	ERR006416.10010002
58	ERR005851.6073227
59	ERR006415.10981154
60	ERR005834.4589661
61	ERR006453.2050742
62	ERR006417.7627645
63	ERR006414.3192330
64	ERR005850.10956636
65	ERR005833.1086765
66	ERR006411.1167576
67	ERR005836.8098655
68	ERR006415.5589008
69	ERR006453.8991214
70	ERR006413.11787427
71	ERR006413.7146232
72	ERR006453.17096312
73	ERR006410.12309622
74	ERR006410.1359258
75	ERR006411.5062185
76	ERR005833.10746720
77	ERR006412.7199897
78	ERR006410.10150173
79	ERR005849.6984436
80	ERR006451.4972644
81	ERR006413.11782621
82	ERR006452.12202674
83	ERR005833.9025403
84	ERR006412.15775014
85	ERR006447.17314569
86	ERR006447.18681051
87	ERR006452.4055921
88	ERR006447.10536083
89	ERR006257.1387194
90	ERR006412.16390184
91	ERR006412.10483817
92	ERR006447.16767836
93	ERR006257.6647668
94	ERR005825.1150715
95	ERR006451.3114810
96	ERR006410.1686129
97	ERR006447.8179054
98	ERR006410.3997807
99	ERR006257.2941867
100	ERR006411.7304858
101	ERR005833.10483970
102	ERR005850.11180167
103	ERR006413.211724
104	ERR006411.893786
105	ERR005849.3504445
106	ERR006410.13291422
107	ERR006411.7348291
108	ERR006413.2975145
109	ERR006413.10692058
110	ERR005834.10664310
111	ERR005834.11490323
112	ERR005834.3902217
113	ERR005850.2222240
114	ERR006447.3769306
115	ERR005851.5478218
116	ERR006410.1875619
117	ERR006447.2918238
118	ERR006452.17412492
119	ERR006417.12324974
120	ERR006447.15532315
121	ERR006452.13616969
122	ERR006412.11955859
123	ERR005849.1122603
124	ERR006415.12845117
125	ERR005850.11899068
126	ERR006414.2529967
127	ERR006257.7163239
128	ERR006447.21534078
129	ERR006257.594562
130	ERR005836.5022372
131	ERR006415.5996202
132	ERR006410.8909179
133	ERR005851.9806811
134	ERR006410.1158115
135	ERR006453.7556817
136	ERR006257.7463485
137	ERR005851.6934384
138	ERR006412.1977417
139	ERR006417.1901623
140	ERR006447.19336463
141	ERR005825.3467890
142	ERR005833.2701787
143	ERR005835.2044189
144	ERR006414.9212527
145	ERR006413.3514231
146	ERR006410.15045456
147	ERR006447.9700393
148	ERR006452.3742394
149	ERR006412.13514336
150	ERR006410.944311
151	ERR006453.12637736
152	ERR006414.12563383
153	ERR006416.9358784
154	ERR006414.8763344
155	ERR005851.8126207
156	ERR006453.17720480
157	ERR006416.2216680
158	ERR006413.13722464
159	ERR006452.17419588
160	ERR006412.2631334
161	ERR006411.13883508
162	ERR006452.10999134
163	ERR006447.614795
164	ERR006416.8698014
165	ERR005850.4371653
166	ERR006411.8990286
167	ERR006411.3986336
168	ERR006412.5574803
169	ERR005851.3586339
170	ERR006414.10412054
171	ERR006453.12585865
172	ERR005850.2569770
173	ERR006414.3293285
174	ERR006453.10472330
175	ERR005834.8683122
176	ERR005849.12277798
177	ERR006415.12977474
178	ERR005850.4264606
179	ERR006415.7006814
180	ERR006452.15529537
181	ERR005834.1494042
182	ERR006411.9063221
183	ERR006452.7165262
184	ERR006413.2630038
185	ERR005835.310980
186	ERR006416.10612154
187	ERR006417.6502727
188	ERR006453.7624682
189	ERR005833.8135727
190	ERR006411.504665
191	ERR006451.1713549
192	ERR006412.12118278
193	ERR005835.3941165
194	ERR005826.3355062
195	ERR006413.2342172
196	ERR005835.515578
197	ERR006257.7343130
198	ERR006447.17889694
199	ERR005849.11337740
200	ERR005850.3065971
201	ERR006453.12113755
202	ERR006414.7838043
203	ERR006416.7987690
204	ERR005850.9581688
205	ERR006410.9096384
206	ERR005851.6804884
207	ERR005850.894658
208	ERR005850.10015637
209	ERR005834.8911498
210	ERR005835.1232676
211	ERR006413.445749
212	ERR006412.11532880
213	ERR006416.4907823
214	ERR006415.3139399
215	ERR006411.12359768
216	ERR006447.5464055
217	ERR006414.6978318
218	ERR006257.6976005
219	ERR006452.8976517
220	ERR005849.2598808
221	ERR006453.6333755
222	ERR006416.3363154
223	ERR006452.16389094
224	ERR006412.3986831
225	ERR006413.170315
226	ERR005836.7991997
227	ERR005836.8052975
228	ERR006257.823012
229	ERR005835.9844958
230	ERR005836.4514561
231	ERR006411.15161277
232	ERR006414.10437056
233	ERR006415.5922063
234	ERR006453.12637719
235	ERR006417.547957
236	ERR006453.16179287
237	ERR006411.618919
238	ERR006453.17779140
239	ERR006412.15382365
240	ERR006410.13476889
241	ERR006413.14356920
242	ERR006412.503836
243	ERR005849.3785491
244	ERR006447.11638427
245	ERR006447.15047854
246	ERR005833.7826105
247	ERR006447.15654302
248	ERR006417.6814743
249	ERR006412.17543349
250	ERR006447.3671536
251	ERR006447.21786785
252	ERR005849.11607814
253	ERR005849.1424285
254	ERR005849.9445473
255	ERR006413.4547338
256	ERR005836.2764862
257	ERR006414.7178777
258	ERR006416.8539254
259	ERR006447.9061475
260	ERR006447.1087919
261	ERR006410.10770534
262	ERR005850.1674577
263	ERR006415.6064708
264	ERR005833.10926291
265	ERR006413.2875058
266	ERR005850.4774448
267	ERR005850.7885901
268	ERR006415.2475835
269	ERR005826.3058342
270	ERR006416.3534144
271	ERR006414.12253394
272	ERR006452.2361669
273	ERR006416.4305567
274	ERR006447.13403573
275	ERR005850.769702
276	ERR006417.2602967
277	ERR005836.6513994
278	ERR006417.453090
279	ERR006416.11492538
280	ERR005835.310806
281	ERR006417.1402392
282	ERR005836.5169202
283	ERR006412.15386312
284	ERR006453.8272223
285	ERR006453.15902173
286	ERR005833.13073833
287	ERR006416.2501059
288	ERR005851.5126790
289	ERR006451.904580
290	ERR006453.8045717
291	ERR006453.1570684
292	ERR006411.10121055
293	ERR006414.7125168
294	ERR006417.8004855
295	ERR006410.14071267
296	ERR006447.1982893
297	ERR005825.3422801
298	ERR006416.9105021
299	ERR005827.269395
300	ERR006447.2473067
301	ERR005836.4710988
302	ERR006417.11735759
303	ERR005851.5003813
304	ERR005850.8243562
305	ERR005835.8471277
306	ERR006412.9194236
307	ERR005834.10997817
308	ERR006411.1965651
309	ERR005835.3547147
310	ERR006410.14913178
311	ERR006412.14514549
312	ERR005851.2345218
313	ERR006412.12863484
314	ERR006415.7181139
315	ERR005849.954649
316	ERR006453.5207742
317	ERR005851.7107565
318	ERR005834.2733729
319	ERR005834.4214076
320	ERR006453.10411209
321	ERR005833.7959045
322	ERR005834.9900518
323	ERR005851.6337810

#site index (1-based)
#num_of_sites: 100
1	6975892	A	G
2	6975898	C	T
3	6975941	G	A
4	6975947	A	C
5	6976003	A	C
6	6976019	G	A
7	6976101	G	A
8	6976116	C	T
9	6976345	G	A
10	6976683	G	A
11	6976691	G	A
12	6976716	G	A
13	6976736	C	G
14	6976851	T	C
15	6977184	T	A
16	6977224	C	T
17	6977335	C	T
18	6977362	G	A
19	6977385	T	G
20	6977519	A	G
21	6977543	T	G
22	6977757	G	T
23	6977764	G	C
24	6977778	G	A
25	6977978	A	G
26	6978019	G	T
27	6978027	G	A
28	6978034	C	T
29	6978035	G	A
30	6978066	T	G
31	6978097	T	C
32	6978175	T	C
33	6978188	T	G
34	6978219	G	A
35	6978331	A	G
36	6978478	G	A
37	6978624	C	T
38	6978698	G	A
39	6978797	G	A
40	6978801	C	G
41	6978829	C	T
42	6979023	G	A
43	6979053	A	T
44	6979129	A	G
45	6979154	G	A
46	6979170	C	T
47	6979190	C	T
48	6979191	G	A
49	6979281	C	G
50	6979322	C	T
51	6979375	A	G
52	6979432	G	A
53	6979505	A	G
54	6979575	T	C
55	6979714	C	T
56	6979717	G	A
57	6979750	C	T
58	6979769	C	A
59	6979774	A	G
60	6979836	G	T
61	6979932	G	A
62	6979958	A	T
63	6980132	G	A
64	6980154	G	T
65	6980235	T	C
66	6980236	G	A
67	6980254	G	A
68	6980569	A	G
69	6980586	T	C
70	6980591	C	T
71	6980636	G	T
72	6980693	G	A
73	6980841	G	A
74	6980874	G	T
75	6980938	G	T
76	6980997	C	T
77	6981000	C	T
78	6981020	G	C
79	6981061	A	G
80	6981107	A	T
81	6981146	A	G
82	6981159	G	C
83	6981231	A	G
84	6981283	T	C
85	6981286	C	T
86	6981428	C	T
87	6981432	T	C
88	6981439	T	A
89	6981449	T	C
90	6981483	T	A
91	6981525	G	C
92	6981530	T	G
93	6981546	C	T
94	6981614	A	C
95	6981622	C	T
96	6981736	T	C
97	6981767	C	T
98	6981772	A	G
99	6981780	T	C
100	6981782	G	A

