#read index (1-based)
#num_of_reads: 281
1	ERR006458.6083795
2	ERR006247.5773553
3	ERR006246.4477136
4	ERR006457.5694156
5	ERR005847.5722496
6	ERR006430.12955126
7	ERR006457.9916294
8	ERR006248.8513751
9	ERR006429.5226873
10	ERR006448.16504437
11	ERR006455.7235613
12	ERR006449.17196184
13	ERR006361.3297681
14	ERR005848.3536541
15	ERR006457.2652378
16	ERR006248.5332404
17	ERR006457.1223024
18	ERR006282.1286582
19	ERR006456.5285889
20	ERR006448.3897287
21	ERR006458.15896553
22	ERR006246.9865059
23	ERR006430.20574401
24	ERR006458.15095199
25	ERR006458.8431322
26	ERR006429.3354885
27	ERR006457.547001
28	ERR006360.1523798
29	ERR006448.17794420
30	ERR006449.19923468
31	ERR006449.870792
32	ERR006429.25303373
33	ERR006361.442635
34	ERR006455.6718166
35	ERR006247.7145199
36	ERR006454.12662036
37	ERR006455.2428951
38	ERR006455.14893682
39	ERR006449.18225016
40	ERR006457.19948110
41	ERR006430.22640751
42	ERR006430.27059762
43	ERR006457.12636918
44	ERR006455.17354165
45	ERR006455.16517109
46	ERR006458.13846344
47	ERR006430.22729066
48	ERR006458.1435748
49	ERR006429.19972320
50	ERR006246.7610450
51	ERR006247.3671119
52	ERR006260.5165842
53	ERR006458.14227008
54	ERR006282.7345385
55	ERR006454.13246516
56	ERR006430.1114683
57	ERR006458.2615035
58	ERR006457.8705629
59	ERR006458.5073684
60	ERR006449.3361371
61	ERR006454.4592959
62	ERR006248.4199689
63	ERR006458.13483913
64	ERR006360.11657522
65	ERR006375.2188966
66	ERR006247.8510590
67	ERR006430.8197683
68	ERR006430.26894488
69	ERR006457.3439581
70	ERR005847.519170
71	ERR006458.2562203
72	ERR006449.18770092
73	ERR006449.8219861
74	ERR006448.2580551
75	ERR006247.476221
76	ERR006455.19494129
77	ERR006429.20340292
78	ERR006448.13808012
79	ERR005847.13287853
80	ERR006455.12192498
81	ERR006455.10984220
82	ERR006454.3125300
83	ERR006449.5067090
84	ERR006248.9298178
85	ERR006282.4845087
86	ERR006455.8063065
87	ERR006246.9760222
88	ERR006448.8479306
89	ERR006229.4299519
90	ERR006360.7553563
91	ERR006246.3353840
92	ERR006449.16233791
93	ERR006430.24144454
94	ERR006449.634540
95	ERR006248.2257305
96	ERR006360.4267278
97	ERR006248.2120143
98	ERR006282.10490374
99	ERR006449.12472078
100	ERR006455.11957473
101	ERR006430.1302810
102	ERR006449.1659260
103	ERR006458.2688181
104	ERR006449.538875
105	ERR006449.14566913
106	ERR006449.7755570
107	ERR006455.10456125
108	ERR006455.17367033
109	ERR006454.10928254
110	ERR006361.1635951
111	ERR006429.6364226
112	ERR006458.14988828
113	ERR006457.10216278
114	ERR005848.2787321
115	ERR006248.2585454
116	ERR006360.10595158
117	ERR005848.1134994
118	ERR006430.22785337
119	ERR006448.17928627
120	ERR006449.7342045
121	ERR006282.2575919
122	ERR006246.4214915
123	ERR006457.12975143
124	ERR006361.2325330
125	ERR005847.346713
126	ERR006456.19083238
127	ERR006247.2577408
128	ERR006458.17734243
129	ERR006449.3472469
130	ERR006448.18075060
131	ERR006360.1786140
132	ERR006454.20682224
133	ERR005847.10954180
134	ERR006229.6685002
135	ERR006449.162254
136	ERR006248.12749840
137	ERR006247.954396
138	ERR006456.19323074
139	ERR006448.9345275
140	ERR006246.5995643
141	ERR006247.7064485
142	ERR006455.15809216
143	ERR006454.20293445
144	ERR006429.24553889
145	ERR006351.5409478
146	ERR006374.3304782
147	ERR006458.17193438
148	ERR006246.3351196
149	ERR006456.9555761
150	ERR006457.172321
151	ERR006448.6151396
152	ERR006248.12533620
153	ERR006448.21108406
154	ERR006247.5105307
155	ERR006458.9124192
156	ERR006282.2424608
157	ERR006430.25241013
158	ERR006361.6625396
159	ERR006361.5544204
160	ERR006455.14621620
161	ERR006247.3910772
162	ERR006430.14755451
163	ERR005847.11573680
164	ERR006429.14585689
165	ERR005847.5984505
166	ERR006430.98527
167	ERR006458.16425763
168	ERR006458.48722
169	ERR005847.1955323
170	ERR006449.11666288
171	ERR006248.4119288
172	ERR006454.14692969
173	ERR006246.10816307
174	ERR006351.1099276
175	ERR006449.7071684
176	ERR006246.2654705
177	ERR006430.7252143
178	ERR006448.12608890
179	ERR005848.953079
180	ERR005847.6584065
181	ERR005847.2810334
182	ERR006246.5059341
183	ERR006456.14348403
184	ERR006429.19485647
185	ERR006429.26752970
186	ERR006449.10454708
187	ERR006454.493058
188	ERR006360.402882
189	ERR006361.7999365
190	ERR006247.10876288
191	ERR006247.12296577
192	ERR006351.266436
193	ERR006247.3980293
194	ERR006455.507196
195	ERR005847.8392243
196	ERR006429.23487678
197	ERR006448.22664681
198	ERR006457.5549990
199	ERR006458.7868747
200	ERR006430.6323838
201	ERR006454.17282227
202	ERR006430.3572630
203	ERR006229.6035890
204	ERR006455.182590
205	ERR006430.642889
206	ERR006457.18517002
207	ERR005848.3899114
208	ERR006282.2269432
209	ERR006449.8730595
210	ERR006374.1643394
211	ERR006430.12915659
212	ERR006430.12915889
213	ERR006429.6489682
214	ERR006449.696167
215	ERR006248.4568670
216	ERR006260.1918181
217	ERR006361.3317136
218	ERR006247.454645
219	ERR006454.8069388
220	ERR006456.10787426
221	ERR006449.19746100
222	ERR006429.219950
223	ERR006456.338805
224	ERR006246.6178836
225	ERR006247.5551112
226	ERR006457.17135604
227	ERR006457.6212340
228	ERR006456.15739189
229	ERR006449.11283238
230	ERR006456.20448600
231	ERR006456.4553149
232	ERR006457.11631197
233	ERR006248.10512774
234	ERR006246.7034873
235	ERR006448.1869993
236	ERR006454.10621993
237	ERR006456.10325605
238	ERR006454.16490057
239	ERR006456.5973067
240	ERR006429.408714
241	ERR006429.10092419
242	ERR006430.13518911
243	ERR006260.1957467
244	ERR005848.8568724
245	ERR006375.2824464
246	ERR006455.6373648
247	ERR006361.1892741
248	ERR005848.7086416
249	ERR006448.21108503
250	ERR006360.8439081
251	ERR006260.4069891
252	ERR006455.1082311
253	ERR006229.3895920
254	ERR006229.10781967
255	ERR006361.7426449
256	ERR006361.4232659
257	ERR006454.17887583
258	ERR006455.3484084
259	ERR006456.101161
260	ERR006458.1272964
261	ERR006458.11162029
262	ERR006449.20823078
263	ERR006449.19234651
264	ERR006247.1761334
265	ERR006246.4054433
266	ERR006247.5284193
267	ERR006429.9133998
268	ERR006448.19293747
269	ERR006429.1766037
270	ERR006457.17644900
271	ERR006248.7258800
272	ERR005848.6166594
273	ERR006448.15100815
274	ERR006449.19892227
275	ERR006247.7751802
276	ERR006374.2924624
277	ERR006246.3162927
278	ERR005848.1074538
279	ERR005847.9842278
280	ERR006247.5573327
281	ERR005847.3000949

#site index (1-based)
#num_of_sites: 100
1	6975892	A	G
2	6975898	C	T
3	6975941	G	A
4	6975947	A	C
5	6976003	A	C
6	6976019	G	A
7	6976101	G	A
8	6976116	C	T
9	6976345	G	A
10	6976683	G	A
11	6976691	G	A
12	6976716	G	A
13	6976736	C	G
14	6976851	T	C
15	6977184	T	A
16	6977224	C	T
17	6977335	C	T
18	6977362	G	A
19	6977385	T	G
20	6977519	A	G
21	6977543	T	G
22	6977757	G	T
23	6977764	G	C
24	6977778	G	A
25	6977978	A	G
26	6978019	G	T
27	6978027	G	A
28	6978034	C	T
29	6978035	G	A
30	6978066	T	G
31	6978097	T	C
32	6978175	T	C
33	6978188	T	G
34	6978219	G	A
35	6978331	A	G
36	6978478	G	A
37	6978624	C	T
38	6978698	G	A
39	6978797	G	A
40	6978801	C	G
41	6978829	C	T
42	6979023	G	A
43	6979053	A	T
44	6979129	A	G
45	6979154	G	A
46	6979170	C	T
47	6979190	C	T
48	6979191	G	A
49	6979281	C	G
50	6979322	C	T
51	6979375	A	G
52	6979432	G	A
53	6979505	A	G
54	6979575	T	C
55	6979714	C	T
56	6979717	G	A
57	6979750	C	T
58	6979769	C	A
59	6979774	A	G
60	6979836	G	T
61	6979932	G	A
62	6979958	A	T
63	6980132	G	A
64	6980154	G	T
65	6980235	T	C
66	6980236	G	A
67	6980254	G	A
68	6980569	A	G
69	6980586	T	C
70	6980591	C	T
71	6980636	G	T
72	6980693	G	A
73	6980841	G	A
74	6980874	G	T
75	6980938	G	T
76	6980997	C	T
77	6981000	C	T
78	6981020	G	C
79	6981061	A	G
80	6981107	A	T
81	6981146	A	G
82	6981159	G	C
83	6981231	A	G
84	6981283	T	C
85	6981286	C	T
86	6981428	C	T
87	6981432	T	C
88	6981439	T	A
89	6981449	T	C
90	6981483	T	A
91	6981525	G	C
92	6981530	T	G
93	6981546	C	T
94	6981614	A	C
95	6981622	C	T
96	6981736	T	C
97	6981767	C	T
98	6981772	A	G
99	6981780	T	C
100	6981782	G	A

