#read index (1-based)
#num_of_reads: 89
1	SRR002528.248157
2	SRR003317.85880
3	SRR006844.709509
4	SRR006842.387493
5	SRR002547.3802
6	SRR001601.139961
7	SRR006865.197073
8	SRR003756.86267
9	SRR002535.395088
10	SRR006851.147950
11	SRR006843.446168
12	SRR002517.32138
13	SRR003308.35352
14	SRR002547.160123
15	SRR002528.399080
16	SRR002497.140906
17	SRR004435.424997
18	SRR006845.348956
19	SRR002540.139807
20	SRR001603.72489
21	SRR006842.27225
22	SRR004997.153001
23	SRR002517.549967
24	SRR002560.274449
25	SRR002534.70129
26	SRR005001.161665
27	SRR003307.28486
28	SRR002564.332818
29	SRR006843.491849
30	SRR006842.161071
31	SRR004946.373659
32	SRR002519.384443
33	SRR002497.185377
34	SRR002521.101626
35	SRR006845.764821
36	SRR006843.260673
37	SRR004947.478851
38	SRR003601.55674
39	SRR003308.17054
40	SRR004998.146273
41	SRR003322.517017
42	SRR006851.740656
43	SRR002547.547929
44	SRR003307.81199
45	SRR002529.424523
46	SRR002530.557572
47	SRR003575.429065
48	SRR003313.74355
49	SRR003308.32360
50	SRR002547.536622
51	SRR003617.362026
52	SRR006847.49183
53	SRR004439.126072
54	SRR003617.516669
55	SRR003308.531049
56	SRR004946.285147
57	SRR003769.25446
58	SRR002559.500491
59	SRR003608.348822
60	SRR002554.214679
61	SRR002529.78660
62	SRR003617.202400
63	SRR002530.365985
64	SRR002543.248080
65	SRR003322.239389
66	SRR003616.451420
67	SRR004942.422094
68	SRR003765.93235
69	SRR004438.318000
70	SRR006344.260991
71	SRR006844.57784
72	SRR002485.327577
73	SRR006865.681358
74	SRR004435.488390
75	SRR002535.509904
76	SRR003769.598801
77	SRR002552.576526
78	SRR003773.551341
79	SRR006850.1162027
80	SRR002569.122040
81	SRR003752.165546
82	SRR003325.3456
83	SRR002517.139515
84	SRR002518.373605
85	SRR003584.436800
86	SRR002485.142406
87	SRR002518.224594
88	SRR006344.217639
89	SRR006850.426197

#site index (1-based)
#num_of_sites: 100
1	6975892	A	G
2	6975898	C	T
3	6975941	G	A
4	6975947	A	C
5	6976003	A	C
6	6976019	G	A
7	6976101	G	A
8	6976116	C	T
9	6976345	G	A
10	6976683	G	A
11	6976691	G	A
12	6976716	G	A
13	6976736	C	G
14	6976851	T	C
15	6977184	T	A
16	6977224	C	T
17	6977335	C	T
18	6977362	G	A
19	6977385	T	G
20	6977519	A	G
21	6977543	T	G
22	6977757	G	T
23	6977764	G	C
24	6977778	G	A
25	6977978	A	G
26	6978019	G	T
27	6978027	G	A
28	6978034	C	T
29	6978035	G	A
30	6978066	T	G
31	6978097	T	C
32	6978175	T	C
33	6978188	T	G
34	6978219	G	A
35	6978331	A	G
36	6978478	G	A
37	6978624	C	T
38	6978698	G	A
39	6978797	G	A
40	6978801	C	G
41	6978829	C	T
42	6979023	G	A
43	6979053	A	T
44	6979129	A	G
45	6979154	G	A
46	6979170	C	T
47	6979190	C	T
48	6979191	G	A
49	6979281	C	G
50	6979322	C	T
51	6979375	A	G
52	6979432	G	A
53	6979505	A	G
54	6979575	T	C
55	6979714	C	T
56	6979717	G	A
57	6979750	C	T
58	6979769	C	A
59	6979774	A	G
60	6979836	G	T
61	6979932	G	A
62	6979958	A	T
63	6980132	G	A
64	6980154	G	T
65	6980235	T	C
66	6980236	G	A
67	6980254	G	A
68	6980569	A	G
69	6980586	T	C
70	6980591	C	T
71	6980636	G	T
72	6980693	G	A
73	6980841	G	A
74	6980874	G	T
75	6980938	G	T
76	6980997	C	T
77	6981000	C	T
78	6981020	G	C
79	6981061	A	G
80	6981107	A	T
81	6981146	A	G
82	6981159	G	C
83	6981231	A	G
84	6981283	T	C
85	6981286	C	T
86	6981428	C	T
87	6981432	T	C
88	6981439	T	A
89	6981449	T	C
90	6981483	T	A
91	6981525	G	C
92	6981530	T	G
93	6981546	C	T
94	6981614	A	C
95	6981622	C	T
96	6981736	T	C
97	6981767	C	T
98	6981772	A	G
99	6981780	T	C
100	6981782	G	A

