#read index (1-based)
#num_of_reads: 165
1	ERR003063.4608313
2	ERR003064.12402060
3	ERR003066.8325059
4	ERR005810.6550393
5	ERR003066.7585429
6	ERR005808.3197328
7	ERR005808.8589628
8	ERR003042.6113214
9	ERR003065.14751622
10	ERR003065.2211747
11	ERR003065.853098
12	ERR005809.3092665
13	ERR005808.1220657
14	ERR005809.9418268
15	ERR003064.13067488
16	ERR003066.13928362
17	ERR003042.7772175
18	ERR003063.12502046
19	ERR003042.9776688
20	ERR009404.10399810
21	ERR005809.11709514
22	ERR003066.5311078
23	ERR005809.15358487
24	ERR005809.5818824
25	ERR009404.18699145
26	ERR003063.11061360
27	ERR003065.13539997
28	ERR005808.12687462
29	ERR005808.7988774
30	ERR009404.14676488
31	ERR003065.13380622
32	ERR005809.1864142
33	ERR005810.14010154
34	ERR003066.12425786
35	ERR003042.6255429
36	ERR005808.14137388
37	ERR003066.3397583
38	ERR003063.3979575
39	ERR009404.18385275
40	ERR003042.4256350
41	ERR009404.19485873
42	ERR003066.6116871
43	ERR005808.9659424
44	ERR005809.1486828
45	ERR009404.5888775
46	ERR009404.1139904
47	ERR003063.9783732
48	ERR005808.13342993
49	ERR003066.8987654
50	ERR003042.396952
51	ERR005809.7237921
52	ERR005810.5147993
53	ERR003066.4782697
54	ERR005808.8506494
55	ERR003042.11224993
56	ERR005809.6149081
57	ERR005808.6683833
58	ERR003064.10172084
59	ERR003065.13372301
60	ERR003064.12067196
61	ERR005809.6928545
62	ERR003063.812567
63	ERR009404.13271997
64	ERR003065.1442542
65	ERR009404.20118893
66	ERR003064.4580798
67	ERR003066.6972923
68	ERR003064.5827346
69	ERR005810.1685476
70	ERR005808.1920602
71	ERR003064.7830279
72	ERR003063.11089698
73	ERR009404.1634293
74	ERR003065.12089198
75	ERR009404.9043850
76	ERR005808.10242781
77	ERR003042.3483
78	ERR005809.2860703
79	ERR005808.3802008
80	ERR003064.5501707
81	ERR005809.5698645
82	ERR005809.1744868
83	ERR009404.6116185
84	ERR003066.10366153
85	ERR005808.7915201
86	ERR005809.9007575
87	ERR009404.9631528
88	ERR003064.4916267
89	ERR005808.11732823
90	ERR003042.4891872
91	ERR005810.2350057
92	ERR003066.14453658
93	ERR003064.10693663
94	ERR003042.687482
95	ERR003042.8133961
96	ERR003066.8519626
97	ERR003066.8318567
98	ERR005809.2598733
99	ERR003063.11186574
100	ERR005809.5339295
101	ERR009404.12410344
102	ERR009404.4483211
103	ERR009404.20343961
104	ERR009404.14033349
105	ERR005808.173422
106	ERR003065.11585797
107	ERR005809.14745105
108	ERR003065.13399570
109	ERR005809.470969
110	ERR003063.963116
111	ERR005809.5079577
112	ERR005808.1976767
113	ERR009404.7504869
114	ERR003065.3698324
115	ERR003064.9571802
116	ERR003042.9974241
117	ERR005810.4168668
118	ERR003066.14202707
119	ERR005810.332288
120	ERR003065.2600847
121	ERR009404.19526813
122	ERR005810.11247870
123	ERR005809.13855834
124	ERR009404.9513502
125	ERR003065.10066019
126	ERR005810.9939767
127	ERR005810.4159454
128	ERR009404.3259223
129	ERR003064.14859179
130	ERR005808.1273878
131	ERR003063.2826423
132	ERR003063.10229753
133	ERR005810.1426387
134	ERR003064.8420044
135	ERR003064.13801006
136	ERR009404.12922647
137	ERR005809.5656498
138	ERR003065.13076126
139	ERR005809.9458990
140	ERR005808.2417939
141	ERR009404.3085316
142	ERR003064.4519479
143	ERR009404.12056433
144	ERR003063.7700819
145	ERR003064.2861339
146	ERR003064.9045420
147	ERR003064.274048
148	ERR003065.6187071
149	ERR003063.8500209
150	ERR009404.3794274
151	ERR003063.11151881
152	ERR009404.13642855
153	ERR005810.13557207
154	ERR003042.4106816
155	ERR003042.5959420
156	ERR003066.3151200
157	ERR003065.2299203
158	ERR003064.3940350
159	ERR003042.3782562
160	ERR005808.4056920
161	ERR003063.8131371
162	ERR009404.8624623
163	ERR009404.21872116
164	ERR005809.15040707
165	ERR009404.2162966

#site index (1-based)
#num_of_sites: 100
1	6975892	A	G
2	6975898	C	T
3	6975941	G	A
4	6975947	A	C
5	6976003	A	C
6	6976019	G	A
7	6976101	G	A
8	6976116	C	T
9	6976345	G	A
10	6976683	G	A
11	6976691	G	A
12	6976716	G	A
13	6976736	C	G
14	6976851	T	C
15	6977184	T	A
16	6977224	C	T
17	6977335	C	T
18	6977362	G	A
19	6977385	T	G
20	6977519	A	G
21	6977543	T	G
22	6977757	G	T
23	6977764	G	C
24	6977778	G	A
25	6977978	A	G
26	6978019	G	T
27	6978027	G	A
28	6978034	C	T
29	6978035	G	A
30	6978066	T	G
31	6978097	T	C
32	6978175	T	C
33	6978188	T	G
34	6978219	G	A
35	6978331	A	G
36	6978478	G	A
37	6978624	C	T
38	6978698	G	A
39	6978797	G	A
40	6978801	C	G
41	6978829	C	T
42	6979023	G	A
43	6979053	A	T
44	6979129	A	G
45	6979154	G	A
46	6979170	C	T
47	6979190	C	T
48	6979191	G	A
49	6979281	C	G
50	6979322	C	T
51	6979375	A	G
52	6979432	G	A
53	6979505	A	G
54	6979575	T	C
55	6979714	C	T
56	6979717	G	A
57	6979750	C	T
58	6979769	C	A
59	6979774	A	G
60	6979836	G	T
61	6979932	G	A
62	6979958	A	T
63	6980132	G	A
64	6980154	G	T
65	6980235	T	C
66	6980236	G	A
67	6980254	G	A
68	6980569	A	G
69	6980586	T	C
70	6980591	C	T
71	6980636	G	T
72	6980693	G	A
73	6980841	G	A
74	6980874	G	T
75	6980938	G	T
76	6980997	C	T
77	6981000	C	T
78	6981020	G	C
79	6981061	A	G
80	6981107	A	T
81	6981146	A	G
82	6981159	G	C
83	6981231	A	G
84	6981283	T	C
85	6981286	C	T
86	6981428	C	T
87	6981432	T	C
88	6981439	T	A
89	6981449	T	C
90	6981483	T	A
91	6981525	G	C
92	6981530	T	G
93	6981546	C	T
94	6981614	A	C
95	6981622	C	T
96	6981736	T	C
97	6981767	C	T
98	6981772	A	G
99	6981780	T	C
100	6981782	G	A

