#read index (1-based)
#num_of_reads: 175
1	ERR006228.2353729
2	ERR006236.4425763
3	ERR006377.11457468
4	ERR007644.2735719
5	ERR006228.2929382
6	ERR006377.476902
7	ERR006369.763860
8	ERR006369.4736929
9	ERR007645.1461047
10	ERR006372.8446642
11	ERR006235.1293666
12	ERR006236.11300884
13	ERR006235.14260257
14	ERR006236.1223509
15	ERR005846.3289203
16	ERR006235.3792951
17	ERR006349.2402498
18	ERR006235.7640785
19	ERR006371.1614422
20	ERR006377.17172161
21	ERR006370.1867210
22	ERR007644.229223
23	ERR006373.4619877
24	ERR006372.5584486
25	ERR006377.11465110
26	ERR005846.1907045
27	ERR005845.2297695
28	ERR006368.6392820
29	ERR006369.1732706
30	ERR006236.10902390
31	ERR006373.1820799
32	ERR005856.12489999
33	ERR006369.3028213
34	ERR005856.8620330
35	ERR006377.12634799
36	ERR006236.145567
37	ERR006349.4207876
38	ERR005844.10454481
39	ERR005846.604620
40	ERR005844.11671700
41	ERR006377.9734779
42	ERR006372.3245392
43	ERR005846.2979123
44	ERR006228.7353459
45	ERR006373.5567676
46	ERR006377.3116848
47	ERR006372.4755186
48	ERR006235.450875
49	ERR006349.6127897
50	ERR005844.4009681
51	ERR006349.68356
52	ERR006377.20509784
53	ERR006368.1669609
54	ERR005856.2870508
55	ERR006350.2984886
56	ERR005845.12171836
57	ERR006350.4293896
58	ERR006235.5532835
59	ERR005846.2232115
60	ERR006377.5046977
61	ERR005845.10887269
62	ERR006235.5956526
63	ERR006350.2272167
64	ERR005844.4927459
65	ERR006368.8026429
66	ERR005856.9181197
67	ERR007644.2230084
68	ERR006377.3399949
69	ERR005844.12386699
70	ERR006228.14430598
71	ERR006235.11269745
72	ERR006235.11857
73	ERR005844.12069701
74	ERR006235.3370775
75	ERR006368.1975174
76	ERR005844.5582676
77	ERR006373.3872647
78	ERR005845.8476962
79	ERR005846.10082643
80	ERR006235.4145378
81	ERR006236.1453659
82	ERR006370.5618569
83	ERR007645.353138
84	ERR007643.2789171
85	ERR006369.4266961
86	ERR006372.4551412
87	ERR006228.7953071
88	ERR006236.9278680
89	ERR005844.6625992
90	ERR006372.2050874
91	ERR005844.2164067
92	ERR006370.2768253
93	ERR007645.974851
94	ERR006349.7103894
95	ERR006235.3549820
96	ERR006236.789876
97	ERR006368.1311449
98	ERR006236.7807330
99	ERR005856.673473
100	ERR005844.10260149
101	ERR006350.7394963
102	ERR006235.2285444
103	ERR005845.13479240
104	ERR006377.188902
105	ERR006372.4071222
106	ERR005845.12804749
107	ERR006377.18910792
108	ERR006235.12803943
109	ERR006368.1337867
110	ERR005844.6146149
111	ERR005844.2894896
112	ERR005846.11276335
113	ERR006368.5741009
114	ERR007644.382314
115	ERR006372.4471535
116	ERR006377.18739198
117	ERR005846.8466944
118	ERR006368.9848836
119	ERR006228.12800644
120	ERR006349.4207512
121	ERR006372.2960278
122	ERR006377.7648989
123	ERR006372.5048361
124	ERR005845.6898531
125	ERR005845.5317204
126	ERR005856.13677094
127	ERR006377.15988208
128	ERR006369.3160056
129	ERR006372.6645443
130	ERR005856.14612708
131	ERR006368.19176
132	ERR006368.5764993
133	ERR006377.1308795
134	ERR006349.8341607
135	ERR006373.3133292
136	ERR005856.459235
137	ERR006236.623147
138	ERR005856.11786495
139	ERR006372.7204424
140	ERR006369.2987620
141	ERR006350.7523392
142	ERR006373.8022272
143	ERR006372.3398337
144	ERR006235.7735995
145	ERR006368.5414125
146	ERR006349.159552
147	ERR006370.5499880
148	ERR006350.721595
149	ERR006228.14834995
150	ERR006350.1863529
151	ERR006368.4698462
152	ERR006235.1009167
153	ERR006235.13457140
154	ERR005845.4782076
155	ERR006369.9730341
156	ERR005844.3105467
157	ERR006228.14569917
158	ERR006228.14466407
159	ERR006236.381133
160	ERR006372.4259965
161	ERR006373.4326654
162	ERR005856.6963257
163	ERR005844.12447750
164	ERR006236.8921753
165	ERR006235.11441570
166	ERR006373.4117798
167	ERR006235.88512
168	ERR005844.367720
169	ERR006371.3146647
170	ERR005856.5605631
171	ERR006372.4911447
172	ERR006228.14571410
173	ERR006235.6080993
174	ERR005856.1054648
175	ERR005856.10119265

#site index (1-based)
#num_of_sites: 100
1	6975892	A	G
2	6975898	C	T
3	6975941	G	A
4	6975947	A	C
5	6976003	A	C
6	6976019	G	A
7	6976101	G	A
8	6976116	C	T
9	6976345	G	A
10	6976683	G	A
11	6976691	G	A
12	6976716	G	A
13	6976736	C	G
14	6976851	T	C
15	6977184	T	A
16	6977224	C	T
17	6977335	C	T
18	6977362	G	A
19	6977385	T	G
20	6977519	A	G
21	6977543	T	G
22	6977757	G	T
23	6977764	G	C
24	6977778	G	A
25	6977978	A	G
26	6978019	G	T
27	6978027	G	A
28	6978034	C	T
29	6978035	G	A
30	6978066	T	G
31	6978097	T	C
32	6978175	T	C
33	6978188	T	G
34	6978219	G	A
35	6978331	A	G
36	6978478	G	A
37	6978624	C	T
38	6978698	G	A
39	6978797	G	A
40	6978801	C	G
41	6978829	C	T
42	6979023	G	A
43	6979053	A	T
44	6979129	A	G
45	6979154	G	A
46	6979170	C	T
47	6979190	C	T
48	6979191	G	A
49	6979281	C	G
50	6979322	C	T
51	6979375	A	G
52	6979432	G	A
53	6979505	A	G
54	6979575	T	C
55	6979714	C	T
56	6979717	G	A
57	6979750	C	T
58	6979769	C	A
59	6979774	A	G
60	6979836	G	T
61	6979932	G	A
62	6979958	A	T
63	6980132	G	A
64	6980154	G	T
65	6980235	T	C
66	6980236	G	A
67	6980254	G	A
68	6980569	A	G
69	6980586	T	C
70	6980591	C	T
71	6980636	G	T
72	6980693	G	A
73	6980841	G	A
74	6980874	G	T
75	6980938	G	T
76	6980997	C	T
77	6981000	C	T
78	6981020	G	C
79	6981061	A	G
80	6981107	A	T
81	6981146	A	G
82	6981159	G	C
83	6981231	A	G
84	6981283	T	C
85	6981286	C	T
86	6981428	C	T
87	6981432	T	C
88	6981439	T	A
89	6981449	T	C
90	6981483	T	A
91	6981525	G	C
92	6981530	T	G
93	6981546	C	T
94	6981614	A	C
95	6981622	C	T
96	6981736	T	C
97	6981767	C	T
98	6981772	A	G
99	6981780	T	C
100	6981782	G	A

