#read index (1-based)
#num_of_reads: 148
1	SRR006261.198219
2	SRR006271.802098
3	SRR006258.741995
4	SRR006263.572447
5	SRR006270.97539
6	ERR000856.3477989
7	ERR000721.651779
8	ERR000852.5520952
9	ERR000724.6237265
10	ERR000853.4713990
11	ERR000850.6243970
12	ERR000723.4413806
13	ERR000856.2313045
14	ERR000723.526199
15	ERR000855.3164783
16	SRR006266.1099984
17	SRR006266.632793
18	SRR006264.908272
19	ERR000851.553243
20	ERR002147.485179
21	ERR002147.2887357
22	ERR000852.4363706
23	ERR000720.3843403
24	ERR000853.1400309
25	SRR006265.655779
26	ERR000720.1057542
27	ERR000850.2455135
28	ERR000854.7000224
29	SRR006265.48846
30	ERR000720.2269941
31	ERR002147.993847
32	SRR006262.1105530
33	ERR000853.5602757
34	ERR000720.2365364
35	ERR000855.3000469
36	ERR000723.4175054
37	ERR000723.5384609
38	ERR000722.1601493
39	ERR000856.4876178
40	SRR006267.860184
41	SRR006264.644802
42	ERR000853.3569046
43	ERR000854.6937260
44	SRR006263.183129
45	SRR006266.439652
46	ERR000851.2251851
47	SRR006261.868419
48	ERR000719.5872569
49	ERR000850.6857554
50	ERR000720.4506137
51	ERR000722.2498881
52	SRR006266.45647
53	ERR002146.2242728
54	ERR000719.5724530
55	ERR000722.3278483
56	ERR000722.1624738
57	ERR000855.6081595
58	SRR006259.320792
59	SRR006272.1263862
60	ERR000855.1988796
61	ERR000853.5427402
62	ERR000718.4180457
63	ERR000852.3058210
64	ERR000856.4088068
65	ERR000720.2318447
66	ERR000854.3325572
67	ERR000851.1832776
68	ERR000852.5746327
69	ERR000855.6326402
70	ERR000723.4933500
71	SRR006267.541335
72	ERR000855.2680677
73	ERR002147.2023753
74	ERR000854.5010519
75	ERR000852.6923908
76	ERR000724.2102921
77	ERR000852.1503764
78	ERR000850.6338679
79	ERR000856.6753733
80	ERR002146.438729
81	ERR000720.4258543
82	ERR000852.3617707
83	SRR006260.578281
84	ERR000856.1127330
85	ERR000719.4330643
86	SRR006267.1042130
87	ERR000856.403480
88	ERR002146.464666
89	ERR000724.561219
90	ERR000722.207388
91	ERR000853.4927035
92	ERR000724.1833851
93	ERR000853.1020686
94	ERR000851.3685204
95	ERR000853.3158552
96	SRR006269.1080289
97	SRR006258.339752
98	ERR000852.6722059
99	ERR000850.5270744
100	SRR006263.966377
101	SRR006271.1055603
102	SRR006266.167852
103	ERR000718.2207334
104	ERR000724.1601550
105	SRR006258.302986
106	ERR000850.4403454
107	ERR000852.5496134
108	ERR002147.192038
109	ERR000718.4877145
110	SRR006264.577418
111	ERR002146.1090405
112	ERR000850.2805205
113	ERR000851.4445425
114	ERR000851.1117127
115	ERR000851.6318477
116	SRR006267.321868
117	ERR002147.3738068
118	SRR006263.718255
119	ERR000853.277838
120	ERR002147.1283972
121	SRR006270.290653
122	ERR000856.3094766
123	ERR000851.6553144
124	ERR000853.527265
125	ERR000854.721337
126	SRR006271.1249007
127	ERR000720.3019333
128	ERR000854.2742881
129	ERR000719.6778464
130	ERR000720.572378
131	ERR000720.5119005
132	ERR000718.5446905
133	ERR000852.919754
134	ERR000723.2091864
135	ERR000719.2427115
136	ERR000853.4191913
137	SRR006269.346180
138	ERR002146.3806912
139	ERR000724.805630
140	ERR000853.2985829
141	ERR000850.5970690
142	ERR000722.3459521
143	ERR000854.5780832
144	ERR000854.1506863
145	ERR000854.2949635
146	ERR000723.1209644
147	ERR000721.1465934
148	SRR006268.816866

#site index (1-based)
#num_of_sites: 100
1	6975892	A	G
2	6975898	C	T
3	6975941	G	A
4	6975947	A	C
5	6976003	A	C
6	6976019	G	A
7	6976101	G	A
8	6976116	C	T
9	6976345	G	A
10	6976683	G	A
11	6976691	G	A
12	6976716	G	A
13	6976736	C	G
14	6976851	T	C
15	6977184	T	A
16	6977224	C	T
17	6977335	C	T
18	6977362	G	A
19	6977385	T	G
20	6977519	A	G
21	6977543	T	G
22	6977757	G	T
23	6977764	G	C
24	6977778	G	A
25	6977978	A	G
26	6978019	G	T
27	6978027	G	A
28	6978034	C	T
29	6978035	G	A
30	6978066	T	G
31	6978097	T	C
32	6978175	T	C
33	6978188	T	G
34	6978219	G	A
35	6978331	A	G
36	6978478	G	A
37	6978624	C	T
38	6978698	G	A
39	6978797	G	A
40	6978801	C	G
41	6978829	C	T
42	6979023	G	A
43	6979053	A	T
44	6979129	A	G
45	6979154	G	A
46	6979170	C	T
47	6979190	C	T
48	6979191	G	A
49	6979281	C	G
50	6979322	C	T
51	6979375	A	G
52	6979432	G	A
53	6979505	A	G
54	6979575	T	C
55	6979714	C	T
56	6979717	G	A
57	6979750	C	T
58	6979769	C	A
59	6979774	A	G
60	6979836	G	T
61	6979932	G	A
62	6979958	A	T
63	6980132	G	A
64	6980154	G	T
65	6980235	T	C
66	6980236	G	A
67	6980254	G	A
68	6980569	A	G
69	6980586	T	C
70	6980591	C	T
71	6980636	G	T
72	6980693	G	A
73	6980841	G	A
74	6980874	G	T
75	6980938	G	T
76	6980997	C	T
77	6981000	C	T
78	6981020	G	C
79	6981061	A	G
80	6981107	A	T
81	6981146	A	G
82	6981159	G	C
83	6981231	A	G
84	6981283	T	C
85	6981286	C	T
86	6981428	C	T
87	6981432	T	C
88	6981439	T	A
89	6981449	T	C
90	6981483	T	A
91	6981525	G	C
92	6981530	T	G
93	6981546	C	T
94	6981614	A	C
95	6981622	C	T
96	6981736	T	C
97	6981767	C	T
98	6981772	A	G
99	6981780	T	C
100	6981782	G	A

