#read index (1-based)
#num_of_reads: 166
1	ERR013164.5304369
2	ERR005811.11565750
3	ERR013164.13580964
4	ERR003068.2930174
5	ERR003069.1437732
6	ERR013164.9316128
7	ERR005812.7546690
8	ERR003069.203820
9	ERR005812.12394438
10	ERR013164.15713241
11	ERR005811.687501
12	ERR013164.13801308
13	ERR013164.11307967
14	ERR013164.11279023
15	ERR003044.2031611
16	ERR003068.1829866
17	ERR005812.1782470
18	ERR003067.9432091
19	ERR013164.3271898
20	ERR013164.11118909
21	ERR003067.10076413
22	ERR003068.7264664
23	ERR003070.4291731
24	ERR003069.11404543
25	ERR003069.4553234
26	ERR003044.5822147
27	ERR003070.75880
28	ERR005812.9323407
29	ERR003070.12196563
30	ERR003068.11438169
31	ERR003069.11709093
32	ERR003070.2740060
33	ERR013164.13287029
34	ERR013164.14471155
35	ERR013164.15116328
36	ERR003044.16501448
37	ERR013164.9257521
38	ERR005811.10125752
39	ERR003069.7668308
40	ERR013164.21038458
41	ERR005812.166282
42	ERR003068.12149746
43	ERR013164.9424275
44	ERR013164.10508973
45	ERR013164.10714101
46	ERR003044.2613542
47	ERR005812.11768925
48	ERR005812.2178871
49	ERR003069.2868775
50	ERR003069.6503208
51	ERR013164.17139817
52	ERR003068.5588372
53	ERR005812.4078586
54	ERR003068.1601208
55	ERR005811.10244954
56	ERR013164.22753563
57	ERR003044.3411520
58	ERR013164.18251820
59	ERR013164.21975033
60	ERR003044.3700898
61	ERR003068.5527524
62	ERR003068.8569589
63	ERR003068.8083272
64	ERR013164.1507776
65	ERR003068.4970168
66	ERR005811.1805828
67	ERR003068.3481611
68	ERR013164.756935
69	ERR003070.11288475
70	ERR005812.10694896
71	ERR013164.11884873
72	ERR013164.17270293
73	ERR003069.8153461
74	ERR005811.10921695
75	ERR003068.10697489
76	ERR013164.10168435
77	ERR013164.5065977
78	ERR013164.15999758
79	ERR005812.1945135
80	ERR005812.1924770
81	ERR013164.19691757
82	ERR003044.11129477
83	ERR003068.4412292
84	ERR003044.8239245
85	ERR003044.1764864
86	ERR003068.1239185
87	ERR013164.5819810
88	ERR005812.626862
89	ERR003044.10289855
90	ERR005811.8410247
91	ERR003070.10522901
92	ERR003044.9611184
93	ERR005811.3350317
94	ERR013164.17953006
95	ERR003069.8475814
96	ERR003068.2608392
97	ERR003070.7316927
98	ERR013164.3264196
99	ERR005811.2649946
100	ERR013164.23639408
101	ERR003068.6276022
102	ERR003068.5248930
103	ERR013164.24949470
104	ERR003044.9805096
105	ERR003069.1667077
106	ERR003068.10140855
107	ERR003044.11072225
108	ERR003044.9148573
109	ERR005812.8672838
110	ERR003067.11848446
111	ERR003070.2265976
112	ERR013164.848488
113	ERR005812.7525870
114	ERR003044.7709228
115	ERR003068.10813990
116	ERR003068.2061409
117	ERR003070.10156023
118	ERR003044.3369613
119	ERR005812.7725140
120	ERR003067.1173830
121	ERR003070.12256877
122	ERR005812.1683836
123	ERR003070.4253659
124	ERR013164.9210868
125	ERR003070.9602960
126	ERR003067.10870995
127	ERR003067.6985613
128	ERR003069.2651163
129	ERR013164.24339243
130	ERR013164.22963059
131	ERR013164.5696128
132	ERR013164.10536899
133	ERR005811.9100658
134	ERR003044.12288375
135	ERR003069.8075514
136	ERR013164.20700756
137	ERR005812.8328991
138	ERR003070.12522404
139	ERR013164.18453794
140	ERR005812.6792030
141	ERR005811.208880
142	ERR003044.13990788
143	ERR005811.7579
144	ERR003044.15538475
145	ERR003067.4544239
146	ERR003068.12512653
147	ERR003070.9233899
148	ERR003044.12804097
149	ERR005811.9747144
150	ERR013164.12965739
151	ERR003068.9378890
152	ERR005812.5906503
153	ERR013164.3072448
154	ERR013164.22471117
155	ERR013164.22512889
156	ERR003070.3314961
157	ERR013164.18516169
158	ERR003069.6582802
159	ERR003069.8169151
160	ERR005811.6304122
161	ERR003067.5560001
162	ERR003070.421922
163	ERR013164.4045384
164	ERR003067.9180200
165	ERR013164.1906745
166	ERR003070.9944393

#site index (1-based)
#num_of_sites: 100
1	6975892	A	G
2	6975898	C	T
3	6975941	G	A
4	6975947	A	C
5	6976003	A	C
6	6976019	G	A
7	6976101	G	A
8	6976116	C	T
9	6976345	G	A
10	6976683	G	A
11	6976691	G	A
12	6976716	G	A
13	6976736	C	G
14	6976851	T	C
15	6977184	T	A
16	6977224	C	T
17	6977335	C	T
18	6977362	G	A
19	6977385	T	G
20	6977519	A	G
21	6977543	T	G
22	6977757	G	T
23	6977764	G	C
24	6977778	G	A
25	6977978	A	G
26	6978019	G	T
27	6978027	G	A
28	6978034	C	T
29	6978035	G	A
30	6978066	T	G
31	6978097	T	C
32	6978175	T	C
33	6978188	T	G
34	6978219	G	A
35	6978331	A	G
36	6978478	G	A
37	6978624	C	T
38	6978698	G	A
39	6978797	G	A
40	6978801	C	G
41	6978829	C	T
42	6979023	G	A
43	6979053	A	T
44	6979129	A	G
45	6979154	G	A
46	6979170	C	T
47	6979190	C	T
48	6979191	G	A
49	6979281	C	G
50	6979322	C	T
51	6979375	A	G
52	6979432	G	A
53	6979505	A	G
54	6979575	T	C
55	6979714	C	T
56	6979717	G	A
57	6979750	C	T
58	6979769	C	A
59	6979774	A	G
60	6979836	G	T
61	6979932	G	A
62	6979958	A	T
63	6980132	G	A
64	6980154	G	T
65	6980235	T	C
66	6980236	G	A
67	6980254	G	A
68	6980569	A	G
69	6980586	T	C
70	6980591	C	T
71	6980636	G	T
72	6980693	G	A
73	6980841	G	A
74	6980874	G	T
75	6980938	G	T
76	6980997	C	T
77	6981000	C	T
78	6981020	G	C
79	6981061	A	G
80	6981107	A	T
81	6981146	A	G
82	6981159	G	C
83	6981231	A	G
84	6981283	T	C
85	6981286	C	T
86	6981428	C	T
87	6981432	T	C
88	6981439	T	A
89	6981449	T	C
90	6981483	T	A
91	6981525	G	C
92	6981530	T	G
93	6981546	C	T
94	6981614	A	C
95	6981622	C	T
96	6981736	T	C
97	6981767	C	T
98	6981772	A	G
99	6981780	T	C
100	6981782	G	A

