#read index (1-based)
#num_of_reads: 117
1	SRR004380.15038
2	SRR001481.177629
3	SRR004980.159891
4	SRR004912.311172
5	SRR006826.165018
6	SRR002383.38781
7	SRR001495.289089
8	SRR002365.239705
9	SRR004969.168722
10	SRR002420.110681
11	SRR001482.189477
12	SRR004394.333543
13	SRR002417.172276
14	SRR002392.433174
15	SRR004973.448234
16	SRR004394.399842
17	SRR002364.317022
18	SRR006833.565224
19	SRR004909.328811
20	SRR006580.534531
21	SRR001616.185137
22	SRR002362.120476
23	SRR004378.89228
24	SRR004915.559743
25	SRR006351.163458
26	SRR001485.524434
27	SRR001490.510158
28	SRR006840.837703
29	SRR004978.500320
30	SRR006840.354397
31	SRR001483.89425
32	SRR004379.75117
33	SRR002382.354316
34	SRR002413.136262
35	SRR003593.387677
36	SRR004393.375568
37	SRR001480.182686
38	SRR001493.153690
39	SRR002487.406868
40	SRR004906.142558
41	SRR001478.183833
42	SRR006827.378959
43	SRR004972.404490
44	SRR004912.236439
45	SRR004396.374121
46	SRR001479.441125
47	SRR001494.341027
48	SRR001491.142754
49	SRR002401.221185
50	SRR001490.148156
51	SRR002368.286805
52	SRR002412.272558
53	SRR002370.57281
54	SRR001478.25145
55	SRR004914.75759
56	SRR001474.309901
57	SRR004975.443952
58	SRR001496.424331
59	SRR004391.553358
60	SRR004393.240953
61	SRR001496.41373
62	SRR001481.422880
63	SRR002362.413130
64	SRR006826.62494
65	SRR004968.129119
66	SRR002357.354065
67	SRR001478.506411
68	SRR004911.208687
69	SRR006827.132077
70	SRR006876.716269
71	SRR004392.489648
72	SRR004392.531160
73	SRR002401.338139
74	SRR002396.378076
75	SRR001477.90179
76	SRR004916.599940
77	SRR002416.584581
78	SRR001487.30890
79	SRR001487.137585
80	SRR004393.190786
81	SRR002368.489751
82	SRR004392.478091
83	SRR002363.199164
84	SRR001494.252435
85	SRR006821.484528
86	SRR004907.100333
87	SRR004980.468680
88	SRR002405.75410
89	SRR002401.201704
90	SRR001479.98020
91	SRR004980.256075
92	SRR004974.6713
93	SRR004974.134495
94	SRR004978.100835
95	SRR004971.211239
96	SRR002412.312408
97	SRR004975.462917
98	SRR004963.219714
99	SRR002358.8438
100	SRR006821.43864
101	SRR001495.32820
102	SRR003594.59225
103	SRR001495.159521
104	SRR003594.385370
105	SRR004980.23822
106	SRR004396.241787
107	SRR001474.7745
108	SRR002359.365239
109	SRR006826.414885
110	SRR006876.226408
111	SRR006834.325979
112	SRR001480.159440
113	SRR004380.135411
114	SRR002408.376126
115	SRR004968.525221
116	SRR002405.573199
117	SRR006827.663439

#site index (1-based)
#num_of_sites: 100
1	6975892	A	G
2	6975898	C	T
3	6975941	G	A
4	6975947	A	C
5	6976003	A	C
6	6976019	G	A
7	6976101	G	A
8	6976116	C	T
9	6976345	G	A
10	6976683	G	A
11	6976691	G	A
12	6976716	G	A
13	6976736	C	G
14	6976851	T	C
15	6977184	T	A
16	6977224	C	T
17	6977335	C	T
18	6977362	G	A
19	6977385	T	G
20	6977519	A	G
21	6977543	T	G
22	6977757	G	T
23	6977764	G	C
24	6977778	G	A
25	6977978	A	G
26	6978019	G	T
27	6978027	G	A
28	6978034	C	T
29	6978035	G	A
30	6978066	T	G
31	6978097	T	C
32	6978175	T	C
33	6978188	T	G
34	6978219	G	A
35	6978331	A	G
36	6978478	G	A
37	6978624	C	T
38	6978698	G	A
39	6978797	G	A
40	6978801	C	G
41	6978829	C	T
42	6979023	G	A
43	6979053	A	T
44	6979129	A	G
45	6979154	G	A
46	6979170	C	T
47	6979190	C	T
48	6979191	G	A
49	6979281	C	G
50	6979322	C	T
51	6979375	A	G
52	6979432	G	A
53	6979505	A	G
54	6979575	T	C
55	6979714	C	T
56	6979717	G	A
57	6979750	C	T
58	6979769	C	A
59	6979774	A	G
60	6979836	G	T
61	6979932	G	A
62	6979958	A	T
63	6980132	G	A
64	6980154	G	T
65	6980235	T	C
66	6980236	G	A
67	6980254	G	A
68	6980569	A	G
69	6980586	T	C
70	6980591	C	T
71	6980636	G	T
72	6980693	G	A
73	6980841	G	A
74	6980874	G	T
75	6980938	G	T
76	6980997	C	T
77	6981000	C	T
78	6981020	G	C
79	6981061	A	G
80	6981107	A	T
81	6981146	A	G
82	6981159	G	C
83	6981231	A	G
84	6981283	T	C
85	6981286	C	T
86	6981428	C	T
87	6981432	T	C
88	6981439	T	A
89	6981449	T	C
90	6981483	T	A
91	6981525	G	C
92	6981530	T	G
93	6981546	C	T
94	6981614	A	C
95	6981622	C	T
96	6981736	T	C
97	6981767	C	T
98	6981772	A	G
99	6981780	T	C
100	6981782	G	A

