#read index (1-based)
#num_of_reads: 174
1	ERR003106.1164481
2	ERR009409.19134301
3	ERR003106.1408490
4	ERR009409.11802900
5	ERR003105.8356474
6	ERR009409.22656036
7	ERR005814.10815189
8	ERR003105.8452054
9	ERR003105.10017036
10	ERR005815.866827
11	ERR003106.12338062
12	ERR003105.8642183
13	ERR009409.7642005
14	ERR009409.10228042
15	ERR003109.1002064
16	ERR009409.9779348
17	ERR003109.7446573
18	ERR003106.11688763
19	ERR003107.9134866
20	ERR003107.7380757
21	ERR009409.4535642
22	ERR003048.2625709
23	ERR003106.7179056
24	ERR005815.8238357
25	ERR009409.14685289
26	ERR009409.14738905
27	ERR003106.5958827
28	ERR005815.922362
29	ERR003107.11264673
30	ERR009409.6476155
31	ERR009409.6672664
32	ERR003106.4086031
33	ERR003105.6543247
34	ERR003106.4094869
35	ERR003108.11036890
36	ERR009409.6987521
37	ERR003108.6596693
38	ERR009409.3710565
39	ERR003105.6036346
40	ERR009409.5062494
41	ERR003109.3613924
42	ERR003107.743905
43	ERR003109.5303374
44	ERR009409.4997119
45	ERR005815.11534263
46	ERR005815.9370119
47	ERR003108.11174662
48	ERR009409.23070930
49	ERR003107.9621088
50	ERR009409.9628754
51	ERR009409.5297522
52	ERR003107.6574747
53	ERR003108.1151757
54	ERR009409.4159812
55	ERR009409.22971702
56	ERR003109.3686974
57	ERR003109.392873
58	ERR003109.9882103
59	ERR003106.7747417
60	ERR003105.4297748
61	ERR003109.4685046
62	ERR009409.13329176
63	ERR003106.8756086
64	ERR003107.12192720
65	ERR005814.6269475
66	ERR003106.10818359
67	ERR003108.5485526
68	ERR009409.10674007
69	ERR003105.986983
70	ERR005815.7010963
71	ERR003108.389996
72	ERR003109.10510868
73	ERR003106.2506602
74	ERR009409.10479916
75	ERR005814.2504314
76	ERR005814.4881700
77	ERR003107.7149774
78	ERR003107.4864446
79	ERR005815.5319718
80	ERR005814.8348001
81	ERR009409.2266935
82	ERR003048.427887
83	ERR003107.7950031
84	ERR003109.7743023
85	ERR005814.1994824
86	ERR003106.476672
87	ERR003107.8607065
88	ERR003048.11557842
89	ERR003107.6271665
90	ERR003109.10530457
91	ERR009409.20417864
92	ERR003105.11211148
93	ERR003105.517381
94	ERR005814.4037890
95	ERR009409.3718903
96	ERR003105.7389084
97	ERR009409.19357423
98	ERR003108.8772186
99	ERR009409.11190352
100	ERR003105.6896532
101	ERR009409.12019801
102	ERR003108.7702630
103	ERR005815.7265057
104	ERR003048.9503433
105	ERR009409.11879718
106	ERR003107.2423471
107	ERR009409.20031869
108	ERR009409.11321290
109	ERR003048.5319567
110	ERR003109.6882354
111	ERR003107.11531830
112	ERR005815.3016973
113	ERR003109.7039458
114	ERR003108.5805528
115	ERR005815.7877487
116	ERR003105.8771482
117	ERR005815.6452328
118	ERR005815.5566437
119	ERR003048.1188935
120	ERR005815.2293948
121	ERR003048.5906965
122	ERR009409.14327522
123	ERR009409.9597555
124	ERR005814.8149545
125	ERR005815.9828651
126	ERR003108.6390065
127	ERR009409.2077944
128	ERR005814.9031808
129	ERR005815.5319485
130	ERR009409.23327308
131	ERR005814.2728070
132	ERR003107.10137039
133	ERR003107.3910188
134	ERR005815.2359848
135	ERR005814.2739256
136	ERR005815.3101925
137	ERR003048.6109049
138	ERR003105.2079153
139	ERR003107.3798583
140	ERR005815.8543586
141	ERR003106.1051923
142	ERR009409.3526494
143	ERR005814.4332596
144	ERR003048.2462718
145	ERR003109.9254054
146	ERR003108.1738511
147	ERR003106.11423298
148	ERR003106.2692407
149	ERR003109.11413681
150	ERR003048.7075718
151	ERR005814.8154729
152	ERR009409.4122408
153	ERR005815.1980051
154	ERR005814.4539197
155	ERR003048.6089398
156	ERR003108.10967189
157	ERR009409.19661347
158	ERR009409.20152813
159	ERR003108.3742746
160	ERR003048.7986680
161	ERR003105.11857001
162	ERR003106.12662572
163	ERR003108.8407370
164	ERR005815.2224323
165	ERR003106.10456453
166	ERR009409.19727072
167	ERR003108.9874203
168	ERR005815.9935045
169	ERR003108.2098098
170	ERR003048.6896951
171	ERR005814.3067759
172	ERR003108.12749054
173	ERR009409.15634039
174	ERR003106.5751035

#site index (1-based)
#num_of_sites: 100
1	6975892	A	G
2	6975898	C	T
3	6975941	G	A
4	6975947	A	C
5	6976003	A	C
6	6976019	G	A
7	6976101	G	A
8	6976116	C	T
9	6976345	G	A
10	6976683	G	A
11	6976691	G	A
12	6976716	G	A
13	6976736	C	G
14	6976851	T	C
15	6977184	T	A
16	6977224	C	T
17	6977335	C	T
18	6977362	G	A
19	6977385	T	G
20	6977519	A	G
21	6977543	T	G
22	6977757	G	T
23	6977764	G	C
24	6977778	G	A
25	6977978	A	G
26	6978019	G	T
27	6978027	G	A
28	6978034	C	T
29	6978035	G	A
30	6978066	T	G
31	6978097	T	C
32	6978175	T	C
33	6978188	T	G
34	6978219	G	A
35	6978331	A	G
36	6978478	G	A
37	6978624	C	T
38	6978698	G	A
39	6978797	G	A
40	6978801	C	G
41	6978829	C	T
42	6979023	G	A
43	6979053	A	T
44	6979129	A	G
45	6979154	G	A
46	6979170	C	T
47	6979190	C	T
48	6979191	G	A
49	6979281	C	G
50	6979322	C	T
51	6979375	A	G
52	6979432	G	A
53	6979505	A	G
54	6979575	T	C
55	6979714	C	T
56	6979717	G	A
57	6979750	C	T
58	6979769	C	A
59	6979774	A	G
60	6979836	G	T
61	6979932	G	A
62	6979958	A	T
63	6980132	G	A
64	6980154	G	T
65	6980235	T	C
66	6980236	G	A
67	6980254	G	A
68	6980569	A	G
69	6980586	T	C
70	6980591	C	T
71	6980636	G	T
72	6980693	G	A
73	6980841	G	A
74	6980874	G	T
75	6980938	G	T
76	6980997	C	T
77	6981000	C	T
78	6981020	G	C
79	6981061	A	G
80	6981107	A	T
81	6981146	A	G
82	6981159	G	C
83	6981231	A	G
84	6981283	T	C
85	6981286	C	T
86	6981428	C	T
87	6981432	T	C
88	6981439	T	A
89	6981449	T	C
90	6981483	T	A
91	6981525	G	C
92	6981530	T	G
93	6981546	C	T
94	6981614	A	C
95	6981622	C	T
96	6981736	T	C
97	6981767	C	T
98	6981772	A	G
99	6981780	T	C
100	6981782	G	A

