#read index (1-based)
#num_of_reads: 239
1	ERR006307.7988058
2	ERR015994.23778699
3	ERR015994.20924349
4	ERR006284.8753776
5	ERR015994.16677504
6	ERR006285.4429863
7	ERR006311.12909546
8	ERR015997.9281690
9	ERR006311.2700301
10	ERR015992.12953105
11	ERR006309.2216827
12	ERR015991.20751153
13	ERR015996.11839491
14	ERR015991.9350646
15	ERR015993.16938437
16	ERR006308.284648
17	ERR006285.8608072
18	ERR006306.3741814
19	ERR006306.8068301
20	ERR015994.17322190
21	ERR006305.3256235
22	ERR015996.16039154
23	ERR006284.2936986
24	ERR015991.3347907
25	ERR015996.7981671
26	ERR015995.6082496
27	ERR006305.7991855
28	ERR015996.21910671
29	ERR006284.11941241
30	ERR006306.5615619
31	ERR015996.8022546
32	ERR015996.1579821
33	ERR015991.11964772
34	ERR006310.5284505
35	ERR015997.12535061
36	ERR015991.3538696
37	ERR015992.1244816
38	ERR015995.11154260
39	ERR015991.16243222
40	ERR015994.6574880
41	ERR006309.8199741
42	ERR015992.954551
43	ERR006308.306296
44	ERR006284.5392812
45	ERR006268.6165984
46	ERR006283.166293
47	ERR006307.4151103
48	ERR006268.1528311
49	ERR015995.9085354
50	ERR006283.8639229
51	ERR006268.222673
52	ERR015996.12707235
53	ERR015994.25652634
54	ERR015996.17616529
55	ERR015995.14041408
56	ERR015993.9173757
57	ERR015992.17919273
58	ERR015991.2600329
59	ERR015996.1026707
60	ERR015992.12682060
61	ERR006283.7678351
62	ERR006284.812904
63	ERR015992.8401266
64	ERR006309.12838603
65	ERR015992.12753323
66	ERR006311.1501360
67	ERR015995.10779065
68	ERR015992.3699440
69	ERR006305.4020805
70	ERR006285.8818453
71	ERR006311.14934482
72	ERR006306.6759891
73	ERR015992.17663713
74	ERR015997.9287477
75	ERR006310.1432255
76	ERR006285.11020495
77	ERR006309.9198277
78	ERR006285.8225515
79	ERR006309.3491033
80	ERR006305.3466537
81	ERR006310.4390657
82	ERR015992.13154466
83	ERR006284.2933570
84	ERR015993.6445356
85	ERR006268.3361627
86	ERR015991.9919077
87	ERR006308.1987313
88	ERR006283.4896524
89	ERR006310.15885300
90	ERR006284.5069969
91	ERR015991.14926144
92	ERR006308.2634005
93	ERR015997.9692630
94	ERR006306.9046060
95	ERR015996.21099554
96	ERR006311.11110984
97	ERR015996.16990867
98	ERR015994.7911348
99	ERR006306.2054581
100	ERR015992.18717942
101	ERR006307.2424968
102	ERR015996.20675677
103	ERR015996.7396036
104	ERR006283.3838910
105	ERR015995.7443184
106	ERR006283.11800000
107	ERR015994.21932047
108	ERR015993.18297646
109	ERR015993.20790365
110	ERR006311.14407006
111	ERR006268.9586827
112	ERR006311.5927663
113	ERR015991.11761232
114	ERR015994.6474065
115	ERR006283.8864616
116	ERR015995.7588466
117	ERR006285.9228357
118	ERR006284.3684622
119	ERR015992.17846711
120	ERR015993.3150113
121	ERR015994.10395397
122	ERR015995.17420590
123	ERR015995.9205139
124	ERR015991.21352586
125	ERR015994.16943490
126	ERR015993.2752858
127	ERR015994.16216446
128	ERR015996.21258864
129	ERR015992.19183238
130	ERR015994.611764
131	ERR015991.7044517
132	ERR015993.3937748
133	ERR006309.10737768
134	ERR006310.11787078
135	ERR006283.10196762
136	ERR015994.25287753
137	ERR006305.6864447
138	ERR006305.5599793
139	ERR006283.2194804
140	ERR006268.106707
141	ERR006310.4806242
142	ERR006308.949958
143	ERR006311.222747
144	ERR006268.864574
145	ERR015996.16678919
146	ERR006307.2939194
147	ERR006306.6386064
148	ERR006283.7324620
149	ERR006283.4380223
150	ERR006310.10330742
151	ERR006307.11012095
152	ERR006284.4505946
153	ERR015996.21456811
154	ERR006305.4740643
155	ERR006306.11295410
156	ERR006310.8782179
157	ERR006284.8483906
158	ERR015991.2330892
159	ERR015992.1561186
160	ERR006285.2909194
161	ERR015992.14420392
162	ERR015995.25377860
163	ERR006283.2313886
164	ERR006283.3817908
165	ERR006309.12846886
166	ERR015993.20973508
167	ERR006284.4168103
168	ERR015991.7212823
169	ERR015996.23076374
170	ERR006306.838263
171	ERR015991.2921560
172	ERR015991.698176
173	ERR015995.1055790
174	ERR006308.7980335
175	ERR015996.10406929
176	ERR015996.13184430
177	ERR006307.2086848
178	ERR006285.6445466
179	ERR015991.2839732
180	ERR006305.6079902
181	ERR015992.19219899
182	ERR015996.20460940
183	ERR015997.5158206
184	ERR015991.3894419
185	ERR006284.10635347
186	ERR006284.13204566
187	ERR006311.6337240
188	ERR006309.8070856
189	ERR015994.10218432
190	ERR006305.6658727
191	ERR015994.16634924
192	ERR006268.1829836
193	ERR006309.5895103
194	ERR015995.17869228
195	ERR015996.21103915
196	ERR006305.10076529
197	ERR015992.19584201
198	ERR006305.6445268
199	ERR006284.11525521
200	ERR015994.22278439
201	ERR006285.4373722
202	ERR006308.7255726
203	ERR015991.12564389
204	ERR006305.205379
205	ERR015994.17019451
206	ERR015996.19188924
207	ERR015996.19474369
208	ERR006305.9283674
209	ERR015996.4122677
210	ERR015993.14390216
211	ERR015991.19319624
212	ERR006311.12457425
213	ERR015993.2766317
214	ERR015992.11441216
215	ERR015997.3767249
216	ERR006305.10612188
217	ERR015993.20689253
218	ERR006309.2370300
219	ERR006307.9489299
220	ERR006283.7530306
221	ERR015992.8676508
222	ERR015993.15665041
223	ERR015991.10391068
224	ERR006284.936626
225	ERR006305.7130206
226	ERR006285.10196874
227	ERR015995.6347536
228	ERR015995.2334363
229	ERR006306.2655497
230	ERR006284.4259435
231	ERR006307.3914938
232	ERR006310.11196171
233	ERR006306.537360
234	ERR006283.368913
235	ERR006306.477817
236	ERR015996.12673741
237	ERR006268.3132702
238	ERR006307.4216000
239	ERR006283.9135567

#site index (1-based)
#num_of_sites: 100
1	6975892	A	G
2	6975898	C	T
3	6975941	G	A
4	6975947	A	C
5	6976003	A	C
6	6976019	G	A
7	6976101	G	A
8	6976116	C	T
9	6976345	G	A
10	6976683	G	A
11	6976691	G	A
12	6976716	G	A
13	6976736	C	G
14	6976851	T	C
15	6977184	T	A
16	6977224	C	T
17	6977335	C	T
18	6977362	G	A
19	6977385	T	G
20	6977519	A	G
21	6977543	T	G
22	6977757	G	T
23	6977764	G	C
24	6977778	G	A
25	6977978	A	G
26	6978019	G	T
27	6978027	G	A
28	6978034	C	T
29	6978035	G	A
30	6978066	T	G
31	6978097	T	C
32	6978175	T	C
33	6978188	T	G
34	6978219	G	A
35	6978331	A	G
36	6978478	G	A
37	6978624	C	T
38	6978698	G	A
39	6978797	G	A
40	6978801	C	G
41	6978829	C	T
42	6979023	G	A
43	6979053	A	T
44	6979129	A	G
45	6979154	G	A
46	6979170	C	T
47	6979190	C	T
48	6979191	G	A
49	6979281	C	G
50	6979322	C	T
51	6979375	A	G
52	6979432	G	A
53	6979505	A	G
54	6979575	T	C
55	6979714	C	T
56	6979717	G	A
57	6979750	C	T
58	6979769	C	A
59	6979774	A	G
60	6979836	G	T
61	6979932	G	A
62	6979958	A	T
63	6980132	G	A
64	6980154	G	T
65	6980235	T	C
66	6980236	G	A
67	6980254	G	A
68	6980569	A	G
69	6980586	T	C
70	6980591	C	T
71	6980636	G	T
72	6980693	G	A
73	6980841	G	A
74	6980874	G	T
75	6980938	G	T
76	6980997	C	T
77	6981000	C	T
78	6981020	G	C
79	6981061	A	G
80	6981107	A	T
81	6981146	A	G
82	6981159	G	C
83	6981231	A	G
84	6981283	T	C
85	6981286	C	T
86	6981428	C	T
87	6981432	T	C
88	6981439	T	A
89	6981449	T	C
90	6981483	T	A
91	6981525	G	C
92	6981530	T	G
93	6981546	C	T
94	6981614	A	C
95	6981622	C	T
96	6981736	T	C
97	6981767	C	T
98	6981772	A	G
99	6981780	T	C
100	6981782	G	A

