#read index (1-based)
#num_of_reads: 176
1	ERR002243.1496743
2	ERR001665.2883190
3	ERR000670.4593044
4	ERR000667.6334357
5	ERR000668.3882656
6	ERR002244.5465447
7	ERR002245.3187369
8	ERR001664.2942565
9	ERR001665.1930267
10	ERR002245.5558917
11	ERR001667.4611617
12	ERR002243.5180744
13	ERR000671.3043664
14	ERR001668.6027554
15	ERR002243.5788918
16	ERR001663.2834056
17	ERR001662.4504949
18	ERR002246.6026433
19	ERR001663.3182172
20	ERR000667.7418066
21	ERR002246.4238734
22	ERR000667.6117618
23	ERR000671.4625408
24	ERR002243.1086059
25	ERR002246.4498595
26	ERR002117.1544290
27	ERR001664.881405
28	ERR001665.5079554
29	ERR001665.5450073
30	ERR002243.5142049
31	ERR000666.5468548
32	ERR001667.5251562
33	ERR002247.2756730
34	ERR001664.2523227
35	ERR001662.1567791
36	ERR001663.2107432
37	ERR001664.4536226
38	ERR001662.2293638
39	ERR001665.3678012
40	ERR002243.3730591
41	ERR001666.2285836
42	ERR001666.3258447
43	ERR000672.2332659
44	ERR000671.5512768
45	ERR001663.144771
46	ERR002242.2582214
47	ERR000671.901526
48	ERR000672.2971573
49	ERR000670.4425726
50	ERR001667.2259603
51	ERR002245.5680554
52	ERR002243.3314186
53	ERR001668.3966978
54	ERR002241.3095697
55	ERR001665.2339735
56	ERR002244.3025179
57	ERR002245.7566424
58	ERR000669.3193545
59	ERR000669.2779262
60	ERR001665.5119168
61	ERR001664.6590429
62	ERR002241.4188164
63	ERR001668.1933243
64	ERR002246.5767908
65	ERR002241.3077583
66	ERR001667.2115430
67	ERR001664.6621953
68	ERR002245.6353527
69	ERR002241.3410286
70	ERR001668.5788708
71	ERR001662.3802424
72	ERR000668.2538273
73	ERR001663.5368987
74	ERR002244.7064787
75	ERR000668.3366783
76	ERR001664.1998447
77	ERR000671.1968627
78	ERR002117.7095480
79	ERR002247.2360897
80	ERR002246.5649336
81	ERR001664.2194963
82	ERR002117.2198899
83	ERR001665.5883009
84	ERR002244.294957
85	ERR002242.478066
86	ERR002241.2153169
87	ERR001668.3533724
88	ERR002246.6909572
89	ERR000666.2464558
90	ERR000670.4319192
91	ERR001665.6530640
92	ERR000671.6135866
93	ERR002247.1244429
94	ERR002243.6968335
95	ERR000672.3937724
96	ERR001667.153815
97	ERR002243.5408461
98	ERR000666.5201766
99	ERR001667.1764968
100	ERR001665.1934327
101	ERR000669.1465493
102	ERR002243.1721578
103	ERR001668.2864808
104	ERR001665.5385739
105	ERR002117.187893
106	ERR000666.2303221
107	ERR000669.2939824
108	ERR000671.5833128
109	ERR002245.4414440
110	ERR002246.6729979
111	ERR002246.4712282
112	ERR002117.1044845
113	ERR000669.3705459
114	ERR002244.2829915
115	ERR001662.3064896
116	ERR002245.1107387
117	ERR002244.182602
118	ERR000671.2318113
119	ERR002117.4011343
120	ERR002243.401138
121	ERR002243.5739033
122	ERR002247.1801454
123	ERR002246.5263350
124	ERR000672.4376469
125	ERR002244.6944373
126	ERR002241.7491057
127	ERR000670.1554135
128	ERR001667.795754
129	ERR000666.2401202
130	ERR000668.3431210
131	ERR001663.3379734
132	ERR000671.5171488
133	ERR000672.350216
134	ERR001667.95326
135	ERR001667.4992246
136	ERR002243.3453240
137	ERR001668.1717589
138	ERR001665.5362112
139	ERR001663.612647
140	ERR001666.4706919
141	ERR000671.4703145
142	ERR002244.5595317
143	ERR000668.858490
144	ERR001666.5687459
145	ERR000666.1689126
146	ERR002244.792943
147	ERR000668.337934
148	ERR000670.2404655
149	ERR002242.1457548
150	ERR002244.5382397
151	ERR001665.4289129
152	ERR000672.2132881
153	ERR001662.2231161
154	ERR000667.570620
155	ERR000668.6686236
156	ERR000667.4379566
157	ERR001667.1628084
158	ERR000670.1677657
159	ERR002247.4234734
160	ERR000666.6474414
161	ERR002244.3175727
162	ERR002246.6865500
163	ERR002246.5558621
164	ERR001666.4962061
165	ERR002245.2990858
166	ERR000668.2877334
167	ERR000669.6379602
168	ERR002243.6764776
169	ERR001667.5016578
170	ERR001662.5161042
171	ERR000672.604173
172	ERR000670.5156334
173	ERR002247.5873133
174	ERR001666.1577829
175	ERR001665.190185
176	ERR002244.7026255

#site index (1-based)
#num_of_sites: 100
1	6975892	A	G
2	6975898	C	T
3	6975941	G	A
4	6975947	A	C
5	6976003	A	C
6	6976019	G	A
7	6976101	G	A
8	6976116	C	T
9	6976345	G	A
10	6976683	G	A
11	6976691	G	A
12	6976716	G	A
13	6976736	C	G
14	6976851	T	C
15	6977184	T	A
16	6977224	C	T
17	6977335	C	T
18	6977362	G	A
19	6977385	T	G
20	6977519	A	G
21	6977543	T	G
22	6977757	G	T
23	6977764	G	C
24	6977778	G	A
25	6977978	A	G
26	6978019	G	T
27	6978027	G	A
28	6978034	C	T
29	6978035	G	A
30	6978066	T	G
31	6978097	T	C
32	6978175	T	C
33	6978188	T	G
34	6978219	G	A
35	6978331	A	G
36	6978478	G	A
37	6978624	C	T
38	6978698	G	A
39	6978797	G	A
40	6978801	C	G
41	6978829	C	T
42	6979023	G	A
43	6979053	A	T
44	6979129	A	G
45	6979154	G	A
46	6979170	C	T
47	6979190	C	T
48	6979191	G	A
49	6979281	C	G
50	6979322	C	T
51	6979375	A	G
52	6979432	G	A
53	6979505	A	G
54	6979575	T	C
55	6979714	C	T
56	6979717	G	A
57	6979750	C	T
58	6979769	C	A
59	6979774	A	G
60	6979836	G	T
61	6979932	G	A
62	6979958	A	T
63	6980132	G	A
64	6980154	G	T
65	6980235	T	C
66	6980236	G	A
67	6980254	G	A
68	6980569	A	G
69	6980586	T	C
70	6980591	C	T
71	6980636	G	T
72	6980693	G	A
73	6980841	G	A
74	6980874	G	T
75	6980938	G	T
76	6980997	C	T
77	6981000	C	T
78	6981020	G	C
79	6981061	A	G
80	6981107	A	T
81	6981146	A	G
82	6981159	G	C
83	6981231	A	G
84	6981283	T	C
85	6981286	C	T
86	6981428	C	T
87	6981432	T	C
88	6981439	T	A
89	6981449	T	C
90	6981483	T	A
91	6981525	G	C
92	6981530	T	G
93	6981546	C	T
94	6981614	A	C
95	6981622	C	T
96	6981736	T	C
97	6981767	C	T
98	6981772	A	G
99	6981780	T	C
100	6981782	G	A

