#read index (1-based)
#num_of_reads: 298
1	SRR002912.6473869
2	ERR001078.2339665
3	ERR001081.13279211
4	ERR001082.9809455
5	ERR001084.12927871
6	ERR001077.3579164
7	ERR001081.13118416
8	ERR001081.1488818
9	SRR004558.8360413
10	ERR001081.10326899
11	SRR004903.2836150
12	ERR001082.13168474
13	ERR001078.3428020
14	SRR004905.7751365
15	SRR002910.3116331
16	ERR001082.4669759
17	SRR004903.8767769
18	ERR001077.1210624
19	SRR004908.7452768
20	ERR001080.12188286
21	ERR001083.10071338
22	SRR004560.988255
23	SRR002911.9431546
24	SRR004560.5550786
25	SRR005708.1316448
26	SRR004908.8103773
27	ERR001084.3709455
28	SRR004560.3280807
29	ERR001079.5805868
30	ERR001080.3741652
31	SRR004566.4925886
32	ERR001080.875625
33	ERR001080.4418988
34	SRR004568.88078
35	SRR004927.976734
36	ERR001079.12000686
37	ERR001082.15044992
38	SRR002912.1754957
39	SRR004560.2248373
40	ERR001078.9328468
41	ERR001081.5608695
42	SRR002910.1764876
43	SRR002912.1771179
44	ERR001083.6679936
45	ERR001080.761626
46	ERR001080.9742986
47	ERR001084.10538830
48	ERR001083.12840127
49	ERR001080.2757077
50	ERR001080.9045767
51	SRR004570.6378040
52	ERR001080.1510882
53	SRR004554.1788707
54	SRR004920.4891900
55	SRR005708.3945654
56	SRR004556.5484236
57	SRR004902.1618441
58	ERR001083.7448293
59	SRR004908.1676186
60	SRR004569.4121208
61	ERR001078.4418579
62	ERR001080.7125351
63	ERR001081.1413661
64	ERR001078.7409418
65	SRR004558.8083697
66	SRR004555.6059994
67	SRR002912.8450434
68	ERR001080.13070039
69	SRR002908.7607463
70	ERR001080.11843328
71	SRR004555.1625152
72	ERR001079.10136306
73	ERR001082.646255
74	ERR001082.2160951
75	ERR001082.10451744
76	ERR001080.11742538
77	ERR001082.8350653
78	ERR001077.4791044
79	SRR004565.3519650
80	ERR001080.4954142
81	ERR001077.5317470
82	ERR001082.6614237
83	ERR001077.1527966
84	SRR004571.4603118
85	ERR001078.4766768
86	SRR004905.4253359
87	ERR001078.3205372
88	SRR004555.5306098
89	SRR004566.5414509
90	ERR001080.5479671
91	ERR001080.4086460
92	ERR001083.5513788
93	ERR001081.7174938
94	SRR004557.6406054
95	ERR001083.2941442
96	ERR001079.343214
97	SRR004569.3865229
98	SRR004571.8220962
99	SRR004564.4159545
100	ERR001078.11445822
101	ERR001078.11936151
102	SRR004558.3867403
103	SRR004566.5355078
104	SRR004565.5253125
105	SRR004903.1303081
106	ERR001078.8354104
107	SRR004569.8442338
108	SRR004569.7991971
109	ERR001080.10380292
110	ERR001081.650270
111	ERR001083.12672417
112	ERR001080.9559518
113	ERR001081.5410361
114	ERR001080.1295827
115	SRR004557.9254769
116	ERR001081.5020115
117	ERR001078.738444
118	ERR001079.11084291
119	ERR001082.10035093
120	SRR004571.8881139
121	ERR001079.8201846
122	ERR001082.14625792
123	ERR001082.10373893
124	SRR004558.5942919
125	SRR004903.3826492
126	SRR004558.4318982
127	ERR001080.15009836
128	SRR004560.5362789
129	SRR004567.2097886
130	SRR004555.945987
131	ERR001083.5515315
132	SRR004927.8275237
133	SRR002910.1049407
134	ERR001083.1348937
135	ERR001083.13440385
136	ERR001084.10634555
137	SRR002907.3572710
138	SRR004554.7807836
139	ERR001079.9349526
140	SRR002910.3649959
141	ERR001079.2921787
142	ERR001079.7158656
143	SRR004564.2867227
144	ERR001084.12848655
145	SRR002908.1700939
146	ERR001078.1846346
147	SRR004568.6192307
148	SRR004560.6365078
149	SRR004903.3365942
150	SRR004559.289782
151	ERR001083.10760220
152	SRR004554.2733902
153	SRR004559.494543
154	SRR002908.3626938
155	SRR004556.8653657
156	SRR002910.454409
157	SRR004913.751857
158	ERR001080.5815502
159	SRR002910.1584348
160	SRR002908.885082
161	ERR001081.12761631
162	SRR004566.8719459
163	SRR002910.5516675
164	ERR001077.521841
165	SRR004904.6924714
166	ERR001078.3748516
167	ERR001077.9658707
168	ERR001079.14731051
169	ERR001077.256740
170	ERR001078.977474
171	ERR001077.7725110
172	ERR001084.9009468
173	ERR001078.3667908
174	ERR001080.9599082
175	SRR004904.8479396
176	ERR001080.1597331
177	ERR001081.14355888
178	SRR004557.3475521
179	ERR001082.12285964
180	ERR001082.5241457
181	ERR001078.8555435
182	SRR004904.4315632
183	ERR001083.12355844
184	SRR004566.8590506
185	ERR001082.8969388
186	ERR001081.12817824
187	ERR001078.4835111
188	ERR001080.3794102
189	SRR004903.103155
190	ERR001078.4718943
191	SRR002910.10182103
192	ERR001077.3314339
193	ERR001082.1160612
194	ERR001078.13789194
195	ERR001080.11261362
196	ERR001080.8555351
197	ERR001080.12896016
198	SRR004904.2979767
199	ERR001077.7625265
200	SRR004558.677187
201	SRR004558.5565423
202	SRR004558.270874
203	SRR004903.4782202
204	SRR005708.1863681
205	SRR004555.1860038
206	ERR001080.8398520
207	SRR004905.2971616
208	ERR001082.6109219
209	SRR002907.494237
210	ERR001084.11140437
211	SRR002910.8972987
212	SRR004927.2771220
213	SRR004927.99027
214	ERR001081.9421871
215	SRR004927.8053606
216	SRR002911.2968620
217	SRR004560.3731159
218	ERR001084.2040509
219	SRR005708.937312
220	ERR001081.6334954
221	SRR004571.5286779
222	ERR001080.3234002
223	ERR001081.1764051
224	ERR001079.9544102
225	ERR001082.12796996
226	ERR001077.3299157
227	SRR004567.4264243
228	SRR002910.8830978
229	ERR001078.13038532
230	SRR004927.6605329
231	SRR002909.5385062
232	SRR004554.927492
233	ERR001081.7746030
234	SRR004908.9152698
235	SRR004556.8982034
236	ERR001083.6939905
237	ERR001079.11114762
238	ERR001084.3120312
239	SRR005708.356752
240	SRR004555.4495150
241	ERR001083.13020449
242	ERR001080.13524495
243	SRR004559.4271269
244	SRR004568.4298540
245	ERR001077.1318790
246	ERR001080.3040113
247	ERR001080.14563167
248	ERR001081.243042
249	SRR002909.2940815
250	SRR004913.3467838
251	SRR004913.17047
252	SRR004568.8282488
253	ERR001083.1796596
254	ERR001078.4006630
255	SRR004920.5204107
256	ERR001084.5765326
257	SRR004905.1147160
258	SRR002912.6260149
259	SRR004565.899511
260	SRR004558.9533537
261	ERR001079.6078737
262	ERR001084.6419698
263	SRR004902.7467006
264	SRR004927.1790512
265	ERR001082.4767062
266	ERR001081.7719045
267	SRR004905.5064591
268	SRR004560.9474487
269	SRR002911.3094398
270	SRR004569.1091756
271	ERR001083.12963151
272	ERR001079.1836509
273	SRR004927.5581457
274	ERR001078.4102513
275	SRR004555.5593682
276	SRR004572.7295835
277	SRR004558.1765809
278	ERR001078.9566480
279	SRR002912.179401
280	ERR001080.4462584
281	SRR002909.2439785
282	ERR001082.12251043
283	ERR001079.7328751
284	ERR001084.11794662
285	ERR001077.7116193
286	SRR004903.204926
287	SRR002909.4394184
288	ERR001079.4413192
289	ERR001084.4718013
290	ERR001080.2792857
291	SRR004557.6775616
292	SRR004927.3124039
293	SRR002912.7452300
294	ERR001081.122032
295	ERR001083.14886326
296	SRR002909.4496107
297	SRR004558.6313277
298	SRR004569.632974

#site index (1-based)
#num_of_sites: 100
1	6975892	A	G
2	6975898	C	T
3	6975941	G	A
4	6975947	A	C
5	6976003	A	C
6	6976019	G	A
7	6976101	G	A
8	6976116	C	T
9	6976345	G	A
10	6976683	G	A
11	6976691	G	A
12	6976716	G	A
13	6976736	C	G
14	6976851	T	C
15	6977184	T	A
16	6977224	C	T
17	6977335	C	T
18	6977362	G	A
19	6977385	T	G
20	6977519	A	G
21	6977543	T	G
22	6977757	G	T
23	6977764	G	C
24	6977778	G	A
25	6977978	A	G
26	6978019	G	T
27	6978027	G	A
28	6978034	C	T
29	6978035	G	A
30	6978066	T	G
31	6978097	T	C
32	6978175	T	C
33	6978188	T	G
34	6978219	G	A
35	6978331	A	G
36	6978478	G	A
37	6978624	C	T
38	6978698	G	A
39	6978797	G	A
40	6978801	C	G
41	6978829	C	T
42	6979023	G	A
43	6979053	A	T
44	6979129	A	G
45	6979154	G	A
46	6979170	C	T
47	6979190	C	T
48	6979191	G	A
49	6979281	C	G
50	6979322	C	T
51	6979375	A	G
52	6979432	G	A
53	6979505	A	G
54	6979575	T	C
55	6979714	C	T
56	6979717	G	A
57	6979750	C	T
58	6979769	C	A
59	6979774	A	G
60	6979836	G	T
61	6979932	G	A
62	6979958	A	T
63	6980132	G	A
64	6980154	G	T
65	6980235	T	C
66	6980236	G	A
67	6980254	G	A
68	6980569	A	G
69	6980586	T	C
70	6980591	C	T
71	6980636	G	T
72	6980693	G	A
73	6980841	G	A
74	6980874	G	T
75	6980938	G	T
76	6980997	C	T
77	6981000	C	T
78	6981020	G	C
79	6981061	A	G
80	6981107	A	T
81	6981146	A	G
82	6981159	G	C
83	6981231	A	G
84	6981283	T	C
85	6981286	C	T
86	6981428	C	T
87	6981432	T	C
88	6981439	T	A
89	6981449	T	C
90	6981483	T	A
91	6981525	G	C
92	6981530	T	G
93	6981546	C	T
94	6981614	A	C
95	6981622	C	T
96	6981736	T	C
97	6981767	C	T
98	6981772	A	G
99	6981780	T	C
100	6981782	G	A

