#read index (1-based)
#num_of_reads: 342
1	ERR000572.11594139
2	SRR004624.3171313
3	SRR004625.6204000
4	SRR005588.4904822
5	ERR000574.8214907
6	ERR000576.10511706
7	ERR000576.9724182
8	ERR000571.11420082
9	ERR000572.9074243
10	ERR000573.9957122
11	ERR000574.1050992
12	ERR000572.6019756
13	SRR004742.10532937
14	SRR004626.9334874
15	ERR000573.4648491
16	ERR000570.6821683
17	SRR004741.13659824
18	SRR005117.10062721
19	ERR000574.10106367
20	ERR000572.839094
21	ERR000576.12151989
22	SRR005582.4178479
23	ERR000574.910183
24	SRR004741.11333575
25	SRR004747.1338977
26	SRR004750.381282
27	SRR005588.1908821
28	SRR004623.1539892
29	ERR000572.820932
30	ERR000574.11431891
31	ERR000569.7468783
32	ERR000572.9623663
33	ERR000570.5304822
34	ERR000575.2248333
35	ERR000574.7234340
36	SRR004627.2990862
37	ERR000572.9201980
38	ERR000572.4755705
39	ERR000570.2368207
40	SRR004743.2561349
41	ERR000572.12001167
42	ERR000574.1349408
43	ERR000576.3547178
44	ERR000576.10701396
45	ERR000569.10894832
46	SRR005589.7720730
47	ERR000569.8200228
48	ERR000571.3087847
49	ERR000572.10766547
50	ERR000573.11256173
51	ERR000576.7405355
52	ERR000576.11361470
53	ERR000576.12417007
54	SRR004739.2149455
55	ERR000575.8994182
56	SRR005589.7218190
57	ERR000571.1842648
58	SRR004740.13599584
59	ERR000572.8472909
60	SRR004626.395323
61	SRR004740.6905569
62	SRR005588.13128530
63	SRR004625.6111580
64	SRR005584.5002344
65	SRR004739.7974225
66	ERR000575.9280110
67	SRR005585.114163
68	SRR005588.1427796
69	SRR004749.3323935
70	SRR005119.10455950
71	ERR000572.11367640
72	SRR005121.14964164
73	ERR000574.10187560
74	SRR005119.7346609
75	ERR000569.5644348
76	SRR005129.15057333
77	SRR004744.7180001
78	ERR000569.13294228
79	SRR004622.8101337
80	SRR005117.3550817
81	ERR000573.4446547
82	ERR000576.9618752
83	SRR004624.15179598
84	ERR000573.3450848
85	ERR000569.12851077
86	ERR000576.10192007
87	ERR000573.5664453
88	SRR004624.4725416
89	SRR005586.2183971
90	ERR000570.10420562
91	SRR004624.14930614
92	ERR000575.2722143
93	ERR000571.4481212
94	ERR000576.6129637
95	SRR004739.7418212
96	SRR005588.9694777
97	ERR000573.10389723
98	ERR000571.12519244
99	SRR005588.3620365
100	ERR000576.6031749
101	ERR000574.12141412
102	SRR005586.1812206
103	SRR005119.8226134
104	SRR005582.5868340
105	ERR000575.3952744
106	ERR000571.4034870
107	SRR004749.5490536
108	SRR004744.12619784
109	ERR000572.5861123
110	ERR000571.1443602
111	ERR000569.6743760
112	ERR000569.5945124
113	ERR000569.7670138
114	SRR005588.9506736
115	ERR000575.7031737
116	SRR004743.1751988
117	ERR000570.10824071
118	SRR005121.7527057
119	SRR005582.3034257
120	SRR004741.8199475
121	ERR000570.1957468
122	ERR000569.12411746
123	SRR004626.3727013
124	ERR000574.10802967
125	SRR004622.3394971
126	SRR005504.5185604
127	ERR000574.14281189
128	SRR005582.2740116
129	SRR005117.8059559
130	SRR004741.3928866
131	SRR005119.14036349
132	ERR000573.13257594
133	SRR004748.3702611
134	SRR004738.1360727
135	SRR005121.2860139
136	SRR004742.3806740
137	SRR005504.790968
138	SRR004623.429664
139	ERR000574.13831070
140	ERR000573.8655179
141	ERR000572.13147102
142	SRR005119.1937679
143	SRR005117.5797197
144	SRR004751.7225770
145	ERR000575.2842168
146	SRR005117.11189502
147	ERR000572.536363
148	SRR005584.2550196
149	ERR000573.10227470
150	ERR000569.813742
151	SRR005583.3087709
152	SRR004623.6076011
153	SRR005119.7448631
154	ERR000576.5523648
155	SRR005121.12747250
156	ERR000574.3359450
157	SRR005584.4397479
158	SRR005116.12463301
159	SRR004751.8933027
160	SRR004746.3110136
161	SRR005582.6315210
162	ERR000574.6959877
163	ERR000575.8672929
164	SRR004738.9129677
165	SRR005582.416839
166	ERR000572.10401446
167	SRR004625.2037346
168	ERR000573.4716487
169	SRR004627.7244994
170	ERR000574.1958815
171	ERR000571.4250921
172	ERR000573.1735055
173	SRR005586.877231
174	ERR000569.1638895
175	ERR000574.11400231
176	SRR004741.8629226
177	ERR000573.3453358
178	ERR000569.11828757
179	ERR000573.5659512
180	SRR004740.746184
181	SRR004624.3047811
182	SRR004626.3844230
183	ERR000576.9282646
184	SRR005589.456291
185	ERR000573.268516
186	ERR000569.7520037
187	ERR000575.1558002
188	ERR000571.6565742
189	ERR000574.11237627
190	ERR000576.376781
191	ERR000570.5167372
192	ERR000570.7073871
193	SRR005121.6542512
194	ERR000569.2531150
195	SRR005121.12941560
196	SRR005503.7622953
197	SRR005115.3858603
198	SRR005503.3676614
199	SRR005129.426239
200	SRR004744.6014195
201	ERR000572.9213070
202	ERR000574.6144933
203	SRR005584.3938739
204	SRR004741.8318983
205	ERR000569.9807931
206	ERR000572.5263685
207	ERR000570.7996678
208	ERR000570.13329790
209	SRR004622.5989903
210	ERR000574.9255938
211	SRR005503.6279965
212	ERR000575.9403029
213	SRR004626.13417342
214	ERR000575.7022
215	ERR000573.6399518
216	SRR004626.4184035
217	ERR000574.3934216
218	ERR000575.8235092
219	SRR004626.15243355
220	SRR004622.2909501
221	SRR004627.325416
222	SRR004622.8177534
223	ERR000574.14235186
224	ERR000573.13721603
225	SRR004739.5921672
226	ERR000573.12468119
227	SRR004744.10937045
228	ERR000575.11724055
229	ERR000570.14018118
230	ERR000574.9873387
231	ERR000570.7361560
232	SRR005117.16136545
233	SRR004741.5275623
234	ERR000576.3755568
235	ERR000572.4361175
236	ERR000574.322220
237	ERR000571.581925
238	ERR000573.6643758
239	ERR000571.147560
240	ERR000571.1326881
241	ERR000574.11354205
242	SRR004625.5628585
243	SRR004739.1461980
244	SRR004744.11443704
245	SRR005121.1209105
246	ERR000570.10843356
247	ERR000570.9814133
248	ERR000576.5997582
249	ERR000569.10095717
250	SRR005503.2720615
251	SRR005117.13359537
252	ERR000575.4072682
253	SRR004740.2455589
254	SRR005121.4988044
255	SRR005584.1846759
256	ERR000571.4314023
257	SRR004748.4185473
258	SRR004624.3705488
259	ERR000574.3381564
260	ERR000575.4524858
261	SRR005583.6392074
262	ERR000575.2296667
263	ERR000569.10734605
264	ERR000572.8053416
265	SRR004748.3881746
266	SRR005117.9028800
267	SRR004622.4406957
268	SRR004625.5738999
269	SRR005117.187940
270	ERR000570.6298629
271	SRR004747.4426913
272	SRR004744.8423963
273	SRR005504.3039616
274	SRR005504.5717664
275	SRR004746.4016222
276	ERR000573.3211811
277	SRR005117.7959015
278	ERR000576.7592875
279	ERR000573.8698339
280	ERR000573.13485594
281	ERR000569.3957909
282	SRR005587.1887562
283	SRR004621.2621154
284	ERR000575.6469001
285	SRR004624.16695174
286	ERR000572.240946
287	SRR005117.14598642
288	SRR004624.3230993
289	ERR000573.9802554
290	SRR004740.8435741
291	SRR004738.7243763
292	ERR000569.3971273
293	ERR000569.2255978
294	SRR004624.13186132
295	ERR000571.10797746
296	ERR000571.5504594
297	ERR000575.2036775
298	SRR005588.3306795
299	ERR000576.3936072
300	SRR005582.6217676
301	SRR004741.5390627
302	ERR000573.1206618
303	SRR004751.4919583
304	SRR005582.5114012
305	ERR000571.1478890
306	SRR004741.8130491
307	SRR004624.6536679
308	SRR004751.400167
309	SRR004740.9790064
310	SRR005129.4042323
311	ERR000575.12056924
312	SRR004627.9938275
313	SRR004738.2603082
314	SRR004623.1544937
315	ERR000575.1947092
316	SRR004738.10484434
317	ERR000571.53752
318	SRR004739.4483450
319	SRR004744.11177049
320	ERR000575.6066874
321	ERR000569.1658463
322	ERR000576.1741469
323	SRR005504.1841938
324	SRR005117.8681830
325	ERR000572.741981
326	SRR005588.2239751
327	ERR000576.12346759
328	SRR005589.7006067
329	SRR004626.12599694
330	SRR005503.7521832
331	ERR000571.4112844
332	ERR000573.12342951
333	ERR000569.4573073
334	ERR000571.152018
335	SRR005583.6744106
336	SRR005588.10705584
337	SRR005117.448024
338	SRR005119.10134604
339	SRR004622.8595172
340	SRR004747.1697917
341	ERR000570.78567
342	SRR005583.6648104

#site index (1-based)
#num_of_sites: 100
1	6975892	A	G
2	6975898	C	T
3	6975941	G	A
4	6975947	A	C
5	6976003	A	C
6	6976019	G	A
7	6976101	G	A
8	6976116	C	T
9	6976345	G	A
10	6976683	G	A
11	6976691	G	A
12	6976716	G	A
13	6976736	C	G
14	6976851	T	C
15	6977184	T	A
16	6977224	C	T
17	6977335	C	T
18	6977362	G	A
19	6977385	T	G
20	6977519	A	G
21	6977543	T	G
22	6977757	G	T
23	6977764	G	C
24	6977778	G	A
25	6977978	A	G
26	6978019	G	T
27	6978027	G	A
28	6978034	C	T
29	6978035	G	A
30	6978066	T	G
31	6978097	T	C
32	6978175	T	C
33	6978188	T	G
34	6978219	G	A
35	6978331	A	G
36	6978478	G	A
37	6978624	C	T
38	6978698	G	A
39	6978797	G	A
40	6978801	C	G
41	6978829	C	T
42	6979023	G	A
43	6979053	A	T
44	6979129	A	G
45	6979154	G	A
46	6979170	C	T
47	6979190	C	T
48	6979191	G	A
49	6979281	C	G
50	6979322	C	T
51	6979375	A	G
52	6979432	G	A
53	6979505	A	G
54	6979575	T	C
55	6979714	C	T
56	6979717	G	A
57	6979750	C	T
58	6979769	C	A
59	6979774	A	G
60	6979836	G	T
61	6979932	G	A
62	6979958	A	T
63	6980132	G	A
64	6980154	G	T
65	6980235	T	C
66	6980236	G	A
67	6980254	G	A
68	6980569	A	G
69	6980586	T	C
70	6980591	C	T
71	6980636	G	T
72	6980693	G	A
73	6980841	G	A
74	6980874	G	T
75	6980938	G	T
76	6980997	C	T
77	6981000	C	T
78	6981020	G	C
79	6981061	A	G
80	6981107	A	T
81	6981146	A	G
82	6981159	G	C
83	6981231	A	G
84	6981283	T	C
85	6981286	C	T
86	6981428	C	T
87	6981432	T	C
88	6981439	T	A
89	6981449	T	C
90	6981483	T	A
91	6981525	G	C
92	6981530	T	G
93	6981546	C	T
94	6981614	A	C
95	6981622	C	T
96	6981736	T	C
97	6981767	C	T
98	6981772	A	G
99	6981780	T	C
100	6981782	G	A

