#read index (1-based)
#num_of_reads: 109
1	ERR000757.4001340
2	ERR002192.46465
3	ERR002298.3637318
4	ERR000753.4786148
5	ERR002298.2528225
6	ERR002299.429970
7	ERR002298.2234006
8	ERR000758.3763115
9	ERR000758.1109132
10	ERR002234.592243
11	ERR002193.3016636
12	ERR000756.3047912
13	ERR000757.1177096
14	ERR002235.132320
15	ERR000757.4334926
16	ERR002187.140983
17	ERR002193.3915245
18	ERR000757.1801211
19	ERR002235.1231999
20	ERR000756.4076905
21	ERR002187.138780
22	ERR000753.2497748
23	ERR002191.108716
24	ERR000754.6443551
25	ERR000755.662381
26	ERR002238.968907
27	ERR002188.555646
28	ERR002187.1382870
29	ERR000755.2772423
30	ERR000757.3599330
31	ERR000758.6238845
32	ERR000754.3367553
33	ERR000753.3013188
34	ERR002239.771303
35	ERR002188.798338
36	ERR002189.2268373
37	ERR000753.883622
38	ERR002190.875585
39	ERR000757.2298568
40	ERR000756.5474112
41	ERR000757.6561182
42	ERR000758.3570390
43	ERR002240.690477
44	ERR002298.1850631
45	ERR002236.815551
46	ERR002187.1545694
47	ERR000758.830366
48	ERR002236.311197
49	ERR002192.3826581
50	ERR000758.1099461
51	ERR000757.6060428
52	ERR000756.1476464
53	ERR000756.1872524
54	ERR002236.327413
55	ERR002192.1373312
56	ERR000754.480490
57	ERR000756.3429107
58	ERR002239.3186943
59	ERR002190.3223139
60	ERR002192.1965952
61	ERR002235.2075338
62	ERR000756.1798372
63	ERR002298.2829372
64	ERR002298.1086190
65	ERR002189.2848651
66	ERR000758.6182819
67	ERR002192.2936652
68	ERR000755.109213
69	ERR002192.502873
70	ERR000753.1164552
71	ERR002189.3844730
72	ERR002193.405441
73	ERR002238.1860211
74	ERR000757.5972001
75	ERR000754.4739233
76	ERR002239.3232782
77	ERR002192.630947
78	ERR002189.2231161
79	ERR002238.930363
80	ERR002234.2315672
81	ERR000757.5942729
82	ERR000757.4735347
83	ERR002299.1478119
84	ERR002189.245212
85	ERR000758.3800935
86	ERR002193.2504001
87	ERR002240.1784387
88	ERR000757.1976595
89	ERR002189.224129
90	ERR002191.2324230
91	ERR002189.3420530
92	ERR002240.1130608
93	ERR000755.3214364
94	ERR000756.2218089
95	ERR000756.2931644
96	ERR002240.33540
97	ERR002239.3159383
98	ERR000754.6021718
99	ERR000757.4068790
100	ERR002193.1607146
101	ERR002191.2303216
102	ERR000754.5285856
103	ERR000753.4108148
104	ERR000756.6435015
105	ERR002189.2127992
106	ERR002193.2808366
107	ERR002235.1492510
108	ERR000758.1531406
109	ERR000753.647630

#site index (1-based)
#num_of_sites: 100
1	6975892	A	G
2	6975898	C	T
3	6975941	G	A
4	6975947	A	C
5	6976003	A	C
6	6976019	G	A
7	6976101	G	A
8	6976116	C	T
9	6976345	G	A
10	6976683	G	A
11	6976691	G	A
12	6976716	G	A
13	6976736	C	G
14	6976851	T	C
15	6977184	T	A
16	6977224	C	T
17	6977335	C	T
18	6977362	G	A
19	6977385	T	G
20	6977519	A	G
21	6977543	T	G
22	6977757	G	T
23	6977764	G	C
24	6977778	G	A
25	6977978	A	G
26	6978019	G	T
27	6978027	G	A
28	6978034	C	T
29	6978035	G	A
30	6978066	T	G
31	6978097	T	C
32	6978175	T	C
33	6978188	T	G
34	6978219	G	A
35	6978331	A	G
36	6978478	G	A
37	6978624	C	T
38	6978698	G	A
39	6978797	G	A
40	6978801	C	G
41	6978829	C	T
42	6979023	G	A
43	6979053	A	T
44	6979129	A	G
45	6979154	G	A
46	6979170	C	T
47	6979190	C	T
48	6979191	G	A
49	6979281	C	G
50	6979322	C	T
51	6979375	A	G
52	6979432	G	A
53	6979505	A	G
54	6979575	T	C
55	6979714	C	T
56	6979717	G	A
57	6979750	C	T
58	6979769	C	A
59	6979774	A	G
60	6979836	G	T
61	6979932	G	A
62	6979958	A	T
63	6980132	G	A
64	6980154	G	T
65	6980235	T	C
66	6980236	G	A
67	6980254	G	A
68	6980569	A	G
69	6980586	T	C
70	6980591	C	T
71	6980636	G	T
72	6980693	G	A
73	6980841	G	A
74	6980874	G	T
75	6980938	G	T
76	6980997	C	T
77	6981000	C	T
78	6981020	G	C
79	6981061	A	G
80	6981107	A	T
81	6981146	A	G
82	6981159	G	C
83	6981231	A	G
84	6981283	T	C
85	6981286	C	T
86	6981428	C	T
87	6981432	T	C
88	6981439	T	A
89	6981449	T	C
90	6981483	T	A
91	6981525	G	C
92	6981530	T	G
93	6981546	C	T
94	6981614	A	C
95	6981622	C	T
96	6981736	T	C
97	6981767	C	T
98	6981772	A	G
99	6981780	T	C
100	6981782	G	A

