#read index (1-based)
#num_of_reads: 214
1	ERR006367.1534591
2	ERR006259.1366005
3	ERR007480.1016452
4	ERR006226.2616199
5	ERR006234.11269894
6	ERR006376.4881351
7	ERR007480.3779688
8	ERR007639.1554487
9	ERR005841.2184703
10	ERR006348.3821854
11	ERR006348.349438
12	ERR006259.9496825
13	ERR006259.2621628
14	ERR007480.12009367
15	ERR007480.7261033
16	ERR007642.2024650
17	ERR006367.12009842
18	ERR007638.8204854
19	ERR006348.4099561
20	ERR006376.18574609
21	ERR005841.5378621
22	ERR007640.1479058
23	ERR006348.4189861
24	ERR006367.15073308
25	ERR006348.8996882
26	ERR006348.9405028
27	ERR007480.13655244
28	ERR007480.12606425
29	ERR007638.423890
30	ERR006227.7783996
31	ERR007480.14950772
32	ERR006234.8000303
33	ERR007640.2949883
34	ERR006367.14941096
35	ERR005855.6921386
36	ERR005841.6979365
37	ERR005842.9203226
38	ERR006259.9782408
39	ERR005842.5527217
40	ERR005841.9909535
41	ERR007641.503383
42	ERR007480.7652053
43	ERR007638.6782427
44	ERR006226.13339743
45	ERR007639.1110303
46	ERR006367.8249785
47	ERR006259.4153599
48	ERR006367.13777832
49	ERR006259.11839191
50	ERR007640.2861544
51	ERR006226.5443880
52	ERR006259.10357467
53	ERR006376.18737556
54	ERR007638.6240460
55	ERR006348.8478597
56	ERR005842.7909160
57	ERR006376.12510650
58	ERR007480.14202869
59	ERR005855.6328458
60	ERR006376.4382946
61	ERR007480.20072536
62	ERR005842.4729886
63	ERR006367.14390300
64	ERR005843.1356831
65	ERR007480.20325458
66	ERR005841.2848764
67	ERR005841.4294907
68	ERR006234.5458757
69	ERR007639.2369913
70	ERR006376.2969866
71	ERR007480.9805059
72	ERR006367.16286921
73	ERR007639.697506
74	ERR006227.1607661
75	ERR007480.19334176
76	ERR006376.9358433
77	ERR005841.13082812
78	ERR006227.656642
79	ERR006376.4632054
80	ERR006226.8467046
81	ERR007480.18521369
82	ERR007480.4163960
83	ERR005855.3811414
84	ERR005842.3344514
85	ERR006227.3597629
86	ERR006227.9456639
87	ERR007638.5552146
88	ERR006234.3387732
89	ERR006234.12926498
90	ERR007480.21722908
91	ERR006376.19666438
92	ERR005855.1220931
93	ERR006367.13902780
94	ERR006226.4533504
95	ERR006376.14124837
96	ERR005843.10666059
97	ERR007640.1201483
98	ERR006376.12278708
99	ERR007642.1832182
100	ERR006367.6103563
101	ERR006376.10134419
102	ERR006367.10421278
103	ERR006376.6286531
104	ERR006367.4516649
105	ERR005843.10878393
106	ERR006376.2878484
107	ERR006259.4365285
108	ERR006226.7338075
109	ERR005841.7386449
110	ERR005843.7239784
111	ERR005841.1487346
112	ERR005855.11732518
113	ERR006367.15322166
114	ERR005855.11504610
115	ERR006259.10799430
116	ERR005855.1503441
117	ERR006376.16710489
118	ERR007638.7164356
119	ERR006227.4503986
120	ERR006348.8474792
121	ERR005855.4310626
122	ERR005842.152946
123	ERR006376.14610457
124	ERR006376.16547794
125	ERR006367.11196573
126	ERR006227.3832725
127	ERR006348.3707559
128	ERR006367.6613698
129	ERR006367.5105643
130	ERR006367.11797192
131	ERR006367.5927076
132	ERR006376.19283271
133	ERR007480.5653055
134	ERR007638.103336
135	ERR006226.9446127
136	ERR007638.5791717
137	ERR005842.8445674
138	ERR006259.9574884
139	ERR006234.5285524
140	ERR005842.10468091
141	ERR005841.8846735
142	ERR006227.3124645
143	ERR005842.9905455
144	ERR005841.3642417
145	ERR007638.6254255
146	ERR006227.1872524
147	ERR006227.8948419
148	ERR007480.2392841
149	ERR006348.2572731
150	ERR006226.10743357
151	ERR006234.4561735
152	ERR005842.13713939
153	ERR005855.11200911
154	ERR005843.6894431
155	ERR007638.6903774
156	ERR005855.7321440
157	ERR005843.5308531
158	ERR007480.9220050
159	ERR005855.1633107
160	ERR006376.8835756
161	ERR006226.936695
162	ERR006227.3469507
163	ERR005843.4361258
164	ERR006234.191965
165	ERR006376.2290010
166	ERR006367.4533610
167	ERR005841.1190585
168	ERR005841.570742
169	ERR006227.1280146
170	ERR006348.593128
171	ERR006367.7383126
172	ERR007480.7176317
173	ERR006227.5515513
174	ERR006226.7474034
175	ERR005855.8903677
176	ERR006376.10978391
177	ERR006376.16302760
178	ERR006367.11781519
179	ERR007640.2606247
180	ERR006367.1831639
181	ERR005841.5590256
182	ERR005855.10496793
183	ERR006367.2358308
184	ERR006227.11903554
185	ERR007638.3965620
186	ERR006367.7725849
187	ERR005843.1985246
188	ERR006376.7756753
189	ERR007480.20232735
190	ERR005842.10689986
191	ERR007480.6488744
192	ERR007638.8243933
193	ERR006227.7012672
194	ERR006259.1354672
195	ERR005855.4084794
196	ERR006259.3910438
197	ERR006367.11012722
198	ERR005841.9218600
199	ERR005842.6962567
200	ERR005841.2156116
201	ERR007480.10042818
202	ERR007480.24079769
203	ERR005842.3871853
204	ERR005842.5003639
205	ERR005842.7411654
206	ERR006234.5437129
207	ERR005841.235265
208	ERR006226.11339213
209	ERR007480.9271680
210	ERR006376.5122876
211	ERR006226.11523861
212	ERR006234.1795062
213	ERR007480.10708706
214	ERR006259.11782301

#site index (1-based)
#num_of_sites: 100
1	6975892	A	G
2	6975898	C	T
3	6975941	G	A
4	6975947	A	C
5	6976003	A	C
6	6976019	G	A
7	6976101	G	A
8	6976116	C	T
9	6976345	G	A
10	6976683	G	A
11	6976691	G	A
12	6976716	G	A
13	6976736	C	G
14	6976851	T	C
15	6977184	T	A
16	6977224	C	T
17	6977335	C	T
18	6977362	G	A
19	6977385	T	G
20	6977519	A	G
21	6977543	T	G
22	6977757	G	T
23	6977764	G	C
24	6977778	G	A
25	6977978	A	G
26	6978019	G	T
27	6978027	G	A
28	6978034	C	T
29	6978035	G	A
30	6978066	T	G
31	6978097	T	C
32	6978175	T	C
33	6978188	T	G
34	6978219	G	A
35	6978331	A	G
36	6978478	G	A
37	6978624	C	T
38	6978698	G	A
39	6978797	G	A
40	6978801	C	G
41	6978829	C	T
42	6979023	G	A
43	6979053	A	T
44	6979129	A	G
45	6979154	G	A
46	6979170	C	T
47	6979190	C	T
48	6979191	G	A
49	6979281	C	G
50	6979322	C	T
51	6979375	A	G
52	6979432	G	A
53	6979505	A	G
54	6979575	T	C
55	6979714	C	T
56	6979717	G	A
57	6979750	C	T
58	6979769	C	A
59	6979774	A	G
60	6979836	G	T
61	6979932	G	A
62	6979958	A	T
63	6980132	G	A
64	6980154	G	T
65	6980235	T	C
66	6980236	G	A
67	6980254	G	A
68	6980569	A	G
69	6980586	T	C
70	6980591	C	T
71	6980636	G	T
72	6980693	G	A
73	6980841	G	A
74	6980874	G	T
75	6980938	G	T
76	6980997	C	T
77	6981000	C	T
78	6981020	G	C
79	6981061	A	G
80	6981107	A	T
81	6981146	A	G
82	6981159	G	C
83	6981231	A	G
84	6981283	T	C
85	6981286	C	T
86	6981428	C	T
87	6981432	T	C
88	6981439	T	A
89	6981449	T	C
90	6981483	T	A
91	6981525	G	C
92	6981530	T	G
93	6981546	C	T
94	6981614	A	C
95	6981622	C	T
96	6981736	T	C
97	6981767	C	T
98	6981772	A	G
99	6981780	T	C
100	6981782	G	A

