#read index (1-based)
#num_of_reads: 255
1	SRR029674.21913537
2	SRR029679.2202816
3	SRR029681.16002394
4	SRR029677.5393940
5	SRR029681.10984463
6	SRR029681.16649124
7	SRR029678.6627623
8	SRR029675.20017883
9	SRR029680.8039998
10	SRR029675.10577040
11	SRR029677.5744897
12	SRR029674.14852887
13	SRR029681.11844582
14	SRR029679.9983806
15	SRR029678.5418569
16	SRR029675.19850300
17	SRR029674.7255769
18	SRR029676.5278683
19	SRR029681.18070289
20	SRR029674.22866247
21	SRR029676.3163486
22	SRR029674.12063253
23	SRR029674.15907656
24	SRR029675.17900767
25	SRR029680.537670
26	SRR029679.6303182
27	SRR029676.5881128
28	SRR029680.14423859
29	SRR029676.6680729
30	SRR029681.8032120
31	SRR029681.18591274
32	SRR029680.9570880
33	SRR029674.12648487
34	SRR029677.9434525
35	SRR029677.4898732
36	SRR029681.22548534
37	SRR029681.5083330
38	SRR029675.23297124
39	SRR029681.15396376
40	SRR029675.13364317
41	SRR029680.23080541
42	SRR029678.475409
43	SRR029674.10475668
44	SRR029674.23251772
45	SRR029681.11661184
46	SRR029675.21890191
47	SRR029674.14817226
48	SRR029680.13257098
49	SRR029674.11223110
50	SRR029679.7906143
51	SRR029681.19602121
52	SRR029675.9609504
53	SRR029674.7623174
54	SRR029674.18853826
55	SRR029679.17240118
56	SRR029677.6363308
57	SRR029674.8905244
58	SRR029675.6100345
59	SRR029674.3153581
60	SRR029679.20404127
61	SRR029674.19236791
62	SRR029676.5861380
63	SRR029678.12962091
64	SRR029681.18288778
65	SRR029677.7766151
66	SRR029675.7347910
67	SRR029678.11871967
68	SRR029678.6204003
69	SRR029676.11106017
70	SRR029675.22947511
71	SRR029679.2183161
72	SRR029680.620927
73	SRR029674.1470125
74	SRR029677.16356082
75	SRR029675.13165190
76	SRR029674.4799586
77	SRR029674.13562169
78	SRR029674.13925290
79	SRR029677.2496422
80	SRR029679.18194366
81	SRR029674.8656972
82	SRR029678.12352330
83	SRR029680.19694840
84	SRR029677.9863764
85	SRR029679.5490852
86	SRR029677.16130251
87	SRR029674.22854919
88	SRR029680.17274405
89	SRR029680.1695022
90	SRR029679.12345310
91	SRR029676.5713264
92	SRR029674.19348279
93	SRR029675.16516836
94	SRR029681.13609566
95	SRR029681.10576778
96	SRR029674.20729388
97	SRR029674.20840432
98	SRR029675.15012956
99	SRR029679.1611333
100	SRR029678.3715206
101	SRR029680.635994
102	SRR029679.15183585
103	SRR029681.10301237
104	SRR029677.3629020
105	SRR029681.16292725
106	SRR029674.17424021
107	SRR029681.4803357
108	SRR029680.6763506
109	SRR029680.7085606
110	SRR029681.7854206
111	SRR029674.13816680
112	SRR029675.21040127
113	SRR029677.17030742
114	SRR029681.15263136
115	SRR029678.739956
116	SRR029680.11433362
117	SRR029676.10356302
118	SRR029679.3547697
119	SRR029678.7319793
120	SRR029676.14791587
121	SRR029674.6414174
122	SRR029680.11312423
123	SRR029678.5800725
124	SRR029681.19690152
125	SRR029681.1641043
126	SRR029681.15574931
127	SRR029679.16556968
128	SRR029676.17486241
129	SRR029674.6899257
130	SRR029680.807296
131	SRR029676.13610633
132	SRR029680.15694397
133	SRR029676.10263664
134	SRR029679.3717426
135	SRR029675.17211343
136	SRR029679.1800070
137	SRR029674.15176457
138	SRR029677.4616723
139	SRR029676.12188466
140	SRR029678.1157461
141	SRR029677.23675937
142	SRR029681.11822800
143	SRR029679.15025751
144	SRR029680.11036263
145	SRR029676.16608709
146	SRR029680.7218310
147	SRR029679.16642132
148	SRR029677.9122754
149	SRR029679.14691368
150	SRR029681.17787838
151	SRR029680.16604581
152	SRR029681.20335926
153	SRR029674.18272300
154	SRR029677.22505808
155	SRR029674.17841817
156	SRR029675.16810324
157	SRR029675.19757540
158	SRR029681.21960478
159	SRR029675.16128786
160	SRR029675.8563416
161	SRR029675.4571234
162	SRR029675.8817747
163	SRR029680.8589566
164	SRR029678.7692159
165	SRR029674.23438435
166	SRR029680.15591314
167	SRR029677.6397734
168	SRR029679.19162408
169	SRR029676.7473297
170	SRR029675.16516899
171	SRR029675.21902752
172	SRR029680.14040644
173	SRR029675.13443725
174	SRR029677.4657734
175	SRR029677.8163984
176	SRR029675.14151406
177	SRR029680.15461531
178	SRR029676.10215054
179	SRR029681.8532398
180	SRR029679.5974377
181	SRR029674.7844714
182	SRR029679.11870005
183	SRR029674.1417656
184	SRR029675.18950987
185	SRR029674.17603543
186	SRR029679.612329
187	SRR029680.1023864
188	SRR029681.17149889
189	SRR029675.11282626
190	SRR029674.8532755
191	SRR029680.21714385
192	SRR029677.12815087
193	SRR029674.17808075
194	SRR029680.16467423
195	SRR029680.21911982
196	SRR029681.671709
197	SRR029675.12683801
198	SRR029681.8367178
199	SRR029679.4741044
200	SRR029680.14162627
201	SRR029674.20975111
202	SRR029675.4332488
203	SRR029679.9420295
204	SRR029681.17779656
205	SRR029679.14935769
206	SRR029679.9170511
207	SRR029680.13887246
208	SRR029676.4512250
209	SRR029675.11092991
210	SRR029678.3967237
211	SRR029677.17942695
212	SRR029681.2848352
213	SRR029674.1962652
214	SRR029677.20636454
215	SRR029675.15360011
216	SRR029675.10707514
217	SRR029676.18871176
218	SRR029674.5374487
219	SRR029680.6046367
220	SRR029677.22998220
221	SRR029674.3664852
222	SRR029674.13289254
223	SRR029680.5651712
224	SRR029676.2085420
225	SRR029674.9489394
226	SRR029680.19039505
227	SRR029681.13616484
228	SRR029674.17210711
229	SRR029677.8811728
230	SRR029676.5313103
231	SRR029678.6261326
232	SRR029676.2561000
233	SRR029676.2707767
234	SRR029679.21749681
235	SRR029681.11155704
236	SRR029676.13060225
237	SRR029677.7973439
238	SRR029681.5618132
239	SRR029680.18797141
240	SRR029677.15158747
241	SRR029681.11892516
242	SRR029675.23434310
243	SRR029677.15219916
244	SRR029679.6641218
245	SRR029675.5813128
246	SRR029680.12348843
247	SRR029679.9221803
248	SRR029679.16161256
249	SRR029676.12962287
250	SRR029676.526963
251	SRR029679.14700515
252	SRR029681.6089642
253	SRR029681.18856329
254	SRR029681.18173733
255	SRR029675.23759349

#site index (1-based)
#num_of_sites: 100
1	6975892	A	G
2	6975898	C	T
3	6975941	G	A
4	6975947	A	C
5	6976003	A	C
6	6976019	G	A
7	6976101	G	A
8	6976116	C	T
9	6976345	G	A
10	6976683	G	A
11	6976691	G	A
12	6976716	G	A
13	6976736	C	G
14	6976851	T	C
15	6977184	T	A
16	6977224	C	T
17	6977335	C	T
18	6977362	G	A
19	6977385	T	G
20	6977519	A	G
21	6977543	T	G
22	6977757	G	T
23	6977764	G	C
24	6977778	G	A
25	6977978	A	G
26	6978019	G	T
27	6978027	G	A
28	6978034	C	T
29	6978035	G	A
30	6978066	T	G
31	6978097	T	C
32	6978175	T	C
33	6978188	T	G
34	6978219	G	A
35	6978331	A	G
36	6978478	G	A
37	6978624	C	T
38	6978698	G	A
39	6978797	G	A
40	6978801	C	G
41	6978829	C	T
42	6979023	G	A
43	6979053	A	T
44	6979129	A	G
45	6979154	G	A
46	6979170	C	T
47	6979190	C	T
48	6979191	G	A
49	6979281	C	G
50	6979322	C	T
51	6979375	A	G
52	6979432	G	A
53	6979505	A	G
54	6979575	T	C
55	6979714	C	T
56	6979717	G	A
57	6979750	C	T
58	6979769	C	A
59	6979774	A	G
60	6979836	G	T
61	6979932	G	A
62	6979958	A	T
63	6980132	G	A
64	6980154	G	T
65	6980235	T	C
66	6980236	G	A
67	6980254	G	A
68	6980569	A	G
69	6980586	T	C
70	6980591	C	T
71	6980636	G	T
72	6980693	G	A
73	6980841	G	A
74	6980874	G	T
75	6980938	G	T
76	6980997	C	T
77	6981000	C	T
78	6981020	G	C
79	6981061	A	G
80	6981107	A	T
81	6981146	A	G
82	6981159	G	C
83	6981231	A	G
84	6981283	T	C
85	6981286	C	T
86	6981428	C	T
87	6981432	T	C
88	6981439	T	A
89	6981449	T	C
90	6981483	T	A
91	6981525	G	C
92	6981530	T	G
93	6981546	C	T
94	6981614	A	C
95	6981622	C	T
96	6981736	T	C
97	6981767	C	T
98	6981772	A	G
99	6981780	T	C
100	6981782	G	A

