#read index (1-based)
#num_of_reads: 293
1	ERR006395.12594016
2	ERR006396.8872844
3	ERR006395.7050683
4	ERR006384.17688722
5	ERR006407.9185531
6	ERR006384.14442008
7	ERR006409.10490774
8	ERR006384.14934231
9	ERR006388.8235928
10	ERR006396.13705256
11	ERR006389.4524525
12	ERR006407.622191
13	ERR006385.23811707
14	ERR006395.20528497
15	ERR006386.8750699
16	ERR006387.19794086
17	ERR006388.16275724
18	ERR006407.17631969
19	ERR006384.3567998
20	ERR006385.22531004
21	ERR006397.6482612
22	ERR006397.14197218
23	ERR006384.18951896
24	ERR006408.22032261
25	ERR006384.17019373
26	ERR006386.21408796
27	ERR006408.6759420
28	ERR006407.19127756
29	ERR006397.4363142
30	ERR006409.57639
31	ERR006396.1439923
32	ERR006408.23316091
33	ERR006389.16171910
34	ERR006409.2617985
35	ERR006387.14324598
36	ERR006385.16114276
37	ERR006386.4016894
38	ERR006408.18537525
39	ERR006389.8802751
40	ERR006386.2205644
41	ERR006385.20299765
42	ERR006397.2545245
43	ERR006387.14338153
44	ERR006396.20317790
45	ERR006408.16460757
46	ERR006384.4568042
47	ERR006395.9087541
48	ERR006395.24374898
49	ERR006384.2658434
50	ERR006387.7248817
51	ERR006385.7025484
52	ERR006389.13979470
53	ERR006395.1587969
54	ERR006408.24696176
55	ERR006395.1951736
56	ERR006408.17149967
57	ERR006385.13410917
58	ERR006388.10545675
59	ERR006407.21142543
60	ERR006386.4564829
61	ERR006395.25042252
62	ERR006408.16965020
63	ERR006409.1515872
64	ERR006397.7992614
65	ERR006386.12449500
66	ERR006395.1419514
67	ERR006397.7960742
68	ERR006408.20552102
69	ERR006384.13395436
70	ERR006407.9017532
71	ERR006407.19512808
72	ERR006407.16778402
73	ERR006409.24948
74	ERR006395.17667549
75	ERR006384.7567745
76	ERR006385.18509283
77	ERR006389.6394664
78	ERR006395.13335804
79	ERR006395.7682636
80	ERR006389.9248288
81	ERR006409.15922205
82	ERR006408.10189950
83	ERR006384.11109089
84	ERR006397.4717578
85	ERR006388.2483755
86	ERR006408.5979633
87	ERR006385.14582546
88	ERR006387.15094438
89	ERR006388.14423350
90	ERR006409.11031684
91	ERR006384.5325014
92	ERR006408.19568346
93	ERR006385.1912422
94	ERR006388.19690215
95	ERR006386.15366082
96	ERR006409.18417995
97	ERR006396.18699511
98	ERR006407.7441269
99	ERR006408.1032677
100	ERR006384.1281487
101	ERR006409.15198605
102	ERR006407.21189746
103	ERR006396.8880244
104	ERR006407.5760621
105	ERR006389.12871499
106	ERR006409.13347230
107	ERR006397.6158912
108	ERR006408.10077676
109	ERR006409.16826676
110	ERR006395.17847918
111	ERR006407.16237585
112	ERR006407.15766721
113	ERR006396.13631254
114	ERR006388.1584447
115	ERR006408.20879425
116	ERR006385.13555581
117	ERR006409.5089644
118	ERR006408.13697486
119	ERR006385.7839362
120	ERR006387.17107344
121	ERR006384.20504500
122	ERR006389.10714272
123	ERR006397.21035139
124	ERR006395.5498908
125	ERR006384.20980788
126	ERR006396.10169949
127	ERR006388.16222116
128	ERR006396.11030446
129	ERR006407.17918153
130	ERR006396.4567448
131	ERR006385.336419
132	ERR006408.6522719
133	ERR006409.6424642
134	ERR006396.8487388
135	ERR006395.6703127
136	ERR006385.22151388
137	ERR006407.6635727
138	ERR006387.797817
139	ERR006409.4425961
140	ERR006396.20382378
141	ERR006387.16938488
142	ERR006407.16219204
143	ERR006407.15305568
144	ERR006386.19784492
145	ERR006407.21097083
146	ERR006408.20683863
147	ERR006387.5216828
148	ERR006407.18397971
149	ERR006409.12021743
150	ERR006407.17654511
151	ERR006387.4805381
152	ERR006385.2638637
153	ERR006396.5480904
154	ERR006409.14247259
155	ERR006389.11085360
156	ERR006386.21225190
157	ERR006388.13523069
158	ERR006408.7185968
159	ERR006397.16961480
160	ERR006386.1325010
161	ERR006409.15058474
162	ERR006385.3381197
163	ERR006384.77616
164	ERR006395.19111778
165	ERR006407.20353419
166	ERR006385.1993103
167	ERR006388.6674975
168	ERR006408.8270419
169	ERR006386.4281554
170	ERR006407.16257739
171	ERR006388.8548091
172	ERR006407.15481197
173	ERR006385.19936423
174	ERR006408.5216513
175	ERR006385.8359354
176	ERR006384.18644770
177	ERR006389.4301765
178	ERR006387.11288467
179	ERR006409.7725608
180	ERR006395.5207683
181	ERR006386.21155324
182	ERR006396.20066819
183	ERR006384.24495632
184	ERR006384.11392023
185	ERR006396.17427387
186	ERR006387.18775841
187	ERR006409.16226293
188	ERR006386.19214113
189	ERR006389.6299184
190	ERR006395.2894837
191	ERR006386.15256186
192	ERR006395.14700891
193	ERR006409.9266882
194	ERR006384.22320406
195	ERR006396.16860961
196	ERR006407.6092714
197	ERR006389.11473349
198	ERR006389.14875934
199	ERR006389.12458141
200	ERR006408.23883755
201	ERR006384.9132016
202	ERR006384.22197616
203	ERR006388.12509081
204	ERR006408.11041142
205	ERR006387.204441
206	ERR006397.7358559
207	ERR006397.12216785
208	ERR006407.9862676
209	ERR006395.16742762
210	ERR006396.16113465
211	ERR006389.4332945
212	ERR006395.23979227
213	ERR006397.17558384
214	ERR006388.1019990
215	ERR006387.2915784
216	ERR006388.10734637
217	ERR006384.12234182
218	ERR006388.17350025
219	ERR006397.3407563
220	ERR006388.2845375
221	ERR006389.19185429
222	ERR006384.8140725
223	ERR006408.3005990
224	ERR006384.7385799
225	ERR006389.19171746
226	ERR006396.1056770
227	ERR006386.14505590
228	ERR006384.18128784
229	ERR006408.14096709
230	ERR006408.16021560
231	ERR006395.20749028
232	ERR006387.12088958
233	ERR006396.16697337
234	ERR006384.563728
235	ERR006386.11087920
236	ERR006396.1263900
237	ERR006386.7965643
238	ERR006386.970498
239	ERR006407.9854855
240	ERR006395.3586941
241	ERR006388.10791374
242	ERR006408.7587733
243	ERR006386.18670522
244	ERR006385.21816316
245	ERR006396.14596724
246	ERR006388.10058406
247	ERR006385.21498295
248	ERR006384.22214960
249	ERR006384.20316984
250	ERR006409.7308251
251	ERR006396.4096227
252	ERR006388.269712
253	ERR006408.22677674
254	ERR006407.4407236
255	ERR006385.5879255
256	ERR006409.18910643
257	ERR006408.12819426
258	ERR006389.10807016
259	ERR006408.22664211
260	ERR006385.7241752
261	ERR006409.1786551
262	ERR006385.20240040
263	ERR006388.10292700
264	ERR006408.666961
265	ERR006409.1143820
266	ERR006385.10337965
267	ERR006384.19769485
268	ERR006397.15877191
269	ERR006407.4111423
270	ERR006384.23938425
271	ERR006407.6539630
272	ERR006385.17116151
273	ERR006385.18926358
274	ERR006385.14758576
275	ERR006384.21201862
276	ERR006386.17553908
277	ERR006395.1582769
278	ERR006407.14162771
279	ERR006389.16290910
280	ERR006395.509758
281	ERR006409.8553476
282	ERR006395.14992246
283	ERR006395.8911762
284	ERR006396.12014198
285	ERR006396.11543527
286	ERR006407.11369193
287	ERR006395.24100904
288	ERR006395.20947377
289	ERR006408.8545875
290	ERR006386.9467899
291	ERR006408.2512619
292	ERR006409.7150245
293	ERR006409.2773623

#site index (1-based)
#num_of_sites: 100
1	6975892	A	G
2	6975898	C	T
3	6975941	G	A
4	6975947	A	C
5	6976003	A	C
6	6976019	G	A
7	6976101	G	A
8	6976116	C	T
9	6976345	G	A
10	6976683	G	A
11	6976691	G	A
12	6976716	G	A
13	6976736	C	G
14	6976851	T	C
15	6977184	T	A
16	6977224	C	T
17	6977335	C	T
18	6977362	G	A
19	6977385	T	G
20	6977519	A	G
21	6977543	T	G
22	6977757	G	T
23	6977764	G	C
24	6977778	G	A
25	6977978	A	G
26	6978019	G	T
27	6978027	G	A
28	6978034	C	T
29	6978035	G	A
30	6978066	T	G
31	6978097	T	C
32	6978175	T	C
33	6978188	T	G
34	6978219	G	A
35	6978331	A	G
36	6978478	G	A
37	6978624	C	T
38	6978698	G	A
39	6978797	G	A
40	6978801	C	G
41	6978829	C	T
42	6979023	G	A
43	6979053	A	T
44	6979129	A	G
45	6979154	G	A
46	6979170	C	T
47	6979190	C	T
48	6979191	G	A
49	6979281	C	G
50	6979322	C	T
51	6979375	A	G
52	6979432	G	A
53	6979505	A	G
54	6979575	T	C
55	6979714	C	T
56	6979717	G	A
57	6979750	C	T
58	6979769	C	A
59	6979774	A	G
60	6979836	G	T
61	6979932	G	A
62	6979958	A	T
63	6980132	G	A
64	6980154	G	T
65	6980235	T	C
66	6980236	G	A
67	6980254	G	A
68	6980569	A	G
69	6980586	T	C
70	6980591	C	T
71	6980636	G	T
72	6980693	G	A
73	6980841	G	A
74	6980874	G	T
75	6980938	G	T
76	6980997	C	T
77	6981000	C	T
78	6981020	G	C
79	6981061	A	G
80	6981107	A	T
81	6981146	A	G
82	6981159	G	C
83	6981231	A	G
84	6981283	T	C
85	6981286	C	T
86	6981428	C	T
87	6981432	T	C
88	6981439	T	A
89	6981449	T	C
90	6981483	T	A
91	6981525	G	C
92	6981530	T	G
93	6981546	C	T
94	6981614	A	C
95	6981622	C	T
96	6981736	T	C
97	6981767	C	T
98	6981772	A	G
99	6981780	T	C
100	6981782	G	A

