#read index (1-based)
#num_of_reads: 340
1	ERR000582.5170636
2	ERR000580.3136961
3	SRR005951.1087562
4	SRR005946.2562618
5	SRR070963.1791194
6	ERR000580.5990159
7	SRR004581.346186
8	ERR000581.13535200
9	ERR000580.4174260
10	ERR000583.6101893
11	ERR000577.7930142
12	ERR000578.6626507
13	ERR000579.13423208
14	SRR004225.8977270
15	ERR000581.6130824
16	SRR005044.4880707
17	SRR004584.1686101
18	SRR002913.776038
19	SRR005949.3435990
20	SRR005044.6399699
21	ERR000578.1095438
22	ERR000581.5585789
23	SRR004581.7334154
24	ERR000582.13825089
25	SRR070951.3212830
26	ERR000582.7797354
27	SRR005973.3333752
28	SRR005948.9593926
29	ERR000583.9710611
30	SRR005951.4610816
31	SRR004225.7452315
32	SRR004225.8930385
33	SRR004582.1435198
34	ERR000583.7911519
35	ERR000582.5588867
36	SRR002916.5302315
37	SRR005974.6922137
38	SRR004585.5434546
39	ERR000583.679869
40	SRR070964.4974712
41	SRR004586.5491500
42	ERR000577.3877475
43	ERR000584.2204530
44	ERR000584.8425748
45	SRR070951.3513759
46	ERR000577.8585353
47	ERR000580.2180596
48	SRR005948.535485
49	ERR000582.13906230
50	ERR000579.2797644
51	ERR000579.7059013
52	SRR005951.2333750
53	SRR004582.2502048
54	ERR000578.9542504
55	ERR000583.6020905
56	SRR004228.3323016
57	SRR004227.1696356
58	ERR000584.9214451
59	ERR000580.6128654
60	SRR004225.78752
61	ERR000582.3434828
62	SRR070963.1248189
63	SRR004587.3107883
64	SRR005973.8102858
65	ERR000581.13171946
66	ERR000584.7143164
67	ERR000584.331995
68	SRR004225.6903780
69	ERR000582.1322909
70	SRR070964.363353
71	SRR004582.4388187
72	ERR000577.10801657
73	SRR002916.1027734
74	ERR000579.13318836
75	ERR000583.4555573
76	SRR004585.4185600
77	SRR005946.10392133
78	SRR004223.4194117
79	SRR005951.4874315
80	SRR005947.9394781
81	ERR000579.8178279
82	ERR000584.5126443
83	SRR004588.1863000
84	SRR004228.251315
85	SRR004222.1269932
86	ERR000581.12869636
87	SRR002917.10414447
88	SRR070967.2294185
89	ERR000581.8364155
90	ERR000578.2917567
91	SRR002919.4357358
92	SRR004227.1872594
93	ERR000577.3366643
94	ERR000577.368792
95	ERR000580.275626
96	ERR000579.4941845
97	SRR070967.2773404
98	SRR004224.1116395
99	ERR000578.6435084
100	SRR004587.272087
101	SRR070964.1883105
102	ERR000577.2364248
103	SRR005946.1915326
104	ERR000580.1847706
105	SRR004228.4796008
106	ERR000580.5331411
107	SRR070964.1956830
108	ERR000583.5342612
109	SRR070965.6787142
110	SRR070962.1638724
111	SRR002916.2804017
112	ERR000583.5775559
113	ERR000578.192891
114	ERR000581.906290
115	ERR000582.3348546
116	SRR002916.2818674
117	SRR002919.5204090
118	ERR000578.8268264
119	ERR000582.12106314
120	SRR070966.2190339
121	SRR005946.9525635
122	ERR000582.6790498
123	SRR005948.12729202
124	SRR005973.1781344
125	ERR000582.2916159
126	ERR000582.5435183
127	ERR000579.3647348
128	SRR004222.3853117
129	ERR000580.2679446
130	ERR000578.1079447
131	SRR002919.794893
132	SRR070963.346326
133	ERR000582.4938525
134	SRR070967.2350151
135	ERR000581.6163339
136	SRR004224.2124613
137	SRR005974.6331256
138	SRR005974.2302327
139	SRR005946.4914873
140	ERR000580.7669296
141	SRR005948.2885982
142	SRR005951.3210343
143	ERR000583.2840908
144	SRR004587.5232082
145	ERR000584.798218
146	SRR070963.1593651
147	ERR000582.10648397
148	SRR002917.1196640
149	ERR000578.5994791
150	SRR002915.5086140
151	SRR004584.797786
152	ERR000580.57419
153	SRR005973.5454369
154	ERR000577.3603647
155	ERR000582.11478092
156	SRR070967.5881101
157	SRR004581.5784940
158	SRR005947.7669984
159	ERR000577.10633439
160	ERR000577.7597769
161	SRR004227.6729918
162	SRR005951.1734134
163	ERR000582.2696167
164	ERR000579.3142588
165	SRR004227.4610216
166	SRR070964.3959600
167	ERR000577.11277391
168	SRR004223.1212843
169	ERR000580.60054
170	SRR004581.2250617
171	SRR004224.912236
172	ERR000584.7252141
173	SRR005946.11193456
174	SRR004588.3012972
175	SRR005951.3328176
176	ERR000583.4105340
177	SRR004582.48255
178	SRR004229.4058196
179	ERR000582.6458349
180	SRR004229.8766213
181	ERR000583.11765865
182	SRR005948.3329404
183	SRR070963.4302451
184	ERR000584.2964281
185	ERR000583.2890683
186	ERR000584.6751119
187	SRR004585.1013077
188	SRR004582.2104727
189	SRR004584.4884268
190	SRR005949.7090745
191	SRR005950.3038347
192	SRR005949.6591859
193	ERR000580.7202380
194	ERR000584.1117604
195	ERR000581.3316278
196	SRR002919.4617233
197	SRR004225.1548166
198	SRR002915.424937
199	SRR070963.6334524
200	SRR004226.1888588
201	SRR005949.6396918
202	SRR004224.8115427
203	ERR000577.1123368
204	ERR000581.7809173
205	ERR000584.6127343
206	SRR005974.1240164
207	SRR004224.3398985
208	SRR070963.5339584
209	ERR000577.4575987
210	SRR002916.7536117
211	ERR000579.10125898
212	SRR004225.7326648
213	ERR000583.2812427
214	SRR004225.3059268
215	ERR000582.2436691
216	ERR000584.4871343
217	ERR000581.9523135
218	SRR005974.775350
219	SRR005946.6702423
220	SRR070967.6322988
221	SRR004229.6444212
222	ERR000582.7015230
223	ERR000577.2916610
224	SRR004227.5894717
225	SRR004585.1213724
226	ERR000583.4363513
227	ERR000578.7155497
228	SRR002915.941560
229	SRR005973.4913918
230	ERR000578.12094058
231	ERR000577.4595559
232	SRR005949.9130459
233	SRR002917.10096499
234	SRR005949.13489181
235	SRR002919.4432247
236	SRR005946.10165413
237	ERR000577.2020859
238	ERR000578.10643023
239	SRR005951.323330
240	SRR002914.910285
241	SRR004586.961907
242	ERR000580.548379
243	SRR005947.6631581
244	SRR005951.10484644
245	ERR000581.6126214
246	ERR000577.6097308
247	SRR005949.11062031
248	SRR004224.5340724
249	ERR000584.5864329
250	ERR000577.8680087
251	ERR000583.11016674
252	ERR000584.2695713
253	ERR000582.1878451
254	ERR000579.7615800
255	SRR005947.12705342
256	ERR000577.1409991
257	ERR000580.1402245
258	SRR005974.1110215
259	SRR004588.2252993
260	ERR000582.4260578
261	ERR000579.13544783
262	SRR005947.4532324
263	SRR004588.1393160
264	ERR000582.13861663
265	SRR070965.5569810
266	ERR000584.4729151
267	SRR070962.6458775
268	SRR005973.13668811
269	ERR000577.4648454
270	SRR004585.1680812
271	SRR004223.371660
272	SRR004581.1229606
273	SRR004581.6330926
274	SRR004584.3848052
275	SRR005946.9604149
276	SRR005950.8658826
277	SRR005946.12829591
278	ERR000581.1130225
279	SRR070967.5047796
280	SRR005974.1139525
281	ERR000577.7360890
282	SRR005974.3733984
283	SRR004226.984811
284	SRR070962.7846828
285	ERR000578.370542
286	SRR004224.5171555
287	SRR004227.1441312
288	SRR070964.1039450
289	SRR004585.4325477
290	SRR005948.6563949
291	SRR005949.11788688
292	ERR000577.7269072
293	SRR004585.1129194
294	SRR005973.7201762
295	ERR000579.4896934
296	SRR005973.5701976
297	SRR005950.612031
298	SRR005947.7078231
299	SRR004584.5617202
300	ERR000579.1474124
301	SRR005973.10207076
302	ERR000583.10364857
303	ERR000583.5131285
304	SRR005950.8238486
305	SRR005947.35240
306	SRR005948.13334867
307	ERR000582.10330365
308	SRR005946.8505157
309	SRR070963.1499560
310	ERR000583.11375764
311	SRR004222.4001241
312	ERR000581.6864596
313	ERR000582.5135147
314	ERR000582.10607318
315	ERR000578.4968618
316	SRR004223.4206346
317	SRR004225.3535473
318	ERR000582.8461508
319	ERR000580.7800948
320	SRR005950.8006639
321	SRR004227.2620316
322	SRR002918.2849203
323	SRR004581.6231057
324	SRR005950.1032498
325	SRR004584.529882
326	ERR000577.11249441
327	ERR000577.10561753
328	SRR002913.4094684
329	SRR005948.1891178
330	SRR005974.6287127
331	SRR005973.10508633
332	SRR005948.3755030
333	ERR000581.1329995
334	SRR004228.2085638
335	ERR000581.6027154
336	SRR002917.8511878
337	ERR000577.6028203
338	SRR004225.3483271
339	ERR000581.8777411
340	ERR000577.7364099

#site index (1-based)
#num_of_sites: 100
1	6975892	A	G
2	6975898	C	T
3	6975941	G	A
4	6975947	A	C
5	6976003	A	C
6	6976019	G	A
7	6976101	G	A
8	6976116	C	T
9	6976345	G	A
10	6976683	G	A
11	6976691	G	A
12	6976716	G	A
13	6976736	C	G
14	6976851	T	C
15	6977184	T	A
16	6977224	C	T
17	6977335	C	T
18	6977362	G	A
19	6977385	T	G
20	6977519	A	G
21	6977543	T	G
22	6977757	G	T
23	6977764	G	C
24	6977778	G	A
25	6977978	A	G
26	6978019	G	T
27	6978027	G	A
28	6978034	C	T
29	6978035	G	A
30	6978066	T	G
31	6978097	T	C
32	6978175	T	C
33	6978188	T	G
34	6978219	G	A
35	6978331	A	G
36	6978478	G	A
37	6978624	C	T
38	6978698	G	A
39	6978797	G	A
40	6978801	C	G
41	6978829	C	T
42	6979023	G	A
43	6979053	A	T
44	6979129	A	G
45	6979154	G	A
46	6979170	C	T
47	6979190	C	T
48	6979191	G	A
49	6979281	C	G
50	6979322	C	T
51	6979375	A	G
52	6979432	G	A
53	6979505	A	G
54	6979575	T	C
55	6979714	C	T
56	6979717	G	A
57	6979750	C	T
58	6979769	C	A
59	6979774	A	G
60	6979836	G	T
61	6979932	G	A
62	6979958	A	T
63	6980132	G	A
64	6980154	G	T
65	6980235	T	C
66	6980236	G	A
67	6980254	G	A
68	6980569	A	G
69	6980586	T	C
70	6980591	C	T
71	6980636	G	T
72	6980693	G	A
73	6980841	G	A
74	6980874	G	T
75	6980938	G	T
76	6980997	C	T
77	6981000	C	T
78	6981020	G	C
79	6981061	A	G
80	6981107	A	T
81	6981146	A	G
82	6981159	G	C
83	6981231	A	G
84	6981283	T	C
85	6981286	C	T
86	6981428	C	T
87	6981432	T	C
88	6981439	T	A
89	6981449	T	C
90	6981483	T	A
91	6981525	G	C
92	6981530	T	G
93	6981546	C	T
94	6981614	A	C
95	6981622	C	T
96	6981736	T	C
97	6981767	C	T
98	6981772	A	G
99	6981780	T	C
100	6981782	G	A

