#read index (1-based)
#num_of_reads: 116
1	ERR018528.2628431
2	ERR019488.20455839
3	ERR018528.7748562
4	ERR015476.15194545
5	ERR018528.8721249
6	ERR019488.18287356
7	ERR019488.20513889
8	ERR015476.9588146
9	ERR015869.3040650
10	ERR018528.7746960
11	ERR015869.3854182
12	ERR019488.23320560
13	ERR018528.1789411
14	ERR019488.6903298
15	ERR018528.11973438
16	ERR015476.2256532
17	ERR015476.7400050
18	ERR019488.12496644
19	ERR015869.3646828
20	ERR015476.7019298
21	ERR019488.15516963
22	ERR015476.13427654
23	ERR015476.4598653
24	ERR018528.2368237
25	ERR015476.15483156
26	ERR019488.9319318
27	ERR018528.11881208
28	ERR018528.10435866
29	ERR015476.6482663
30	ERR019488.14210058
31	ERR019488.15987322
32	ERR015476.14177353
33	ERR019488.11164713
34	ERR019488.4310070
35	ERR015476.6600378
36	ERR018528.7499099
37	ERR015476.5415304
38	ERR019488.15929143
39	ERR015869.6498245
40	ERR015476.760764
41	ERR019488.11675461
42	ERR015476.7143817
43	ERR015476.1158580
44	ERR015476.1732877
45	ERR019488.19495887
46	ERR015476.6262285
47	ERR019488.2610339
48	ERR015869.7422167
49	ERR019488.12450966
50	ERR019488.13453467
51	ERR019488.7823915
52	ERR015476.13877317
53	ERR019488.20675593
54	ERR015476.10244303
55	ERR015476.7846294
56	ERR015476.572454
57	ERR015476.12635870
58	ERR015476.11497718
59	ERR019488.17535981
60	ERR019488.21054763
61	ERR015476.14762000
62	ERR018528.5132600
63	ERR018528.3050445
64	ERR015476.10531434
65	ERR019488.19106465
66	ERR015476.8551499
67	ERR015476.5904963
68	ERR019488.9570585
69	ERR015476.13821053
70	ERR015476.4961511
71	ERR018528.2964968
72	ERR018528.12102635
73	ERR015476.8033659
74	ERR019488.8754463
75	ERR018528.7974756
76	ERR019488.1272031
77	ERR015476.8285914
78	ERR015869.2721602
79	ERR019488.9639115
80	ERR019488.13692236
81	ERR015869.8216484
82	ERR015869.7272198
83	ERR015869.2971167
84	ERR015476.10911881
85	ERR019488.20281455
86	ERR018528.1053806
87	ERR018528.2875514
88	ERR015476.12948250
89	ERR019488.11400535
90	ERR019488.5694656
91	ERR015869.7794914
92	ERR018528.9550366
93	ERR019488.10636788
94	ERR019488.17721997
95	ERR015476.3500775
96	ERR015476.10504399
97	ERR015869.2792176
98	ERR015476.5859528
99	ERR018528.5391708
100	ERR019488.6111115
101	ERR019488.1774442
102	ERR019488.17177111
103	ERR018528.9890263
104	ERR018528.1424923
105	ERR019488.16904663
106	ERR019488.9137267
107	ERR018528.11953778
108	ERR015476.322148
109	ERR015476.3345480
110	ERR015869.1444317
111	ERR015476.14507035
112	ERR018528.4106899
113	ERR018528.2290395
114	ERR018528.855130
115	ERR019488.13141514
116	ERR015476.15122176

#site index (1-based)
#num_of_sites: 100
1	6975892	A	G
2	6975898	C	T
3	6975941	G	A
4	6975947	A	C
5	6976003	A	C
6	6976019	G	A
7	6976101	G	A
8	6976116	C	T
9	6976345	G	A
10	6976683	G	A
11	6976691	G	A
12	6976716	G	A
13	6976736	C	G
14	6976851	T	C
15	6977184	T	A
16	6977224	C	T
17	6977335	C	T
18	6977362	G	A
19	6977385	T	G
20	6977519	A	G
21	6977543	T	G
22	6977757	G	T
23	6977764	G	C
24	6977778	G	A
25	6977978	A	G
26	6978019	G	T
27	6978027	G	A
28	6978034	C	T
29	6978035	G	A
30	6978066	T	G
31	6978097	T	C
32	6978175	T	C
33	6978188	T	G
34	6978219	G	A
35	6978331	A	G
36	6978478	G	A
37	6978624	C	T
38	6978698	G	A
39	6978797	G	A
40	6978801	C	G
41	6978829	C	T
42	6979023	G	A
43	6979053	A	T
44	6979129	A	G
45	6979154	G	A
46	6979170	C	T
47	6979190	C	T
48	6979191	G	A
49	6979281	C	G
50	6979322	C	T
51	6979375	A	G
52	6979432	G	A
53	6979505	A	G
54	6979575	T	C
55	6979714	C	T
56	6979717	G	A
57	6979750	C	T
58	6979769	C	A
59	6979774	A	G
60	6979836	G	T
61	6979932	G	A
62	6979958	A	T
63	6980132	G	A
64	6980154	G	T
65	6980235	T	C
66	6980236	G	A
67	6980254	G	A
68	6980569	A	G
69	6980586	T	C
70	6980591	C	T
71	6980636	G	T
72	6980693	G	A
73	6980841	G	A
74	6980874	G	T
75	6980938	G	T
76	6980997	C	T
77	6981000	C	T
78	6981020	G	C
79	6981061	A	G
80	6981107	A	T
81	6981146	A	G
82	6981159	G	C
83	6981231	A	G
84	6981283	T	C
85	6981286	C	T
86	6981428	C	T
87	6981432	T	C
88	6981439	T	A
89	6981449	T	C
90	6981483	T	A
91	6981525	G	C
92	6981530	T	G
93	6981546	C	T
94	6981614	A	C
95	6981622	C	T
96	6981736	T	C
97	6981767	C	T
98	6981772	A	G
99	6981780	T	C
100	6981782	G	A

