#read index (1-based)
#num_of_reads: 215
1	SRR034929.17200231
2	SRR034929.12082589
3	SRR034932.23106169
4	SRR034928.27681435
5	SRR034928.14130910
6	SRR034927.2623467
7	SRR034927.8746427
8	SRR034929.26002821
9	SRR034931.21316690
10	SRR034927.3805421
11	SRR034928.17303566
12	SRR034928.7150249
13	SRR034930.14272578
14	SRR034930.26248772
15	SRR034929.24984000
16	SRR034931.9179840
17	SRR034927.15218371
18	SRR034931.13705009
19	SRR034930.11274632
20	SRR034932.19250666
21	SRR034932.10076381
22	SRR034927.24414137
23	SRR034932.14831633
24	SRR034931.13324270
25	SRR034931.22774785
26	SRR034930.6820891
27	SRR034931.17571702
28	SRR034932.28589778
29	SRR034932.11889416
30	SRR034929.17100870
31	SRR034929.15066042
32	SRR034931.23987701
33	SRR034931.24056935
34	SRR034930.27249208
35	SRR034931.25910950
36	SRR034928.13741310
37	SRR034928.25785542
38	SRR034930.27360085
39	SRR034930.83986
40	SRR034929.3379482
41	SRR034930.30368562
42	SRR034931.13385763
43	SRR034931.16434771
44	SRR034928.8033073
45	SRR034927.14851205
46	SRR034932.15190875
47	SRR034931.12017526
48	SRR034928.15795004
49	SRR034931.23233852
50	SRR034931.21896024
51	SRR034929.16941183
52	SRR034931.15164763
53	SRR034929.6017564
54	SRR034928.7368795
55	SRR034927.24657198
56	SRR034930.26487923
57	SRR034929.9397943
58	SRR034927.23689796
59	SRR034927.18185737
60	SRR034932.9137544
61	SRR034927.24371013
62	SRR034932.6779931
63	SRR034932.17999735
64	SRR034932.5897870
65	SRR034932.25232520
66	SRR034931.12283844
67	SRR034930.23214654
68	SRR034930.3227539
69	SRR034927.28701186
70	SRR034929.15271634
71	SRR034928.11626276
72	SRR034931.28266732
73	SRR034928.22050785
74	SRR034927.19533761
75	SRR034928.10011776
76	SRR034930.20392467
77	SRR034930.25892135
78	SRR034927.2957572
79	SRR034927.3371951
80	SRR034928.24453625
81	SRR034932.9322253
82	SRR034929.13786416
83	SRR034932.797739
84	SRR034931.4796175
85	SRR034929.23539941
86	SRR034931.16413459
87	SRR034929.26637628
88	SRR034929.20467138
89	SRR034931.16609597
90	SRR034932.14516820
91	SRR034930.28477084
92	SRR034927.3506944
93	SRR034928.7170020
94	SRR034929.16143674
95	SRR034927.19962588
96	SRR034929.26424762
97	SRR034932.10067567
98	SRR034927.26121495
99	SRR034928.1128756
100	SRR034930.20219664
101	SRR034932.15738165
102	SRR034931.15857461
103	SRR034931.25403343
104	SRR034927.9020837
105	SRR034929.20137790
106	SRR034931.1452011
107	SRR034927.25668439
108	SRR034928.25014724
109	SRR034932.5386024
110	SRR034932.509449
111	SRR034932.29048362
112	SRR034930.19195787
113	SRR034927.5032008
114	SRR034930.11614764
115	SRR034930.19859359
116	SRR034929.21248840
117	SRR034929.2289345
118	SRR034927.27530438
119	SRR034929.27990211
120	SRR034931.15104506
121	SRR034930.12779499
122	SRR034929.6803052
123	SRR034931.22171902
124	SRR034930.15664758
125	SRR034929.10690346
126	SRR034930.14768589
127	SRR034927.13149411
128	SRR034932.5813349
129	SRR034932.31100110
130	SRR034932.26553052
131	SRR034929.13845143
132	SRR034932.27292486
133	SRR034928.12394764
134	SRR034932.6765286
135	SRR034928.27655260
136	SRR034929.24699494
137	SRR034931.30024849
138	SRR034929.6532616
139	SRR034931.9850015
140	SRR034928.21266248
141	SRR034932.15863564
142	SRR034928.402035
143	SRR034932.27962626
144	SRR034931.25766004
145	SRR034927.16199002
146	SRR034929.23027708
147	SRR034932.24431043
148	SRR034931.15112787
149	SRR034927.8491961
150	SRR034932.6821084
151	SRR034927.8816963
152	SRR034928.23681489
153	SRR034932.10886929
154	SRR034930.14346781
155	SRR034928.11400586
156	SRR034929.13255253
157	SRR034932.28148021
158	SRR034929.13424270
159	SRR034931.4673793
160	SRR034929.14064577
161	SRR034932.23641764
162	SRR034932.29301753
163	SRR034928.18822136
164	SRR034929.23004582
165	SRR034929.24350775
166	SRR034931.24804216
167	SRR034930.26065372
168	SRR034930.27876414
169	SRR034927.24777814
170	SRR034928.29167598
171	SRR034929.18491516
172	SRR034928.27688364
173	SRR034929.25305851
174	SRR034927.1775688
175	SRR034929.9396488
176	SRR034928.24610250
177	SRR034932.6298040
178	SRR034927.28597183
179	SRR034932.11490897
180	SRR034932.12000880
181	SRR034928.3671447
182	SRR034931.25242518
183	SRR034931.12860579
184	SRR034927.2120142
185	SRR034927.6468200
186	SRR034928.23754759
187	SRR034929.24226939
188	SRR034928.8569775
189	SRR034931.13171014
190	SRR034928.940871
191	SRR034931.12887881
192	SRR034932.2136612
193	SRR034927.19277510
194	SRR034932.7370909
195	SRR034928.19216491
196	SRR034931.2121522
197	SRR034929.14685609
198	SRR034931.11510957
199	SRR034932.18889818
200	SRR034931.4696762
201	SRR034932.26334570
202	SRR034932.6581724
203	SRR034929.24394701
204	SRR034928.24197924
205	SRR034930.25929740
206	SRR034928.29110217
207	SRR034932.17863687
208	SRR034929.19107482
209	SRR034930.22525085
210	SRR034929.3994000
211	SRR034928.19585263
212	SRR034930.26235306
213	SRR034932.7360261
214	SRR034928.27629585
215	SRR034930.15596668

#site index (1-based)
#num_of_sites: 100
1	6975892	A	G
2	6975898	C	T
3	6975941	G	A
4	6975947	A	C
5	6976003	A	C
6	6976019	G	A
7	6976101	G	A
8	6976116	C	T
9	6976345	G	A
10	6976683	G	A
11	6976691	G	A
12	6976716	G	A
13	6976736	C	G
14	6976851	T	C
15	6977184	T	A
16	6977224	C	T
17	6977335	C	T
18	6977362	G	A
19	6977385	T	G
20	6977519	A	G
21	6977543	T	G
22	6977757	G	T
23	6977764	G	C
24	6977778	G	A
25	6977978	A	G
26	6978019	G	T
27	6978027	G	A
28	6978034	C	T
29	6978035	G	A
30	6978066	T	G
31	6978097	T	C
32	6978175	T	C
33	6978188	T	G
34	6978219	G	A
35	6978331	A	G
36	6978478	G	A
37	6978624	C	T
38	6978698	G	A
39	6978797	G	A
40	6978801	C	G
41	6978829	C	T
42	6979023	G	A
43	6979053	A	T
44	6979129	A	G
45	6979154	G	A
46	6979170	C	T
47	6979190	C	T
48	6979191	G	A
49	6979281	C	G
50	6979322	C	T
51	6979375	A	G
52	6979432	G	A
53	6979505	A	G
54	6979575	T	C
55	6979714	C	T
56	6979717	G	A
57	6979750	C	T
58	6979769	C	A
59	6979774	A	G
60	6979836	G	T
61	6979932	G	A
62	6979958	A	T
63	6980132	G	A
64	6980154	G	T
65	6980235	T	C
66	6980236	G	A
67	6980254	G	A
68	6980569	A	G
69	6980586	T	C
70	6980591	C	T
71	6980636	G	T
72	6980693	G	A
73	6980841	G	A
74	6980874	G	T
75	6980938	G	T
76	6980997	C	T
77	6981000	C	T
78	6981020	G	C
79	6981061	A	G
80	6981107	A	T
81	6981146	A	G
82	6981159	G	C
83	6981231	A	G
84	6981283	T	C
85	6981286	C	T
86	6981428	C	T
87	6981432	T	C
88	6981439	T	A
89	6981449	T	C
90	6981483	T	A
91	6981525	G	C
92	6981530	T	G
93	6981546	C	T
94	6981614	A	C
95	6981622	C	T
96	6981736	T	C
97	6981767	C	T
98	6981772	A	G
99	6981780	T	C
100	6981782	G	A

