#read index (1-based)
#num_of_reads: 177
1	ERR006392.17830004
2	ERR006394.5383766
3	ERR006394.16387194
4	ERR006394.22040994
5	ERR006394.2800309
6	ERR006354.3371147
7	ERR006394.6458122
8	ERR006343.6246479
9	ERR006394.4689044
10	ERR006346.2643431
11	ERR006394.9241705
12	ERR006366.5523555
13	ERR006355.5372887
14	ERR006382.20768745
15	ERR006394.9682445
16	ERR006382.16403856
17	ERR006394.2142565
18	ERR006383.7748471
19	ERR006382.4303190
20	ERR006393.4545346
21	ERR006393.19823011
22	ERR006383.4844013
23	ERR006393.12152195
24	ERR006366.13267961
25	ERR006394.16921661
26	ERR006342.9315624
27	ERR006383.15570151
28	ERR006392.4554145
29	ERR006393.2763014
30	ERR006347.11472717
31	ERR006325.13284803
32	ERR006346.8931368
33	ERR006392.15850758
34	ERR006345.7112150
35	ERR006346.5952080
36	ERR006353.449308
37	ERR006393.17627667
38	ERR006392.11482681
39	ERR006325.2964120
40	ERR006343.746415
41	ERR006354.15413154
42	ERR006347.10731154
43	ERR006394.15025412
44	ERR006366.8126530
45	ERR006342.2145039
46	ERR006346.7115164
47	ERR006342.10194141
48	ERR006342.9849523
49	ERR006353.3492181
50	ERR006355.1218886
51	ERR006342.4165134
52	ERR006343.11223509
53	ERR006354.15186148
54	ERR006355.7965396
55	ERR006343.2280914
56	ERR006394.7165167
57	ERR006383.1757362
58	ERR006383.18040329
59	ERR006394.7614487
60	ERR006382.22644597
61	ERR006345.4131979
62	ERR006394.11095258
63	ERR006392.8312319
64	ERR006383.7722264
65	ERR006383.9074304
66	ERR006394.18946884
67	ERR006392.20824585
68	ERR006393.4938538
69	ERR006393.10234472
70	ERR006325.8993697
71	ERR006394.4945166
72	ERR006393.5214226
73	ERR006382.7299839
74	ERR006345.9268900
75	ERR006347.7422916
76	ERR006394.17979406
77	ERR006383.15426063
78	ERR006393.5481305
79	ERR006393.1037362
80	ERR006394.21887745
81	ERR006392.6997535
82	ERR006393.15642646
83	ERR006366.15479916
84	ERR006393.3874812
85	ERR006394.3051332
86	ERR006393.13723272
87	ERR006394.16876733
88	ERR006394.11535323
89	ERR006393.8084588
90	ERR006394.14801703
91	ERR006345.233142
92	ERR006394.18585024
93	ERR006393.8830822
94	ERR006383.677380
95	ERR006382.7950909
96	ERR006343.3513456
97	ERR006394.3415086
98	ERR006394.1806210
99	ERR006393.21272319
100	ERR006394.5050507
101	ERR006394.10783008
102	ERR006392.3314734
103	ERR006366.6783267
104	ERR006394.12943310
105	ERR006392.11610631
106	ERR006383.19388083
107	ERR006393.7527808
108	ERR006343.979365
109	ERR006354.5562379
110	ERR006392.4574590
111	ERR006394.12941174
112	ERR006394.12848211
113	ERR006392.4610822
114	ERR006383.2558528
115	ERR006392.10642585
116	ERR006383.16670078
117	ERR006382.13276829
118	ERR006394.1185202
119	ERR006393.2261137
120	ERR006394.14794947
121	ERR006393.5253368
122	ERR006392.2303836
123	ERR006394.5270679
124	ERR006342.1568754
125	ERR006394.21530065
126	ERR006342.9360791
127	ERR006394.18041189
128	ERR006366.4191787
129	ERR006393.17343782
130	ERR006392.12313061
131	ERR006343.3534186
132	ERR006354.111585
133	ERR006394.13098963
134	ERR006392.521935
135	ERR006343.10515387
136	ERR006354.13329288
137	ERR006366.9631964
138	ERR006394.19851087
139	ERR006343.5497592
140	ERR006392.18273714
141	ERR006346.1343354
142	ERR006346.12671431
143	ERR006383.19098522
144	ERR006382.10193322
145	ERR006394.13114428
146	ERR006394.17563862
147	ERR006382.7044865
148	ERR006382.20460131
149	ERR006393.11717811
150	ERR006393.22218719
151	ERR006394.21328416
152	ERR006342.3609313
153	ERR006392.12893029
154	ERR006394.19802578
155	ERR006394.13933681
156	ERR006394.16076641
157	ERR006382.18732175
158	ERR006383.13213069
159	ERR006394.1236627
160	ERR006393.6276171
161	ERR006354.5641221
162	ERR006325.1688496
163	ERR006382.16105339
164	ERR006353.4439536
165	ERR006345.9176936
166	ERR006393.7261574
167	ERR006355.3149794
168	ERR006342.6808041
169	ERR006383.5798288
170	ERR006394.4384792
171	ERR006347.700203
172	ERR006366.16339080
173	ERR006356.751879
174	ERR006392.6036255
175	ERR006383.12683570
176	ERR006393.17173220
177	ERR006394.6245135

#site index (1-based)
#num_of_sites: 100
1	6975892	A	G
2	6975898	C	T
3	6975941	G	A
4	6975947	A	C
5	6976003	A	C
6	6976019	G	A
7	6976101	G	A
8	6976116	C	T
9	6976345	G	A
10	6976683	G	A
11	6976691	G	A
12	6976716	G	A
13	6976736	C	G
14	6976851	T	C
15	6977184	T	A
16	6977224	C	T
17	6977335	C	T
18	6977362	G	A
19	6977385	T	G
20	6977519	A	G
21	6977543	T	G
22	6977757	G	T
23	6977764	G	C
24	6977778	G	A
25	6977978	A	G
26	6978019	G	T
27	6978027	G	A
28	6978034	C	T
29	6978035	G	A
30	6978066	T	G
31	6978097	T	C
32	6978175	T	C
33	6978188	T	G
34	6978219	G	A
35	6978331	A	G
36	6978478	G	A
37	6978624	C	T
38	6978698	G	A
39	6978797	G	A
40	6978801	C	G
41	6978829	C	T
42	6979023	G	A
43	6979053	A	T
44	6979129	A	G
45	6979154	G	A
46	6979170	C	T
47	6979190	C	T
48	6979191	G	A
49	6979281	C	G
50	6979322	C	T
51	6979375	A	G
52	6979432	G	A
53	6979505	A	G
54	6979575	T	C
55	6979714	C	T
56	6979717	G	A
57	6979750	C	T
58	6979769	C	A
59	6979774	A	G
60	6979836	G	T
61	6979932	G	A
62	6979958	A	T
63	6980132	G	A
64	6980154	G	T
65	6980235	T	C
66	6980236	G	A
67	6980254	G	A
68	6980569	A	G
69	6980586	T	C
70	6980591	C	T
71	6980636	G	T
72	6980693	G	A
73	6980841	G	A
74	6980874	G	T
75	6980938	G	T
76	6980997	C	T
77	6981000	C	T
78	6981020	G	C
79	6981061	A	G
80	6981107	A	T
81	6981146	A	G
82	6981159	G	C
83	6981231	A	G
84	6981283	T	C
85	6981286	C	T
86	6981428	C	T
87	6981432	T	C
88	6981439	T	A
89	6981449	T	C
90	6981483	T	A
91	6981525	G	C
92	6981530	T	G
93	6981546	C	T
94	6981614	A	C
95	6981622	C	T
96	6981736	T	C
97	6981767	C	T
98	6981772	A	G
99	6981780	T	C
100	6981782	G	A

