#read index (1-based)
#num_of_reads: 108
1	SRR006864.219742
2	SRR006356.216557
3	SRR003346.578099
4	SRR002567.494656
5	SRR002508.114256
6	SRR004938.365796
7	SRR004427.257980
8	SRR006875.575539
9	SRR004417.100686
10	SRR006353.261433
11	SRR004407.102292
12	SRR004389.126942
13	SRR004403.146083
14	SRR004412.340239
15	SRR004406.284896
16	SRR006873.792788
17	SRR004940.57322
18	SRR004422.190920
19	SRR004428.576084
20	SRR004405.383134
21	SRR004421.430283
22	SRR004416.448347
23	SRR002532.552115
24	SRR006874.755729
25	SRR002492.383635
26	SRR004413.313070
27	SRR004403.284758
28	SRR004933.54
29	SRR002523.210428
30	SRR006354.31989
31	SRR002460.569696
32	SRR006353.1814
33	SRR004933.20864
34	SRR004939.502185
35	SRR004428.494389
36	SRR001531.42967
37	SRR004420.212577
38	SRR004420.510732
39	SRR002463.206267
40	SRR002556.455575
41	SRR002556.529765
42	SRR002523.69377
43	SRR006586.616031
44	SRR004419.468092
45	SRR006587.629007
46	SRR002515.39026
47	SRR006875.67748
48	SRR006874.94265
49	SRR006874.88817
50	SRR004386.67053
51	SRR004409.388555
52	SRR004413.87227
53	SRR002545.224176
54	SRR003591.344222
55	SRR003591.391370
56	SRR001533.14782
57	SRR002508.400156
58	SRR004423.572651
59	SRR004404.220982
60	SRR006875.905184
61	SRR004416.393074
62	SRR004402.523081
63	SRR004414.222078
64	SRR006343.324791
65	SRR002492.491467
66	SRR004413.203182
67	SRR001531.230173
68	SRR006874.888880
69	SRR002460.11135
70	SRR001529.287165
71	SRR006873.91267
72	SRR006875.905302
73	SRR002515.343621
74	SRR004428.21253
75	SRR002539.173518
76	SRR004407.485787
77	SRR001535.257431
78	SRR002355.161744
79	SRR002567.149136
80	SRR004402.48611
81	SRR003346.222227
82	SRR002545.179528
83	SRR004417.100618
84	SRR002538.282159
85	SRR006586.126734
86	SRR002557.61067
87	SRR003346.305366
88	SRR006873.887791
89	SRR003345.507825
90	SRR004940.5855
91	SRR006875.969669
92	SRR002461.43767
93	SRR004404.285476
94	SRR004935.220620
95	SRR004940.424470
96	SRR006872.491456
97	SRR004939.433797
98	SRR004406.503238
99	SRR006586.429613
100	SRR004418.498217
101	SRR002568.523424
102	SRR002455.432997
103	SRR002453.461427
104	SRR004933.591600
105	SRR006588.488779
106	SRR002562.526990
107	SRR001532.144172
108	SRR002556.120682

#site index (1-based)
#num_of_sites: 100
1	6975892	A	G
2	6975898	C	T
3	6975941	G	A
4	6975947	A	C
5	6976003	A	C
6	6976019	G	A
7	6976101	G	A
8	6976116	C	T
9	6976345	G	A
10	6976683	G	A
11	6976691	G	A
12	6976716	G	A
13	6976736	C	G
14	6976851	T	C
15	6977184	T	A
16	6977224	C	T
17	6977335	C	T
18	6977362	G	A
19	6977385	T	G
20	6977519	A	G
21	6977543	T	G
22	6977757	G	T
23	6977764	G	C
24	6977778	G	A
25	6977978	A	G
26	6978019	G	T
27	6978027	G	A
28	6978034	C	T
29	6978035	G	A
30	6978066	T	G
31	6978097	T	C
32	6978175	T	C
33	6978188	T	G
34	6978219	G	A
35	6978331	A	G
36	6978478	G	A
37	6978624	C	T
38	6978698	G	A
39	6978797	G	A
40	6978801	C	G
41	6978829	C	T
42	6979023	G	A
43	6979053	A	T
44	6979129	A	G
45	6979154	G	A
46	6979170	C	T
47	6979190	C	T
48	6979191	G	A
49	6979281	C	G
50	6979322	C	T
51	6979375	A	G
52	6979432	G	A
53	6979505	A	G
54	6979575	T	C
55	6979714	C	T
56	6979717	G	A
57	6979750	C	T
58	6979769	C	A
59	6979774	A	G
60	6979836	G	T
61	6979932	G	A
62	6979958	A	T
63	6980132	G	A
64	6980154	G	T
65	6980235	T	C
66	6980236	G	A
67	6980254	G	A
68	6980569	A	G
69	6980586	T	C
70	6980591	C	T
71	6980636	G	T
72	6980693	G	A
73	6980841	G	A
74	6980874	G	T
75	6980938	G	T
76	6980997	C	T
77	6981000	C	T
78	6981020	G	C
79	6981061	A	G
80	6981107	A	T
81	6981146	A	G
82	6981159	G	C
83	6981231	A	G
84	6981283	T	C
85	6981286	C	T
86	6981428	C	T
87	6981432	T	C
88	6981439	T	A
89	6981449	T	C
90	6981483	T	A
91	6981525	G	C
92	6981530	T	G
93	6981546	C	T
94	6981614	A	C
95	6981622	C	T
96	6981736	T	C
97	6981767	C	T
98	6981772	A	G
99	6981780	T	C
100	6981782	G	A

