#read index (1-based)
#num_of_reads: 173
1	ERR009412.2248149
2	ERR009412.13459698
3	ERR003093.3827752
4	ERR003094.6430985
5	ERR003096.8304627
6	ERR003093.7509996
7	ERR003096.2969977
8	ERR003097.3446599
9	ERR003096.2809838
10	ERR003091.7766276
11	ERR009412.22917027
12	ERR003093.10665447
13	ERR003091.2443414
14	ERR009412.654599
15	ERR003091.5568920
16	ERR009412.20966100
17	ERR003096.5552402
18	ERR003095.4601066
19	ERR003040.11080814
20	ERR009412.1942874
21	ERR003094.4840282
22	ERR003092.3387056
23	ERR003096.7627415
24	ERR003093.9770433
25	ERR003040.5498476
26	ERR003093.9456093
27	ERR003097.1963642
28	ERR003092.2662185
29	ERR009412.16801623
30	ERR003040.3127559
31	ERR003095.7439227
32	ERR003092.3650585
33	ERR003093.4341909
34	ERR003091.1980647
35	ERR003095.10631718
36	ERR009412.14339755
37	ERR003095.1154130
38	ERR003094.8219145
39	ERR003092.9648743
40	ERR009412.137710
41	ERR003091.7655154
42	ERR003091.3975500
43	ERR003092.10383851
44	ERR009412.19403610
45	ERR003040.10682090
46	ERR003096.8728897
47	ERR003095.4268300
48	ERR003094.1774295
49	ERR009412.9736162
50	ERR003095.12200205
51	ERR003040.9396472
52	ERR003095.12247509
53	ERR003093.12040924
54	ERR003096.10330646
55	ERR003094.10807199
56	ERR003040.8638668
57	ERR003095.11463854
58	ERR003096.635323
59	ERR009412.494273
60	ERR003092.2119394
61	ERR009412.12115852
62	ERR003097.7435838
63	ERR009412.16990683
64	ERR009412.2006883
65	ERR003040.9750697
66	ERR003097.1769827
67	ERR003097.424144
68	ERR003097.6400487
69	ERR003040.2812691
70	ERR003091.6777723
71	ERR003093.9422699
72	ERR003095.2667335
73	ERR003095.10375827
74	ERR003093.6500607
75	ERR003097.4433747
76	ERR003093.10989561
77	ERR003091.637921
78	ERR003096.1131750
79	ERR003095.241201
80	ERR003097.11217631
81	ERR003095.6099554
82	ERR003094.1940154
83	ERR003040.5861524
84	ERR009412.1490774
85	ERR003096.4685333
86	ERR003093.954960
87	ERR003091.7179434
88	ERR009412.2512273
89	ERR003095.8196593
90	ERR003091.2991655
91	ERR009412.2941210
92	ERR003095.2297519
93	ERR003097.10871674
94	ERR003095.4824350
95	ERR003095.12101891
96	ERR009412.341290
97	ERR003096.2717392
98	ERR003096.3797206
99	ERR003092.1418922
100	ERR003096.4161024
101	ERR003097.9562236
102	ERR003091.6884671
103	ERR003040.11165034
104	ERR003094.4098193
105	ERR003093.11104711
106	ERR003094.11666072
107	ERR003095.1293302
108	ERR003091.382345
109	ERR009412.3028737
110	ERR003094.10936166
111	ERR003093.9584338
112	ERR009412.829019
113	ERR003092.11328923
114	ERR003097.5180619
115	ERR003040.7672867
116	ERR003096.9379420
117	ERR003092.926524
118	ERR009412.22616088
119	ERR003096.5290122
120	ERR003096.11047658
121	ERR003095.9401617
122	ERR003040.3819989
123	ERR003093.6967721
124	ERR003093.8959447
125	ERR003097.2262215
126	ERR003040.12268050
127	ERR003093.4050872
128	ERR003095.11569688
129	ERR003097.9191143
130	ERR003097.9768081
131	ERR003097.1311430
132	ERR003093.5202220
133	ERR003097.2633974
134	ERR003097.4210465
135	ERR003040.9175609
136	ERR009412.20273206
137	ERR003093.7029365
138	ERR009412.11647360
139	ERR009412.22624457
140	ERR003097.8825453
141	ERR003097.10514244
142	ERR003094.5106338
143	ERR003094.6369845
144	ERR003040.1824308
145	ERR003092.1094755
146	ERR003097.4664350
147	ERR003096.8870647
148	ERR003040.10490115
149	ERR003094.9937040
150	ERR003096.4438089
151	ERR003095.8449147
152	ERR009412.12552309
153	ERR003091.6852913
154	ERR003093.495395
155	ERR003097.4108980
156	ERR009412.11516254
157	ERR003093.12375794
158	ERR009412.8530935
159	ERR003096.4502418
160	ERR003097.1861454
161	ERR003094.7021658
162	ERR003092.1095491
163	ERR009412.18701075
164	ERR003093.4958528
165	ERR003092.10362368
166	ERR003040.3044142
167	ERR003040.1577269
168	ERR003096.6164749
169	ERR003095.4647107
170	ERR003040.6821340
171	ERR003094.6092111
172	ERR003097.6216142
173	ERR003094.8371903

#site index (1-based)
#num_of_sites: 100
1	6975892	A	G
2	6975898	C	T
3	6975941	G	A
4	6975947	A	C
5	6976003	A	C
6	6976019	G	A
7	6976101	G	A
8	6976116	C	T
9	6976345	G	A
10	6976683	G	A
11	6976691	G	A
12	6976716	G	A
13	6976736	C	G
14	6976851	T	C
15	6977184	T	A
16	6977224	C	T
17	6977335	C	T
18	6977362	G	A
19	6977385	T	G
20	6977519	A	G
21	6977543	T	G
22	6977757	G	T
23	6977764	G	C
24	6977778	G	A
25	6977978	A	G
26	6978019	G	T
27	6978027	G	A
28	6978034	C	T
29	6978035	G	A
30	6978066	T	G
31	6978097	T	C
32	6978175	T	C
33	6978188	T	G
34	6978219	G	A
35	6978331	A	G
36	6978478	G	A
37	6978624	C	T
38	6978698	G	A
39	6978797	G	A
40	6978801	C	G
41	6978829	C	T
42	6979023	G	A
43	6979053	A	T
44	6979129	A	G
45	6979154	G	A
46	6979170	C	T
47	6979190	C	T
48	6979191	G	A
49	6979281	C	G
50	6979322	C	T
51	6979375	A	G
52	6979432	G	A
53	6979505	A	G
54	6979575	T	C
55	6979714	C	T
56	6979717	G	A
57	6979750	C	T
58	6979769	C	A
59	6979774	A	G
60	6979836	G	T
61	6979932	G	A
62	6979958	A	T
63	6980132	G	A
64	6980154	G	T
65	6980235	T	C
66	6980236	G	A
67	6980254	G	A
68	6980569	A	G
69	6980586	T	C
70	6980591	C	T
71	6980636	G	T
72	6980693	G	A
73	6980841	G	A
74	6980874	G	T
75	6980938	G	T
76	6980997	C	T
77	6981000	C	T
78	6981020	G	C
79	6981061	A	G
80	6981107	A	T
81	6981146	A	G
82	6981159	G	C
83	6981231	A	G
84	6981283	T	C
85	6981286	C	T
86	6981428	C	T
87	6981432	T	C
88	6981439	T	A
89	6981449	T	C
90	6981483	T	A
91	6981525	G	C
92	6981530	T	G
93	6981546	C	T
94	6981614	A	C
95	6981622	C	T
96	6981736	T	C
97	6981767	C	T
98	6981772	A	G
99	6981780	T	C
100	6981782	G	A

