#read index (1-based)
#num_of_reads: 230
1	SRR023790.11874856
2	SRR023305.5163534
3	SRR011032.7236540
4	SRR023306.8077866
5	SRR023792.11362222
6	SRR023790.4728557
7	SRR023305.1063633
8	SRR006130.7942687
9	SRR023306.4276251
10	SRR011036.4299235
11	SRR023790.17768039
12	SRR011034.1006295
13	SRR023793.5722526
14	SRR011036.8569415
15	SRR006135.4171085
16	SRR023792.8644200
17	SRR023305.3560135
18	SRR011030.7733497
19	SRR011031.7210965
20	SRR023791.8007171
21	SRR023790.6821292
22	SRR006135.6176470
23	SRR023793.10408752
24	SRR023791.7890297
25	SRR023791.12348567
26	SRR023792.7341884
27	SRR006130.6328309
28	SRR023791.3591915
29	SRR023793.16907120
30	SRR023306.118889
31	SRR023790.16957244
32	SRR023791.8016185
33	SRR023793.12316156
34	SRR023793.13866622
35	SRR011032.684345
36	SRR011032.4635733
37	SRR023791.8257733
38	SRR023790.16512814
39	SRR023793.2487749
40	SRR023790.14865839
41	SRR006130.3709733
42	SRR023790.10787969
43	SRR023793.3986942
44	SRR023790.15715751
45	SRR023304.2714628
46	SRR006135.3162567
47	SRR023792.5664558
48	SRR006131.8488784
49	SRR006130.568216
50	SRR023790.19360495
51	SRR023792.17748421
52	SRR023793.10761286
53	SRR023790.12444260
54	SRR023304.6165439
55	SRR023304.6770792
56	SRR023791.1106457
57	SRR006131.6618
58	SRR011031.7517961
59	SRR023306.33244
60	SRR023306.3778504
61	SRR023790.16754509
62	SRR011036.5225295
63	SRR006131.953191
64	SRR023306.4418933
65	SRR023792.12107937
66	SRR023790.17716984
67	SRR023304.6591211
68	SRR023792.12828623
69	SRR023793.15088059
70	SRR023790.1659894
71	SRR011034.3844901
72	SRR023792.7860151
73	SRR006134.5268604
74	SRR023793.12627419
75	SRR023305.6869650
76	SRR006130.8294765
77	SRR011033.3645903
78	SRR011036.4643279
79	SRR023791.8487358
80	SRR023792.18759667
81	SRR023790.17977156
82	SRR023791.13811617
83	SRR023792.18192330
84	SRR023306.6515940
85	SRR023791.3017253
86	SRR023791.14508085
87	SRR023792.4165957
88	SRR023304.6670582
89	SRR023793.13446709
90	SRR023790.5072809
91	SRR023306.5312120
92	SRR023793.3867179
93	SRR023306.8344915
94	SRR011034.4558088
95	SRR011030.4013066
96	SRR023790.4427942
97	SRR023791.7841351
98	SRR023793.650526
99	SRR023304.1088870
100	SRR006132.228734
101	SRR011032.4765472
102	SRR023790.7030286
103	SRR011033.4171710
104	SRR011036.6399036
105	SRR011034.7944708
106	SRR011030.1076259
107	SRR023304.4339591
108	SRR023791.11285486
109	SRR023792.10253540
110	SRR023791.13320484
111	SRR023304.6814675
112	SRR023790.8381483
113	SRR011031.6840785
114	SRR023791.9011774
115	SRR023791.4629167
116	SRR023793.4721647
117	SRR023304.5212913
118	SRR006135.7674192
119	SRR006130.6300214
120	SRR011031.5515064
121	SRR011032.424147
122	SRR011036.1101489
123	SRR006130.8229815
124	SRR011033.8753451
125	SRR023792.17895469
126	SRR011034.5527700
127	SRR011035.945376
128	SRR011036.7758247
129	SRR023791.4561338
130	SRR011033.8091456
131	SRR023792.2015850
132	SRR023305.6518261
133	SRR023791.7379245
134	SRR011035.6716510
135	SRR011032.4618365
136	SRR006134.7307750
137	SRR023790.248640
138	SRR023790.10087611
139	SRR006130.341978
140	SRR006133.7499981
141	SRR011035.6540027
142	SRR011031.1278523
143	SRR023304.911124
144	SRR023790.13700273
145	SRR023790.15912697
146	SRR011036.8105876
147	SRR023791.1823353
148	SRR011033.1882862
149	SRR011033.4035834
150	SRR011035.5797260
151	SRR023304.6361524
152	SRR011036.5322434
153	SRR023791.8941392
154	SRR023793.3071432
155	SRR011031.1637987
156	SRR011031.1988433
157	SRR023791.10307679
158	SRR006132.4448795
159	SRR011030.5453978
160	SRR011036.660420
161	SRR011030.1878049
162	SRR023304.4218918
163	SRR023305.9173166
164	SRR006130.5098498
165	SRR023790.9429586
166	SRR023790.4491260
167	SRR011036.6762615
168	SRR006131.559600
169	SRR006133.6726910
170	SRR011035.6632974
171	SRR023790.9392548
172	SRR023792.4077869
173	SRR023792.16017429
174	SRR006131.9021478
175	SRR011036.6564222
176	SRR023306.4163245
177	SRR023305.2682000
178	SRR023791.330766
179	SRR006130.8668100
180	SRR006134.4069306
181	SRR006132.1823603
182	SRR023790.19180530
183	SRR006134.8453476
184	SRR023304.2191139
185	SRR011036.7473559
186	SRR023791.5011121
187	SRR023792.7741609
188	SRR023792.14454136
189	SRR011034.5255034
190	SRR011030.4810417
191	SRR023793.2350688
192	SRR006135.8303300
193	SRR023792.8451429
194	SRR006132.2039850
195	SRR023792.6435656
196	SRR023304.206443
197	SRR023792.10442894
198	SRR023304.1773744
199	SRR023306.6923003
200	SRR023305.8020756
201	SRR023793.11780238
202	SRR023790.8444981
203	SRR023306.2431613
204	SRR011030.243444
205	SRR011030.7278359
206	SRR006131.2425443
207	SRR006135.225991
208	SRR011036.4552736
209	SRR023304.3357815
210	SRR023790.14645498
211	SRR006134.3105628
212	SRR006133.3983329
213	SRR023793.9447882
214	SRR011033.1181007
215	SRR006132.6071465
216	SRR011031.7260717
217	SRR006132.3063726
218	SRR011036.593647
219	SRR006135.6984163
220	SRR006133.7419702
221	SRR023793.15030031
222	SRR011030.4156930
223	SRR023792.18781328
224	SRR006133.4905277
225	SRR023305.976741
226	SRR011032.5570021
227	SRR023793.11997636
228	SRR023306.9321942
229	SRR011031.8114279
230	SRR006131.4414979

#site index (1-based)
#num_of_sites: 100
1	6975892	A	G
2	6975898	C	T
3	6975941	G	A
4	6975947	A	C
5	6976003	A	C
6	6976019	G	A
7	6976101	G	A
8	6976116	C	T
9	6976345	G	A
10	6976683	G	A
11	6976691	G	A
12	6976716	G	A
13	6976736	C	G
14	6976851	T	C
15	6977184	T	A
16	6977224	C	T
17	6977335	C	T
18	6977362	G	A
19	6977385	T	G
20	6977519	A	G
21	6977543	T	G
22	6977757	G	T
23	6977764	G	C
24	6977778	G	A
25	6977978	A	G
26	6978019	G	T
27	6978027	G	A
28	6978034	C	T
29	6978035	G	A
30	6978066	T	G
31	6978097	T	C
32	6978175	T	C
33	6978188	T	G
34	6978219	G	A
35	6978331	A	G
36	6978478	G	A
37	6978624	C	T
38	6978698	G	A
39	6978797	G	A
40	6978801	C	G
41	6978829	C	T
42	6979023	G	A
43	6979053	A	T
44	6979129	A	G
45	6979154	G	A
46	6979170	C	T
47	6979190	C	T
48	6979191	G	A
49	6979281	C	G
50	6979322	C	T
51	6979375	A	G
52	6979432	G	A
53	6979505	A	G
54	6979575	T	C
55	6979714	C	T
56	6979717	G	A
57	6979750	C	T
58	6979769	C	A
59	6979774	A	G
60	6979836	G	T
61	6979932	G	A
62	6979958	A	T
63	6980132	G	A
64	6980154	G	T
65	6980235	T	C
66	6980236	G	A
67	6980254	G	A
68	6980569	A	G
69	6980586	T	C
70	6980591	C	T
71	6980636	G	T
72	6980693	G	A
73	6980841	G	A
74	6980874	G	T
75	6980938	G	T
76	6980997	C	T
77	6981000	C	T
78	6981020	G	C
79	6981061	A	G
80	6981107	A	T
81	6981146	A	G
82	6981159	G	C
83	6981231	A	G
84	6981283	T	C
85	6981286	C	T
86	6981428	C	T
87	6981432	T	C
88	6981439	T	A
89	6981449	T	C
90	6981483	T	A
91	6981525	G	C
92	6981530	T	G
93	6981546	C	T
94	6981614	A	C
95	6981622	C	T
96	6981736	T	C
97	6981767	C	T
98	6981772	A	G
99	6981780	T	C
100	6981782	G	A

