#read index (1-based)
#num_of_reads: 93
1	ERR002153.4004066
2	ERR002154.2659200
3	ERR002151.5002236
4	ERR002470.4010788
5	ERR002152.3838323
6	ERR002474.5793598
7	ERR002151.3286879
8	ERR002148.4117129
9	ERR002472.2633209
10	ERR002473.1655173
11	ERR002148.1647310
12	ERR002151.4222743
13	ERR002151.3380184
14	ERR002474.1980851
15	ERR002471.5602361
16	ERR002472.2430917
17	ERR002461.1776949
18	ERR002153.3075621
19	ERR002473.2076627
20	ERR002460.336703
21	ERR002473.2772154
22	ERR002152.4732035
23	ERR002153.1839002
24	ERR002150.683027
25	ERR002473.2602099
26	ERR002460.420993
27	ERR002470.1829726
28	ERR002150.3629037
29	ERR002153.1964129
30	ERR002469.4285276
31	ERR002470.3165247
32	ERR002468.5028295
33	ERR002469.2482614
34	ERR002461.2539820
35	ERR002153.4797064
36	ERR002469.1106324
37	ERR002472.2764674
38	ERR002472.1374420
39	ERR002473.5917123
40	ERR002473.3457064
41	ERR002471.3889605
42	ERR002154.2359784
43	ERR002150.1807058
44	ERR002474.877124
45	ERR002152.283373
46	ERR002468.2415997
47	ERR002149.1499293
48	ERR002151.4289411
49	ERR002152.1225635
50	ERR002468.263811
51	ERR002154.4808299
52	ERR002472.2699421
53	ERR002469.2666256
54	ERR002470.4982166
55	ERR002473.3363970
56	ERR002461.302440
57	ERR002473.2036281
58	ERR002472.6009782
59	ERR002152.2154115
60	ERR002148.3052179
61	ERR002460.2703293
62	ERR002151.2614776
63	ERR002468.551239
64	ERR002472.2018620
65	ERR002470.2887537
66	ERR002152.1691970
67	ERR002460.3046165
68	ERR002148.749283
69	ERR002470.2888462
70	ERR002461.140514
71	ERR002473.5475263
72	ERR002460.3514498
73	ERR002460.3740067
74	ERR002154.4991160
75	ERR002150.4536209
76	ERR002149.2051425
77	ERR002460.3300418
78	ERR002473.1613590
79	ERR002153.431308
80	ERR002150.2242096
81	ERR002148.756271
82	ERR002154.564698
83	ERR002472.4031213
84	ERR002154.2450705
85	ERR002474.4130732
86	ERR002468.5544510
87	ERR002469.3710134
88	ERR002148.949066
89	ERR002471.3007616
90	ERR002150.5361691
91	ERR002148.3057674
92	ERR002153.2667370
93	ERR002154.634633

#site index (1-based)
#num_of_sites: 100
1	6975892	A	G
2	6975898	C	T
3	6975941	G	A
4	6975947	A	C
5	6976003	A	C
6	6976019	G	A
7	6976101	G	A
8	6976116	C	T
9	6976345	G	A
10	6976683	G	A
11	6976691	G	A
12	6976716	G	A
13	6976736	C	G
14	6976851	T	C
15	6977184	T	A
16	6977224	C	T
17	6977335	C	T
18	6977362	G	A
19	6977385	T	G
20	6977519	A	G
21	6977543	T	G
22	6977757	G	T
23	6977764	G	C
24	6977778	G	A
25	6977978	A	G
26	6978019	G	T
27	6978027	G	A
28	6978034	C	T
29	6978035	G	A
30	6978066	T	G
31	6978097	T	C
32	6978175	T	C
33	6978188	T	G
34	6978219	G	A
35	6978331	A	G
36	6978478	G	A
37	6978624	C	T
38	6978698	G	A
39	6978797	G	A
40	6978801	C	G
41	6978829	C	T
42	6979023	G	A
43	6979053	A	T
44	6979129	A	G
45	6979154	G	A
46	6979170	C	T
47	6979190	C	T
48	6979191	G	A
49	6979281	C	G
50	6979322	C	T
51	6979375	A	G
52	6979432	G	A
53	6979505	A	G
54	6979575	T	C
55	6979714	C	T
56	6979717	G	A
57	6979750	C	T
58	6979769	C	A
59	6979774	A	G
60	6979836	G	T
61	6979932	G	A
62	6979958	A	T
63	6980132	G	A
64	6980154	G	T
65	6980235	T	C
66	6980236	G	A
67	6980254	G	A
68	6980569	A	G
69	6980586	T	C
70	6980591	C	T
71	6980636	G	T
72	6980693	G	A
73	6980841	G	A
74	6980874	G	T
75	6980938	G	T
76	6980997	C	T
77	6981000	C	T
78	6981020	G	C
79	6981061	A	G
80	6981107	A	T
81	6981146	A	G
82	6981159	G	C
83	6981231	A	G
84	6981283	T	C
85	6981286	C	T
86	6981428	C	T
87	6981432	T	C
88	6981439	T	A
89	6981449	T	C
90	6981483	T	A
91	6981525	G	C
92	6981530	T	G
93	6981546	C	T
94	6981614	A	C
95	6981622	C	T
96	6981736	T	C
97	6981767	C	T
98	6981772	A	G
99	6981780	T	C
100	6981782	G	A

