#read index (1-based)
#num_of_reads: 171
1	SRR035312.11678976
2	SRR075006.53342930
3	SRR075006.54682482
4	SRR035312.13396351
5	SRR035311.6893921
6	SRR075006.24956313
7	SRR075006.8156693
8	SRR075006.29105051
9	SRR075006.52213484
10	SRR035311.1315243
11	SRR075006.51296082
12	SRR075006.20698918
13	SRR075006.14450037
14	SRR075006.25358253
15	SRR035311.23539015
16	SRR035312.17942826
17	SRR035311.7780748
18	SRR035312.12018807
19	SRR075006.49462767
20	SRR075006.60338818
21	SRR035311.10050116
22	SRR075006.17268717
23	SRR075006.29191256
24	SRR035311.7124864
25	SRR075006.6824268
26	SRR075006.14579739
27	SRR035311.5224303
28	SRR035311.19647440
29	SRR075006.26639917
30	SRR075006.15340479
31	SRR075006.5600322
32	SRR075006.17123147
33	SRR075006.45356087
34	SRR035312.4624560
35	SRR035312.9016688
36	SRR075006.10352247
37	SRR035311.20622952
38	SRR075006.60616445
39	SRR035311.3569812
40	SRR035311.8590375
41	SRR075006.45654751
42	SRR075006.12773158
43	SRR035312.7452811
44	SRR075006.61962670
45	SRR075006.54236524
46	SRR035311.21557567
47	SRR075006.41450974
48	SRR035312.16585233
49	SRR035312.17799501
50	SRR075006.14492416
51	SRR035312.5697938
52	SRR075006.10260184
53	SRR075006.27697718
54	SRR075006.14540948
55	SRR075006.14230121
56	SRR075006.21835043
57	SRR075006.57328944
58	SRR035312.10445190
59	SRR075006.26198490
60	SRR075006.35498656
61	SRR075006.12184329
62	SRR075006.49336327
63	SRR035312.16832152
64	SRR075006.23735872
65	SRR035311.23264071
66	SRR075006.10045982
67	SRR035312.7147916
68	SRR035311.21001778
69	SRR035311.2611684
70	SRR075006.16471134
71	SRR035312.21968518
72	SRR035311.4395116
73	SRR035311.21890350
74	SRR075006.23684419
75	SRR035312.19608733
76	SRR035312.19559205
77	SRR035311.21228957
78	SRR035311.22614178
79	SRR075006.24958061
80	SRR035311.22188106
81	SRR075006.45684550
82	SRR075006.1681547
83	SRR035312.5696544
84	SRR075006.60041047
85	SRR035312.21671007
86	SRR035312.4834901
87	SRR035311.13795795
88	SRR075006.33077979
89	SRR075006.39234934
90	SRR035312.273796
91	SRR035311.15798835
92	SRR035312.5865821
93	SRR075006.6448380
94	SRR075006.58132108
95	SRR035311.21232012
96	SRR035311.16569609
97	SRR035311.398076
98	SRR035312.13078903
99	SRR075006.38279235
100	SRR035312.2569049
101	SRR035311.13891965
102	SRR075006.13567193
103	SRR035311.21321574
104	SRR075006.7370223
105	SRR035312.4168450
106	SRR075006.45360250
107	SRR075006.52667161
108	SRR035312.18167796
109	SRR035311.8138363
110	SRR035312.21440152
111	SRR075006.51757694
112	SRR035311.11430469
113	SRR035312.1938644
114	SRR035311.15373456
115	SRR075006.48586755
116	SRR035312.19865641
117	SRR075006.20186714
118	SRR035311.12658354
119	SRR035311.7923157
120	SRR075006.20305310
121	SRR035312.9760664
122	SRR035312.10533510
123	SRR035312.18424652
124	SRR075006.54779728
125	SRR035312.13216622
126	SRR035312.16929751
127	SRR075006.7053117
128	SRR035312.24675244
129	SRR075006.6382073
130	SRR075006.49056177
131	SRR075006.14447789
132	SRR075006.8139971
133	SRR075006.45407318
134	SRR075006.4108829
135	SRR035311.7756121
136	SRR075006.47757927
137	SRR075006.16612612
138	SRR035311.17723961
139	SRR075006.42049562
140	SRR075006.55305357
141	SRR075006.4445190
142	SRR035311.21754154
143	SRR035312.14229794
144	SRR075006.39493786
145	SRR075006.15842495
146	SRR075006.59801507
147	SRR035311.4221483
148	SRR035311.6951368
149	SRR075006.62122112
150	SRR075006.59054767
151	SRR075006.60856744
152	SRR035311.15169567
153	SRR075006.41078022
154	SRR035311.11476403
155	SRR035311.21087525
156	SRR075006.50651886
157	SRR035311.24135742
158	SRR075006.749152
159	SRR035311.11591658
160	SRR075006.48913153
161	SRR035312.13673773
162	SRR035311.10102416
163	SRR075006.43072570
164	SRR075006.20488111
165	SRR035311.11226131
166	SRR035312.1022263
167	SRR075006.31219838
168	SRR035312.15262338
169	SRR075006.48123717
170	SRR075006.11129009
171	SRR075006.57166930

#site index (1-based)
#num_of_sites: 100
1	6975892	A	G
2	6975898	C	T
3	6975941	G	A
4	6975947	A	C
5	6976003	A	C
6	6976019	G	A
7	6976101	G	A
8	6976116	C	T
9	6976345	G	A
10	6976683	G	A
11	6976691	G	A
12	6976716	G	A
13	6976736	C	G
14	6976851	T	C
15	6977184	T	A
16	6977224	C	T
17	6977335	C	T
18	6977362	G	A
19	6977385	T	G
20	6977519	A	G
21	6977543	T	G
22	6977757	G	T
23	6977764	G	C
24	6977778	G	A
25	6977978	A	G
26	6978019	G	T
27	6978027	G	A
28	6978034	C	T
29	6978035	G	A
30	6978066	T	G
31	6978097	T	C
32	6978175	T	C
33	6978188	T	G
34	6978219	G	A
35	6978331	A	G
36	6978478	G	A
37	6978624	C	T
38	6978698	G	A
39	6978797	G	A
40	6978801	C	G
41	6978829	C	T
42	6979023	G	A
43	6979053	A	T
44	6979129	A	G
45	6979154	G	A
46	6979170	C	T
47	6979190	C	T
48	6979191	G	A
49	6979281	C	G
50	6979322	C	T
51	6979375	A	G
52	6979432	G	A
53	6979505	A	G
54	6979575	T	C
55	6979714	C	T
56	6979717	G	A
57	6979750	C	T
58	6979769	C	A
59	6979774	A	G
60	6979836	G	T
61	6979932	G	A
62	6979958	A	T
63	6980132	G	A
64	6980154	G	T
65	6980235	T	C
66	6980236	G	A
67	6980254	G	A
68	6980569	A	G
69	6980586	T	C
70	6980591	C	T
71	6980636	G	T
72	6980693	G	A
73	6980841	G	A
74	6980874	G	T
75	6980938	G	T
76	6980997	C	T
77	6981000	C	T
78	6981020	G	C
79	6981061	A	G
80	6981107	A	T
81	6981146	A	G
82	6981159	G	C
83	6981231	A	G
84	6981283	T	C
85	6981286	C	T
86	6981428	C	T
87	6981432	T	C
88	6981439	T	A
89	6981449	T	C
90	6981483	T	A
91	6981525	G	C
92	6981530	T	G
93	6981546	C	T
94	6981614	A	C
95	6981622	C	T
96	6981736	T	C
97	6981767	C	T
98	6981772	A	G
99	6981780	T	C
100	6981782	G	A

