#read index (1-based)
#num_of_reads: 156
1	ERR009407.1265328
2	ERR009411.10066603
3	ERR009414.1907215
4	ERR009417.19806859
5	ERR009410.555217
6	ERR009410.12409332
7	ERR009417.11141725
8	ERR009414.1584983
9	ERR009407.12305237
10	ERR009407.5189271
11	ERR009410.3567329
12	ERR009407.9495223
13	ERR009414.9965914
14	ERR009414.6924015
15	ERR009411.1517036
16	ERR009410.8979683
17	ERR009410.15997285
18	ERR009417.3487322
19	ERR009414.5921294
20	ERR009414.13324077
21	ERR009410.13000377
22	ERR009407.11590065
23	ERR009410.13870766
24	ERR009414.11665773
25	ERR009411.1426489
26	ERR009417.17317158
27	ERR009410.16152133
28	ERR009411.1905275
29	ERR009417.8857624
30	ERR009414.8420970
31	ERR009407.17100976
32	ERR009410.3450768
33	ERR009410.16922517
34	ERR009410.11398203
35	ERR009407.7657764
36	ERR009417.18453046
37	ERR009414.4308937
38	ERR009410.3939932
39	ERR009417.3493253
40	ERR009411.5398303
41	ERR009407.6457469
42	ERR009411.7738179
43	ERR009411.6567483
44	ERR009414.5825344
45	ERR009407.11331964
46	ERR009407.6292563
47	ERR009410.11177183
48	ERR009407.18418700
49	ERR009414.11508965
50	ERR009417.11951796
51	ERR009417.15715675
52	ERR009411.836531
53	ERR009407.10924172
54	ERR009407.14656385
55	ERR009411.2510174
56	ERR009411.7427276
57	ERR009417.3243957
58	ERR009414.8882507
59	ERR009414.10796612
60	ERR009407.423960
61	ERR009417.12529065
62	ERR009407.1286342
63	ERR009411.5307775
64	ERR009417.30089
65	ERR009417.4489936
66	ERR009411.3149743
67	ERR009414.2303013
68	ERR009407.4558834
69	ERR009414.12217035
70	ERR009411.1347786
71	ERR009417.6228485
72	ERR009414.11918600
73	ERR009410.12438666
74	ERR009407.5885817
75	ERR009417.20920006
76	ERR009414.926447
77	ERR009414.4742562
78	ERR009407.17543950
79	ERR009410.8665916
80	ERR009410.7962303
81	ERR009417.16358077
82	ERR009410.13031814
83	ERR009407.1439555
84	ERR009407.8288769
85	ERR009407.8694347
86	ERR009410.6647561
87	ERR009411.3263882
88	ERR009417.18912536
89	ERR009411.2485549
90	ERR009417.2463738
91	ERR009407.1576421
92	ERR009410.9114960
93	ERR009410.6211565
94	ERR009410.10900919
95	ERR009417.944265
96	ERR009407.16964184
97	ERR009414.11982975
98	ERR009411.2152476
99	ERR009417.12176854
100	ERR009411.5722817
101	ERR009407.6344118
102	ERR009417.16295486
103	ERR009410.16633242
104	ERR009417.13862313
105	ERR009411.6505354
106	ERR009411.6895055
107	ERR009410.9490866
108	ERR009417.4549556
109	ERR009414.10776059
110	ERR009411.11444944
111	ERR009417.5215717
112	ERR009417.16033525
113	ERR009414.6231038
114	ERR009417.5175247
115	ERR009407.2143970
116	ERR009410.11568907
117	ERR009407.14185412
118	ERR009407.15527682
119	ERR009414.2751797
120	ERR009407.17016198
121	ERR009417.659976
122	ERR009414.8103438
123	ERR009410.3764301
124	ERR009417.18818833
125	ERR009407.1957150
126	ERR009417.19963985
127	ERR009410.15437914
128	ERR009410.4871543
129	ERR009417.5071938
130	ERR009407.13741202
131	ERR009407.18446327
132	ERR009411.2078650
133	ERR009417.17470200
134	ERR009407.8634665
135	ERR009411.577111
136	ERR009411.2777109
137	ERR009410.15398153
138	ERR009407.2206640
139	ERR009407.17119497
140	ERR009417.17442913
141	ERR009417.15062546
142	ERR009417.16107979
143	ERR009414.12972759
144	ERR009407.9662637
145	ERR009410.3996446
146	ERR009407.3648000
147	ERR009414.4010058
148	ERR009411.5208834
149	ERR009417.153927
150	ERR009414.8094931
151	ERR009411.7496945
152	ERR009407.504220
153	ERR009411.1626400
154	ERR009417.15148584
155	ERR009411.11197540
156	ERR009410.1406001

#site index (1-based)
#num_of_sites: 100
1	6975892	A	G
2	6975898	C	T
3	6975941	G	A
4	6975947	A	C
5	6976003	A	C
6	6976019	G	A
7	6976101	G	A
8	6976116	C	T
9	6976345	G	A
10	6976683	G	A
11	6976691	G	A
12	6976716	G	A
13	6976736	C	G
14	6976851	T	C
15	6977184	T	A
16	6977224	C	T
17	6977335	C	T
18	6977362	G	A
19	6977385	T	G
20	6977519	A	G
21	6977543	T	G
22	6977757	G	T
23	6977764	G	C
24	6977778	G	A
25	6977978	A	G
26	6978019	G	T
27	6978027	G	A
28	6978034	C	T
29	6978035	G	A
30	6978066	T	G
31	6978097	T	C
32	6978175	T	C
33	6978188	T	G
34	6978219	G	A
35	6978331	A	G
36	6978478	G	A
37	6978624	C	T
38	6978698	G	A
39	6978797	G	A
40	6978801	C	G
41	6978829	C	T
42	6979023	G	A
43	6979053	A	T
44	6979129	A	G
45	6979154	G	A
46	6979170	C	T
47	6979190	C	T
48	6979191	G	A
49	6979281	C	G
50	6979322	C	T
51	6979375	A	G
52	6979432	G	A
53	6979505	A	G
54	6979575	T	C
55	6979714	C	T
56	6979717	G	A
57	6979750	C	T
58	6979769	C	A
59	6979774	A	G
60	6979836	G	T
61	6979932	G	A
62	6979958	A	T
63	6980132	G	A
64	6980154	G	T
65	6980235	T	C
66	6980236	G	A
67	6980254	G	A
68	6980569	A	G
69	6980586	T	C
70	6980591	C	T
71	6980636	G	T
72	6980693	G	A
73	6980841	G	A
74	6980874	G	T
75	6980938	G	T
76	6980997	C	T
77	6981000	C	T
78	6981020	G	C
79	6981061	A	G
80	6981107	A	T
81	6981146	A	G
82	6981159	G	C
83	6981231	A	G
84	6981283	T	C
85	6981286	C	T
86	6981428	C	T
87	6981432	T	C
88	6981439	T	A
89	6981449	T	C
90	6981483	T	A
91	6981525	G	C
92	6981530	T	G
93	6981546	C	T
94	6981614	A	C
95	6981622	C	T
96	6981736	T	C
97	6981767	C	T
98	6981772	A	G
99	6981780	T	C
100	6981782	G	A

